{"/Users/carlolsen/Dev/screeps/proto-all.js":{"path":"/Users/carlolsen/Dev/screeps/proto-all.js","s":{"1":1,"2":1,"3":1,"4":1,"5":1,"6":1,"7":1,"8":1,"9":1},"b":{},"f":{},"fnMap":{},"statementMap":{"1":{"start":{"line":1,"column":0},"end":{"line":1,"column":23}},"2":{"start":{"line":2,"column":0},"end":{"line":2,"column":22}},"3":{"start":{"line":3,"column":0},"end":{"line":3,"column":22}},"4":{"start":{"line":4,"column":0},"end":{"line":4,"column":23}},"5":{"start":{"line":5,"column":0},"end":{"line":5,"column":31}},"6":{"start":{"line":7,"column":0},"end":{"line":7,"column":49}},"7":{"start":{"line":8,"column":0},"end":{"line":8,"column":46}},"8":{"start":{"line":9,"column":0},"end":{"line":9,"column":46}},"9":{"start":{"line":10,"column":0},"end":{"line":10,"column":56}}},"branchMap":{}},"/Users/carlolsen/Dev/screeps/proto-creep.js":{"path":"/Users/carlolsen/Dev/screeps/proto-creep.js","s":{"1":1,"2":1,"3":1,"4":0,"5":0,"6":0,"7":0,"8":0,"9":0,"10":0,"11":0,"12":0,"13":0,"14":0,"15":0,"16":0,"17":0,"18":0,"19":0,"20":0,"21":0,"22":0,"23":0,"24":0,"25":0,"26":0,"27":1,"28":5,"29":2,"30":5,"31":1,"32":3,"33":3,"34":3,"35":2,"36":3,"37":1,"38":11,"39":3,"40":11,"41":1,"42":4,"43":1,"44":4,"45":4,"46":1,"47":3,"48":1,"49":1,"50":1,"51":0,"52":0,"53":0,"54":1,"55":0,"56":0,"57":0},"b":{"1":[0,0],"2":[0,0],"3":[0,0],"4":[0,0],"5":[0,0],"6":[0,0],"7":[0,0],"8":[0,0],"9":[2,3],"10":[2,1],"11":[3,2],"12":[3,8],"13":[1,3],"14":[1,3],"15":[0,0],"16":[0,0]},"f":{"1":0,"2":5,"3":3,"4":11,"5":4,"6":1,"7":0,"8":0},"fnMap":{"1":{"name":"(anonymous_1)","line":7,"loc":{"start":{"line":7,"column":22},"end":{"line":7,"column":33}}},"2":{"name":"(anonymous_2)","line":63,"loc":{"start":{"line":63,"column":23},"end":{"line":63,"column":38}}},"3":{"name":"(anonymous_3)","line":70,"loc":{"start":{"line":70,"column":23},"end":{"line":70,"column":34}}},"4":{"name":"(anonymous_4)","line":79,"loc":{"start":{"line":79,"column":24},"end":{"line":79,"column":37}}},"5":{"name":"(anonymous_5)","line":86,"loc":{"start":{"line":86,"column":22},"end":{"line":86,"column":36}}},"6":{"name":"(anonymous_6)","line":97,"loc":{"start":{"line":97,"column":27},"end":{"line":97,"column":38}}},"7":{"name":"(anonymous_7)","line":102,"loc":{"start":{"line":102,"column":27},"end":{"line":102,"column":46}}},"8":{"name":"(anonymous_8)","line":110,"loc":{"start":{"line":110,"column":25},"end":{"line":110,"column":41}}}},"statementMap":{"1":{"start":{"line":3,"column":0},"end":{"line":3,"column":29}},"2":{"start":{"line":5,"column":0},"end":{"line":5,"column":45}},"3":{"start":{"line":7,"column":0},"end":{"line":61,"column":2}},"4":{"start":{"line":8,"column":4},"end":{"line":8,"column":26}},"5":{"start":{"line":9,"column":4},"end":{"line":9,"column":27}},"6":{"start":{"line":10,"column":4},"end":{"line":10,"column":25}},"7":{"start":{"line":11,"column":4},"end":{"line":20,"column":5}},"8":{"start":{"line":12,"column":8},"end":{"line":17,"column":9}},"9":{"start":{"line":13,"column":12},"end":{"line":13,"column":29}},"10":{"start":{"line":14,"column":12},"end":{"line":14,"column":45}},"11":{"start":{"line":15,"column":12},"end":{"line":15,"column":49}},"12":{"start":{"line":16,"column":12},"end":{"line":16,"column":24}},"13":{"start":{"line":18,"column":8},"end":{"line":18,"column":41}},"14":{"start":{"line":19,"column":8},"end":{"line":19,"column":46}},"15":{"start":{"line":22,"column":4},"end":{"line":49,"column":5}},"16":{"start":{"line":23,"column":8},"end":{"line":23,"column":41}},"17":{"start":{"line":24,"column":8},"end":{"line":24,"column":39}},"18":{"start":{"line":25,"column":8},"end":{"line":27,"column":9}},"19":{"start":{"line":26,"column":12},"end":{"line":26,"column":38}},"20":{"start":{"line":32,"column":8},"end":{"line":34,"column":9}},"21":{"start":{"line":33,"column":12},"end":{"line":33,"column":37}},"22":{"start":{"line":35,"column":8},"end":{"line":35,"column":31}},"23":{"start":{"line":37,"column":8},"end":{"line":48,"column":9}},"24":{"start":{"line":38,"column":12},"end":{"line":38,"column":62}},"25":{"start":{"line":39,"column":12},"end":{"line":47,"column":13}},"26":{"start":{"line":40,"column":16},"end":{"line":46,"column":25}},"27":{"start":{"line":63,"column":0},"end":{"line":68,"column":2}},"28":{"start":{"line":64,"column":4},"end":{"line":66,"column":5}},"29":{"start":{"line":65,"column":8},"end":{"line":65,"column":32}},"30":{"start":{"line":67,"column":4},"end":{"line":67,"column":28}},"31":{"start":{"line":70,"column":0},"end":{"line":77,"column":2}},"32":{"start":{"line":71,"column":4},"end":{"line":71,"column":25}},"33":{"start":{"line":72,"column":4},"end":{"line":72,"column":13}},"34":{"start":{"line":73,"column":4},"end":{"line":75,"column":5}},"35":{"start":{"line":74,"column":8},"end":{"line":74,"column":26}},"36":{"start":{"line":76,"column":4},"end":{"line":76,"column":35}},"37":{"start":{"line":79,"column":0},"end":{"line":84,"column":2}},"38":{"start":{"line":80,"column":4},"end":{"line":82,"column":5}},"39":{"start":{"line":81,"column":8},"end":{"line":81,"column":42}},"40":{"start":{"line":83,"column":4},"end":{"line":83,"column":40}},"41":{"start":{"line":86,"column":0},"end":{"line":95,"column":2}},"42":{"start":{"line":87,"column":4},"end":{"line":89,"column":5}},"43":{"start":{"line":88,"column":8},"end":{"line":88,"column":27}},"44":{"start":{"line":90,"column":4},"end":{"line":90,"column":29}},"45":{"start":{"line":91,"column":4},"end":{"line":93,"column":5}},"46":{"start":{"line":92,"column":8},"end":{"line":92,"column":21}},"47":{"start":{"line":94,"column":4},"end":{"line":94,"column":42}},"48":{"start":{"line":97,"column":0},"end":{"line":99,"column":2}},"49":{"start":{"line":98,"column":4},"end":{"line":98,"column":45}},"50":{"start":{"line":102,"column":0},"end":{"line":107,"column":2}},"51":{"start":{"line":103,"column":4},"end":{"line":105,"column":5}},"52":{"start":{"line":104,"column":8},"end":{"line":104,"column":40}},"53":{"start":{"line":106,"column":4},"end":{"line":106,"column":32}},"54":{"start":{"line":110,"column":0},"end":{"line":115,"column":2}},"55":{"start":{"line":111,"column":4},"end":{"line":113,"column":5}},"56":{"start":{"line":112,"column":8},"end":{"line":112,"column":36}},"57":{"start":{"line":114,"column":4},"end":{"line":114,"column":31}}},"branchMap":{"1":{"line":11,"type":"if","locations":[{"start":{"line":11,"column":4},"end":{"line":11,"column":4}},{"start":{"line":11,"column":4},"end":{"line":11,"column":4}}]},"2":{"line":12,"type":"if","locations":[{"start":{"line":12,"column":8},"end":{"line":12,"column":8}},{"start":{"line":12,"column":8},"end":{"line":12,"column":8}}]},"3":{"line":12,"type":"binary-expr","locations":[{"start":{"line":12,"column":12},"end":{"line":12,"column":15}},{"start":{"line":12,"column":19},"end":{"line":12,"column":46}}]},"4":{"line":22,"type":"if","locations":[{"start":{"line":22,"column":4},"end":{"line":22,"column":4}},{"start":{"line":22,"column":4},"end":{"line":22,"column":4}}]},"5":{"line":25,"type":"if","locations":[{"start":{"line":25,"column":8},"end":{"line":25,"column":8}},{"start":{"line":25,"column":8},"end":{"line":25,"column":8}}]},"6":{"line":32,"type":"if","locations":[{"start":{"line":32,"column":8},"end":{"line":32,"column":8}},{"start":{"line":32,"column":8},"end":{"line":32,"column":8}}]},"7":{"line":37,"type":"if","locations":[{"start":{"line":37,"column":8},"end":{"line":37,"column":8}},{"start":{"line":37,"column":8},"end":{"line":37,"column":8}}]},"8":{"line":39,"type":"if","locations":[{"start":{"line":39,"column":12},"end":{"line":39,"column":12}},{"start":{"line":39,"column":12},"end":{"line":39,"column":12}}]},"9":{"line":64,"type":"if","locations":[{"start":{"line":64,"column":4},"end":{"line":64,"column":4}},{"start":{"line":64,"column":4},"end":{"line":64,"column":4}}]},"10":{"line":73,"type":"if","locations":[{"start":{"line":73,"column":4},"end":{"line":73,"column":4}},{"start":{"line":73,"column":4},"end":{"line":73,"column":4}}]},"11":{"line":76,"type":"binary-expr","locations":[{"start":{"line":76,"column":11},"end":{"line":76,"column":15}},{"start":{"line":76,"column":19},"end":{"line":76,"column":34}}]},"12":{"line":80,"type":"if","locations":[{"start":{"line":80,"column":4},"end":{"line":80,"column":4}},{"start":{"line":80,"column":4},"end":{"line":80,"column":4}}]},"13":{"line":87,"type":"if","locations":[{"start":{"line":87,"column":4},"end":{"line":87,"column":4}},{"start":{"line":87,"column":4},"end":{"line":87,"column":4}}]},"14":{"line":91,"type":"if","locations":[{"start":{"line":91,"column":4},"end":{"line":91,"column":4}},{"start":{"line":91,"column":4},"end":{"line":91,"column":4}}]},"15":{"line":103,"type":"if","locations":[{"start":{"line":103,"column":4},"end":{"line":103,"column":4}},{"start":{"line":103,"column":4},"end":{"line":103,"column":4}}]},"16":{"line":111,"type":"if","locations":[{"start":{"line":111,"column":4},"end":{"line":111,"column":4}},{"start":{"line":111,"column":4},"end":{"line":111,"column":4}}]}}},"/Users/carlolsen/Dev/screeps/roles.js":{"path":"/Users/carlolsen/Dev/screeps/roles.js","s":{"1":1,"2":1},"b":{},"f":{},"fnMap":{},"statementMap":{"1":{"start":{"line":3,"column":0},"end":{"line":10,"column":2}},"2":{"start":{"line":12,"column":0},"end":{"line":12,"column":23}}},"branchMap":{}},"/Users/carlolsen/Dev/screeps/mixin-job-target.js":{"path":"/Users/carlolsen/Dev/screeps/mixin-job-target.js","s":{"1":1,"2":0,"3":0,"4":0,"5":0,"6":1,"7":0,"8":0,"9":0,"10":0,"11":0,"12":0,"13":0,"14":0,"15":0,"16":0,"17":0,"18":0,"19":1,"20":0,"21":0,"22":0,"23":1,"24":0,"25":0,"26":0,"27":0,"28":1,"29":0,"30":0,"31":1,"32":0,"33":0,"34":0,"35":0,"36":0,"37":0,"38":0,"39":0,"40":0,"41":1,"42":0,"43":0,"44":0,"45":0,"46":0,"47":0,"48":0,"49":0,"50":0,"51":0,"52":1,"53":7,"54":7,"55":7,"56":7,"57":7,"58":7,"59":7,"60":1},"b":{"1":[0,0],"2":[0,0],"3":[0,0],"4":[0,0],"5":[0,0],"6":[0,0],"7":[0,0],"8":[0,0],"9":[0,0]},"f":{"1":0,"2":0,"3":0,"4":0,"5":0,"6":0,"7":0,"8":7},"fnMap":{"1":{"name":"(anonymous_1)","line":4,"loc":{"start":{"line":4,"column":21},"end":{"line":4,"column":32}}},"2":{"name":"(anonymous_2)","line":13,"loc":{"start":{"line":13,"column":19},"end":{"line":13,"column":36}}},"3":{"name":"(anonymous_3)","line":38,"loc":{"start":{"line":38,"column":21},"end":{"line":38,"column":37}}},"4":{"name":"(anonymous_4)","line":47,"loc":{"start":{"line":47,"column":24},"end":{"line":47,"column":40}}},"5":{"name":"(anonymous_5)","line":57,"loc":{"start":{"line":57,"column":22},"end":{"line":57,"column":38}}},"6":{"name":"(anonymous_6)","line":63,"loc":{"start":{"line":63,"column":24},"end":{"line":63,"column":39}}},"7":{"name":"(anonymous_7)","line":83,"loc":{"start":{"line":83,"column":27},"end":{"line":83,"column":42}}},"8":{"name":"(anonymous_8)","line":102,"loc":{"start":{"line":102,"column":16},"end":{"line":102,"column":30}}}},"statementMap":{"1":{"start":{"line":4,"column":0},"end":{"line":10,"column":2}},"2":{"start":{"line":5,"column":4},"end":{"line":5,"column":54}},"3":{"start":{"line":6,"column":4},"end":{"line":8,"column":5}},"4":{"start":{"line":7,"column":8},"end":{"line":7,"column":33}},"5":{"start":{"line":9,"column":4},"end":{"line":9,"column":31}},"6":{"start":{"line":13,"column":0},"end":{"line":35,"column":2}},"7":{"start":{"line":15,"column":4},"end":{"line":15,"column":18}},"8":{"start":{"line":16,"column":4},"end":{"line":16,"column":36}},"9":{"start":{"line":17,"column":4},"end":{"line":17,"column":38}},"10":{"start":{"line":18,"column":4},"end":{"line":29,"column":5}},"11":{"start":{"line":19,"column":8},"end":{"line":19,"column":24}},"12":{"start":{"line":20,"column":8},"end":{"line":20,"column":34}},"13":{"start":{"line":22,"column":8},"end":{"line":28,"column":9}},"14":{"start":{"line":23,"column":12},"end":{"line":23,"column":27}},"15":{"start":{"line":27,"column":12},"end":{"line":27,"column":29}},"16":{"start":{"line":31,"column":4},"end":{"line":33,"column":5}},"17":{"start":{"line":32,"column":8},"end":{"line":32,"column":35}},"18":{"start":{"line":34,"column":4},"end":{"line":34,"column":16}},"19":{"start":{"line":38,"column":0},"end":{"line":44,"column":2}},"20":{"start":{"line":39,"column":4},"end":{"line":39,"column":39}},"21":{"start":{"line":41,"column":4},"end":{"line":43,"column":5}},"22":{"start":{"line":42,"column":8},"end":{"line":42,"column":27}},"23":{"start":{"line":47,"column":0},"end":{"line":54,"column":2}},"24":{"start":{"line":48,"column":4},"end":{"line":48,"column":39}},"25":{"start":{"line":50,"column":4},"end":{"line":50,"column":38}},"26":{"start":{"line":51,"column":4},"end":{"line":53,"column":5}},"27":{"start":{"line":52,"column":8},"end":{"line":52,"column":32}},"28":{"start":{"line":57,"column":0},"end":{"line":60,"column":2}},"29":{"start":{"line":58,"column":4},"end":{"line":58,"column":44}},"30":{"start":{"line":59,"column":4},"end":{"line":59,"column":44}},"31":{"start":{"line":63,"column":0},"end":{"line":80,"column":2}},"32":{"start":{"line":64,"column":4},"end":{"line":64,"column":36}},"33":{"start":{"line":65,"column":4},"end":{"line":77,"column":5}},"34":{"start":{"line":66,"column":8},"end":{"line":66,"column":24}},"35":{"start":{"line":67,"column":8},"end":{"line":67,"column":46}},"36":{"start":{"line":68,"column":8},"end":{"line":76,"column":9}},"37":{"start":{"line":69,"column":12},"end":{"line":71,"column":13}},"38":{"start":{"line":70,"column":16},"end":{"line":70,"column":28}},"39":{"start":{"line":75,"column":12},"end":{"line":75,"column":29}},"40":{"start":{"line":79,"column":4},"end":{"line":79,"column":17}},"41":{"start":{"line":83,"column":0},"end":{"line":100,"column":2}},"42":{"start":{"line":84,"column":4},"end":{"line":84,"column":36}},"43":{"start":{"line":85,"column":4},"end":{"line":85,"column":18}},"44":{"start":{"line":86,"column":4},"end":{"line":98,"column":5}},"45":{"start":{"line":87,"column":8},"end":{"line":87,"column":24}},"46":{"start":{"line":88,"column":8},"end":{"line":88,"column":46}},"47":{"start":{"line":89,"column":8},"end":{"line":97,"column":9}},"48":{"start":{"line":90,"column":12},"end":{"line":92,"column":13}},"49":{"start":{"line":91,"column":16},"end":{"line":91,"column":24}},"50":{"start":{"line":96,"column":12},"end":{"line":96,"column":29}},"51":{"start":{"line":99,"column":4},"end":{"line":99,"column":17}},"52":{"start":{"line":102,"column":0},"end":{"line":110,"column":2}},"53":{"start":{"line":103,"column":4},"end":{"line":103,"column":40}},"54":{"start":{"line":104,"column":4},"end":{"line":104,"column":36}},"55":{"start":{"line":105,"column":4},"end":{"line":105,"column":40}},"56":{"start":{"line":106,"column":4},"end":{"line":106,"column":46}},"57":{"start":{"line":107,"column":4},"end":{"line":107,"column":42}},"58":{"start":{"line":108,"column":4},"end":{"line":108,"column":46}},"59":{"start":{"line":109,"column":4},"end":{"line":109,"column":52}},"60":{"start":{"line":112,"column":0},"end":{"line":112,"column":27}}},"branchMap":{"1":{"line":6,"type":"if","locations":[{"start":{"line":6,"column":4},"end":{"line":6,"column":4}},{"start":{"line":6,"column":4},"end":{"line":6,"column":4}}]},"2":{"line":22,"type":"if","locations":[{"start":{"line":22,"column":8},"end":{"line":22,"column":8}},{"start":{"line":22,"column":8},"end":{"line":22,"column":8}}]},"3":{"line":31,"type":"if","locations":[{"start":{"line":31,"column":4},"end":{"line":31,"column":4}},{"start":{"line":31,"column":4},"end":{"line":31,"column":4}}]},"4":{"line":41,"type":"if","locations":[{"start":{"line":41,"column":4},"end":{"line":41,"column":4}},{"start":{"line":41,"column":4},"end":{"line":41,"column":4}}]},"5":{"line":51,"type":"if","locations":[{"start":{"line":51,"column":4},"end":{"line":51,"column":4}},{"start":{"line":51,"column":4},"end":{"line":51,"column":4}}]},"6":{"line":68,"type":"if","locations":[{"start":{"line":68,"column":8},"end":{"line":68,"column":8}},{"start":{"line":68,"column":8},"end":{"line":68,"column":8}}]},"7":{"line":69,"type":"if","locations":[{"start":{"line":69,"column":12},"end":{"line":69,"column":12}},{"start":{"line":69,"column":12},"end":{"line":69,"column":12}}]},"8":{"line":89,"type":"if","locations":[{"start":{"line":89,"column":8},"end":{"line":89,"column":8}},{"start":{"line":89,"column":8},"end":{"line":89,"column":8}}]},"9":{"line":90,"type":"if","locations":[{"start":{"line":90,"column":12},"end":{"line":90,"column":12}},{"start":{"line":90,"column":12},"end":{"line":90,"column":12}}]}}},"/Users/carlolsen/Dev/screeps/proto-flag.js":{"path":"/Users/carlolsen/Dev/screeps/proto-flag.js","s":{"1":1,"2":1,"3":0,"4":0,"5":0,"6":1,"7":0,"8":0,"9":0,"10":0,"11":0,"12":0,"13":0,"14":1,"15":0,"16":0,"17":0,"18":0,"19":0,"20":0,"21":0,"22":0,"23":1,"24":0,"25":0,"26":0,"27":0,"28":0,"29":0,"30":0,"31":1,"32":0,"33":0,"34":0,"35":0,"36":0,"37":0,"38":0,"39":1,"40":0,"41":0,"42":0,"43":0,"44":0,"45":1,"46":0,"47":0,"48":0,"49":0,"50":0,"51":0,"52":0,"53":0,"54":0,"55":1,"56":0,"57":0,"58":0,"59":0,"60":0,"61":1,"62":0,"63":0,"64":0,"65":0,"66":0,"67":0,"68":0,"69":1,"70":0,"71":0,"72":0,"73":0,"74":0,"75":1,"76":0,"77":0,"78":0,"79":0,"80":0,"81":1,"82":0,"83":0,"84":0,"85":0,"86":0,"87":0,"88":0,"89":0,"90":0,"91":1,"92":0,"93":0,"94":0,"95":0,"96":0,"97":0,"98":0,"99":1,"100":0,"101":0,"102":0,"103":0,"104":0,"105":0,"106":0,"107":1,"108":0,"109":0,"110":0,"111":0,"112":0,"113":0,"114":0},"b":{"1":[0,0],"2":[0,0],"3":[0,0],"4":[0,0],"5":[0,0],"6":[0,0],"7":[0,0],"8":[0,0],"9":[0,0],"10":[0,0],"11":[0,0],"12":[0,0],"13":[0,0],"14":[0,0],"15":[0,0],"16":[0,0],"17":[0,0],"18":[0,0],"19":[0,0],"20":[0,0],"21":[0,0],"22":[0,0],"23":[0,0],"24":[0,0],"25":[0,0],"26":[0,0],"27":[0,0],"28":[0,0],"29":[0,0],"30":[0,0],"31":[0,0],"32":[0,0],"33":[0,0],"34":[0,0],"35":[0,0],"36":[0,0],"37":[0,0],"38":[0,0],"39":[0,0]},"f":{"1":0,"2":0,"3":0,"4":0,"5":0,"6":0,"7":0,"8":0,"9":0,"10":0,"11":0,"12":0,"13":0,"14":0,"15":0,"16":0,"17":0,"18":0,"19":0},"fnMap":{"1":{"name":"(anonymous_1)","line":5,"loc":{"start":{"line":5,"column":22},"end":{"line":5,"column":37}}},"2":{"name":"(anonymous_2)","line":13,"loc":{"start":{"line":13,"column":26},"end":{"line":13,"column":42}}},"3":{"name":"(anonymous_3)","line":25,"loc":{"start":{"line":25,"column":28},"end":{"line":25,"column":39}}},"4":{"name":"(anonymous_4)","line":29,"loc":{"start":{"line":29,"column":33},"end":{"line":29,"column":46}}},"5":{"name":"(anonymous_5)","line":39,"loc":{"start":{"line":39,"column":29},"end":{"line":39,"column":45}}},"6":{"name":"(anonymous_6)","line":51,"loc":{"start":{"line":51,"column":24},"end":{"line":51,"column":35}}},"7":{"name":"(anonymous_7)","line":55,"loc":{"start":{"line":55,"column":29},"end":{"line":55,"column":42}}},"8":{"name":"(anonymous_8)","line":60,"loc":{"start":{"line":60,"column":11},"end":{"line":60,"column":24}}},"9":{"name":"(anonymous_9)","line":66,"loc":{"start":{"line":66,"column":31},"end":{"line":66,"column":50}}},"10":{"name":"(anonymous_10)","line":79,"loc":{"start":{"line":79,"column":26},"end":{"line":79,"column":39}}},"11":{"name":"(anonymous_11)","line":94,"loc":{"start":{"line":94,"column":24},"end":{"line":94,"column":41}}},"12":{"name":"(anonymous_12)","line":104,"loc":{"start":{"line":104,"column":34},"end":{"line":104,"column":50}}},"13":{"name":"(anonymous_13)","line":122,"loc":{"start":{"line":122,"column":31},"end":{"line":122,"column":46}}},"14":{"name":"(anonymous_14)","line":133,"loc":{"start":{"line":133,"column":30},"end":{"line":133,"column":46}}},"15":{"name":"(anonymous_15)","line":145,"loc":{"start":{"line":145,"column":35},"end":{"line":145,"column":46}}},"16":{"name":"(anonymous_16)","line":169,"loc":{"start":{"line":169,"column":27},"end":{"line":169,"column":43}}},"17":{"name":"(anonymous_17)","line":181,"loc":{"start":{"line":181,"column":29},"end":{"line":181,"column":40}}},"18":{"name":"(anonymous_18)","line":185,"loc":{"start":{"line":185,"column":33},"end":{"line":185,"column":46}}},"19":{"name":"(anonymous_19)","line":195,"loc":{"start":{"line":195,"column":30},"end":{"line":195,"column":46}}}},"statementMap":{"1":{"start":{"line":3,"column":0},"end":{"line":3,"column":44}},"2":{"start":{"line":5,"column":0},"end":{"line":10,"column":2}},"3":{"start":{"line":6,"column":4},"end":{"line":8,"column":5}},"4":{"start":{"line":7,"column":8},"end":{"line":7,"column":32}},"5":{"start":{"line":9,"column":4},"end":{"line":9,"column":28}},"6":{"start":{"line":13,"column":0},"end":{"line":23,"column":2}},"7":{"start":{"line":14,"column":4},"end":{"line":16,"column":5}},"8":{"start":{"line":15,"column":8},"end":{"line":15,"column":21}},"9":{"start":{"line":17,"column":4},"end":{"line":21,"column":5}},"10":{"start":{"line":18,"column":8},"end":{"line":18,"column":38}},"11":{"start":{"line":19,"column":11},"end":{"line":21,"column":5}},"12":{"start":{"line":20,"column":8},"end":{"line":20,"column":34}},"13":{"start":{"line":22,"column":4},"end":{"line":22,"column":33}},"14":{"start":{"line":25,"column":0},"end":{"line":37,"column":2}},"15":{"start":{"line":26,"column":4},"end":{"line":28,"column":5}},"16":{"start":{"line":27,"column":8},"end":{"line":27,"column":21}},"17":{"start":{"line":29,"column":4},"end":{"line":35,"column":7}},"18":{"start":{"line":30,"column":8},"end":{"line":33,"column":9}},"19":{"start":{"line":31,"column":12},"end":{"line":31,"column":34}},"20":{"start":{"line":32,"column":12},"end":{"line":32,"column":65}},"21":{"start":{"line":34,"column":8},"end":{"line":34,"column":21}},"22":{"start":{"line":36,"column":4},"end":{"line":36,"column":23}},"23":{"start":{"line":39,"column":0},"end":{"line":49,"column":2}},"24":{"start":{"line":40,"column":4},"end":{"line":42,"column":5}},"25":{"start":{"line":41,"column":8},"end":{"line":41,"column":21}},"26":{"start":{"line":43,"column":4},"end":{"line":47,"column":5}},"27":{"start":{"line":44,"column":8},"end":{"line":44,"column":41}},"28":{"start":{"line":45,"column":11},"end":{"line":47,"column":5}},"29":{"start":{"line":46,"column":8},"end":{"line":46,"column":38}},"30":{"start":{"line":48,"column":4},"end":{"line":48,"column":36}},"31":{"start":{"line":51,"column":0},"end":{"line":63,"column":2}},"32":{"start":{"line":52,"column":4},"end":{"line":54,"column":5}},"33":{"start":{"line":53,"column":8},"end":{"line":53,"column":21}},"34":{"start":{"line":55,"column":4},"end":{"line":62,"column":7}},"35":{"start":{"line":56,"column":8},"end":{"line":58,"column":9}},"36":{"start":{"line":57,"column":12},"end":{"line":57,"column":58}},"37":{"start":{"line":59,"column":8},"end":{"line":59,"column":21}},"38":{"start":{"line":61,"column":8},"end":{"line":61,"column":28}},"39":{"start":{"line":66,"column":0},"end":{"line":74,"column":2}},"40":{"start":{"line":67,"column":4},"end":{"line":69,"column":5}},"41":{"start":{"line":68,"column":8},"end":{"line":68,"column":21}},"42":{"start":{"line":70,"column":4},"end":{"line":72,"column":5}},"43":{"start":{"line":71,"column":8},"end":{"line":71,"column":46}},"44":{"start":{"line":73,"column":4},"end":{"line":73,"column":38}},"45":{"start":{"line":79,"column":0},"end":{"line":92,"column":2}},"46":{"start":{"line":80,"column":4},"end":{"line":82,"column":5}},"47":{"start":{"line":81,"column":8},"end":{"line":81,"column":21}},"48":{"start":{"line":83,"column":4},"end":{"line":90,"column":5}},"49":{"start":{"line":84,"column":8},"end":{"line":84,"column":35}},"50":{"start":{"line":85,"column":11},"end":{"line":90,"column":5}},"51":{"start":{"line":86,"column":8},"end":{"line":86,"column":60}},"52":{"start":{"line":87,"column":8},"end":{"line":89,"column":9}},"53":{"start":{"line":88,"column":12},"end":{"line":88,"column":50}},"54":{"start":{"line":91,"column":4},"end":{"line":91,"column":33}},"55":{"start":{"line":94,"column":0},"end":{"line":102,"column":2}},"56":{"start":{"line":95,"column":4},"end":{"line":97,"column":5}},"57":{"start":{"line":96,"column":8},"end":{"line":96,"column":21}},"58":{"start":{"line":98,"column":4},"end":{"line":100,"column":5}},"59":{"start":{"line":99,"column":8},"end":{"line":99,"column":33}},"60":{"start":{"line":101,"column":4},"end":{"line":101,"column":47}},"61":{"start":{"line":104,"column":0},"end":{"line":115,"column":2}},"62":{"start":{"line":105,"column":4},"end":{"line":107,"column":5}},"63":{"start":{"line":106,"column":8},"end":{"line":106,"column":21}},"64":{"start":{"line":108,"column":4},"end":{"line":110,"column":5}},"65":{"start":{"line":109,"column":8},"end":{"line":109,"column":44}},"66":{"start":{"line":111,"column":4},"end":{"line":113,"column":5}},"67":{"start":{"line":112,"column":8},"end":{"line":112,"column":48}},"68":{"start":{"line":114,"column":4},"end":{"line":114,"column":43}},"69":{"start":{"line":122,"column":0},"end":{"line":130,"column":2}},"70":{"start":{"line":123,"column":4},"end":{"line":125,"column":5}},"71":{"start":{"line":124,"column":8},"end":{"line":124,"column":21}},"72":{"start":{"line":126,"column":4},"end":{"line":128,"column":5}},"73":{"start":{"line":127,"column":8},"end":{"line":127,"column":43}},"74":{"start":{"line":129,"column":4},"end":{"line":129,"column":39}},"75":{"start":{"line":133,"column":0},"end":{"line":141,"column":2}},"76":{"start":{"line":134,"column":4},"end":{"line":136,"column":5}},"77":{"start":{"line":135,"column":8},"end":{"line":135,"column":21}},"78":{"start":{"line":137,"column":4},"end":{"line":139,"column":5}},"79":{"start":{"line":138,"column":8},"end":{"line":138,"column":43}},"80":{"start":{"line":140,"column":4},"end":{"line":140,"column":38}},"81":{"start":{"line":145,"column":0},"end":{"line":164,"column":2}},"82":{"start":{"line":146,"column":4},"end":{"line":148,"column":5}},"83":{"start":{"line":147,"column":8},"end":{"line":147,"column":21}},"84":{"start":{"line":150,"column":4},"end":{"line":150,"column":43}},"85":{"start":{"line":153,"column":4},"end":{"line":155,"column":5}},"86":{"start":{"line":154,"column":8},"end":{"line":154,"column":20}},"87":{"start":{"line":157,"column":4},"end":{"line":160,"column":5}},"88":{"start":{"line":158,"column":8},"end":{"line":158,"column":63}},"89":{"start":{"line":159,"column":8},"end":{"line":159,"column":45}},"90":{"start":{"line":162,"column":4},"end":{"line":162,"column":13}},"91":{"start":{"line":169,"column":0},"end":{"line":179,"column":2}},"92":{"start":{"line":170,"column":4},"end":{"line":172,"column":5}},"93":{"start":{"line":171,"column":8},"end":{"line":171,"column":21}},"94":{"start":{"line":173,"column":4},"end":{"line":177,"column":5}},"95":{"start":{"line":174,"column":8},"end":{"line":174,"column":39}},"96":{"start":{"line":175,"column":11},"end":{"line":177,"column":5}},"97":{"start":{"line":176,"column":8},"end":{"line":176,"column":35}},"98":{"start":{"line":178,"column":4},"end":{"line":178,"column":34}},"99":{"start":{"line":181,"column":0},"end":{"line":192,"column":2}},"100":{"start":{"line":182,"column":4},"end":{"line":184,"column":5}},"101":{"start":{"line":183,"column":8},"end":{"line":183,"column":21}},"102":{"start":{"line":185,"column":4},"end":{"line":190,"column":7}},"103":{"start":{"line":186,"column":8},"end":{"line":188,"column":9}},"104":{"start":{"line":187,"column":12},"end":{"line":187,"column":43}},"105":{"start":{"line":189,"column":8},"end":{"line":189,"column":21}},"106":{"start":{"line":191,"column":4},"end":{"line":191,"column":23}},"107":{"start":{"line":195,"column":0},"end":{"line":205,"column":2}},"108":{"start":{"line":196,"column":4},"end":{"line":198,"column":5}},"109":{"start":{"line":197,"column":8},"end":{"line":197,"column":21}},"110":{"start":{"line":199,"column":4},"end":{"line":203,"column":5}},"111":{"start":{"line":200,"column":8},"end":{"line":200,"column":42}},"112":{"start":{"line":201,"column":11},"end":{"line":203,"column":5}},"113":{"start":{"line":202,"column":8},"end":{"line":202,"column":39}},"114":{"start":{"line":204,"column":4},"end":{"line":204,"column":34}}},"branchMap":{"1":{"line":6,"type":"if","locations":[{"start":{"line":6,"column":4},"end":{"line":6,"column":4}},{"start":{"line":6,"column":4},"end":{"line":6,"column":4}}]},"2":{"line":14,"type":"if","locations":[{"start":{"line":14,"column":4},"end":{"line":14,"column":4}},{"start":{"line":14,"column":4},"end":{"line":14,"column":4}}]},"3":{"line":17,"type":"if","locations":[{"start":{"line":17,"column":4},"end":{"line":17,"column":4}},{"start":{"line":17,"column":4},"end":{"line":17,"column":4}}]},"4":{"line":19,"type":"if","locations":[{"start":{"line":19,"column":11},"end":{"line":19,"column":11}},{"start":{"line":19,"column":11},"end":{"line":19,"column":11}}]},"5":{"line":26,"type":"if","locations":[{"start":{"line":26,"column":4},"end":{"line":26,"column":4}},{"start":{"line":26,"column":4},"end":{"line":26,"column":4}}]},"6":{"line":30,"type":"if","locations":[{"start":{"line":30,"column":8},"end":{"line":30,"column":8}},{"start":{"line":30,"column":8},"end":{"line":30,"column":8}}]},"7":{"line":32,"type":"binary-expr","locations":[{"start":{"line":32,"column":19},"end":{"line":32,"column":42}},{"start":{"line":32,"column":46},"end":{"line":32,"column":64}}]},"8":{"line":40,"type":"if","locations":[{"start":{"line":40,"column":4},"end":{"line":40,"column":4}},{"start":{"line":40,"column":4},"end":{"line":40,"column":4}}]},"9":{"line":43,"type":"if","locations":[{"start":{"line":43,"column":4},"end":{"line":43,"column":4}},{"start":{"line":43,"column":4},"end":{"line":43,"column":4}}]},"10":{"line":45,"type":"if","locations":[{"start":{"line":45,"column":11},"end":{"line":45,"column":11}},{"start":{"line":45,"column":11},"end":{"line":45,"column":11}}]},"11":{"line":52,"type":"if","locations":[{"start":{"line":52,"column":4},"end":{"line":52,"column":4}},{"start":{"line":52,"column":4},"end":{"line":52,"column":4}}]},"12":{"line":56,"type":"if","locations":[{"start":{"line":56,"column":8},"end":{"line":56,"column":8}},{"start":{"line":56,"column":8},"end":{"line":56,"column":8}}]},"13":{"line":57,"type":"binary-expr","locations":[{"start":{"line":57,"column":19},"end":{"line":57,"column":41}},{"start":{"line":57,"column":45},"end":{"line":57,"column":57}}]},"14":{"line":67,"type":"if","locations":[{"start":{"line":67,"column":4},"end":{"line":67,"column":4}},{"start":{"line":67,"column":4},"end":{"line":67,"column":4}}]},"15":{"line":70,"type":"if","locations":[{"start":{"line":70,"column":4},"end":{"line":70,"column":4}},{"start":{"line":70,"column":4},"end":{"line":70,"column":4}}]},"16":{"line":80,"type":"if","locations":[{"start":{"line":80,"column":4},"end":{"line":80,"column":4}},{"start":{"line":80,"column":4},"end":{"line":80,"column":4}}]},"17":{"line":83,"type":"if","locations":[{"start":{"line":83,"column":4},"end":{"line":83,"column":4}},{"start":{"line":83,"column":4},"end":{"line":83,"column":4}}]},"18":{"line":85,"type":"if","locations":[{"start":{"line":85,"column":11},"end":{"line":85,"column":11}},{"start":{"line":85,"column":11},"end":{"line":85,"column":11}}]},"19":{"line":87,"type":"if","locations":[{"start":{"line":87,"column":8},"end":{"line":87,"column":8}},{"start":{"line":87,"column":8},"end":{"line":87,"column":8}}]},"20":{"line":95,"type":"if","locations":[{"start":{"line":95,"column":4},"end":{"line":95,"column":4}},{"start":{"line":95,"column":4},"end":{"line":95,"column":4}}]},"21":{"line":98,"type":"if","locations":[{"start":{"line":98,"column":4},"end":{"line":98,"column":4}},{"start":{"line":98,"column":4},"end":{"line":98,"column":4}}]},"22":{"line":105,"type":"if","locations":[{"start":{"line":105,"column":4},"end":{"line":105,"column":4}},{"start":{"line":105,"column":4},"end":{"line":105,"column":4}}]},"23":{"line":108,"type":"if","locations":[{"start":{"line":108,"column":4},"end":{"line":108,"column":4}},{"start":{"line":108,"column":4},"end":{"line":108,"column":4}}]},"24":{"line":111,"type":"if","locations":[{"start":{"line":111,"column":4},"end":{"line":111,"column":4}},{"start":{"line":111,"column":4},"end":{"line":111,"column":4}}]},"25":{"line":123,"type":"if","locations":[{"start":{"line":123,"column":4},"end":{"line":123,"column":4}},{"start":{"line":123,"column":4},"end":{"line":123,"column":4}}]},"26":{"line":126,"type":"if","locations":[{"start":{"line":126,"column":4},"end":{"line":126,"column":4}},{"start":{"line":126,"column":4},"end":{"line":126,"column":4}}]},"27":{"line":134,"type":"if","locations":[{"start":{"line":134,"column":4},"end":{"line":134,"column":4}},{"start":{"line":134,"column":4},"end":{"line":134,"column":4}}]},"28":{"line":137,"type":"if","locations":[{"start":{"line":137,"column":4},"end":{"line":137,"column":4}},{"start":{"line":137,"column":4},"end":{"line":137,"column":4}}]},"29":{"line":146,"type":"if","locations":[{"start":{"line":146,"column":4},"end":{"line":146,"column":4}},{"start":{"line":146,"column":4},"end":{"line":146,"column":4}}]},"30":{"line":153,"type":"if","locations":[{"start":{"line":153,"column":4},"end":{"line":153,"column":4}},{"start":{"line":153,"column":4},"end":{"line":153,"column":4}}]},"31":{"line":157,"type":"if","locations":[{"start":{"line":157,"column":4},"end":{"line":157,"column":4}},{"start":{"line":157,"column":4},"end":{"line":157,"column":4}}]},"32":{"line":170,"type":"if","locations":[{"start":{"line":170,"column":4},"end":{"line":170,"column":4}},{"start":{"line":170,"column":4},"end":{"line":170,"column":4}}]},"33":{"line":173,"type":"if","locations":[{"start":{"line":173,"column":4},"end":{"line":173,"column":4}},{"start":{"line":173,"column":4},"end":{"line":173,"column":4}}]},"34":{"line":175,"type":"if","locations":[{"start":{"line":175,"column":11},"end":{"line":175,"column":11}},{"start":{"line":175,"column":11},"end":{"line":175,"column":11}}]},"35":{"line":182,"type":"if","locations":[{"start":{"line":182,"column":4},"end":{"line":182,"column":4}},{"start":{"line":182,"column":4},"end":{"line":182,"column":4}}]},"36":{"line":186,"type":"if","locations":[{"start":{"line":186,"column":8},"end":{"line":186,"column":8}},{"start":{"line":186,"column":8},"end":{"line":186,"column":8}}]},"37":{"line":196,"type":"if","locations":[{"start":{"line":196,"column":4},"end":{"line":196,"column":4}},{"start":{"line":196,"column":4},"end":{"line":196,"column":4}}]},"38":{"line":199,"type":"if","locations":[{"start":{"line":199,"column":4},"end":{"line":199,"column":4}},{"start":{"line":199,"column":4},"end":{"line":199,"column":4}}]},"39":{"line":201,"type":"if","locations":[{"start":{"line":201,"column":11},"end":{"line":201,"column":11}},{"start":{"line":201,"column":11},"end":{"line":201,"column":11}}]}}},"/Users/carlolsen/Dev/screeps/proto-room.js":{"path":"/Users/carlolsen/Dev/screeps/proto-room.js","s":{"1":1,"2":1,"3":1,"4":1,"5":1,"6":0,"7":0,"8":0,"9":0,"10":0,"11":0,"12":0,"13":0,"14":0,"15":1,"16":1,"17":3,"18":1,"19":3,"20":1,"21":3,"22":1,"23":3,"24":1,"25":0,"26":0,"27":0,"28":0,"29":0,"30":0,"31":0,"32":0,"33":0,"34":0,"35":0,"36":0,"37":0,"38":0,"39":0,"40":0,"41":0,"42":1,"43":0,"44":0,"45":0,"46":0,"47":1,"48":0,"49":1,"50":0,"51":1,"52":0,"53":0,"54":1,"55":0,"56":1,"57":0,"58":0,"59":0,"60":0,"61":1,"62":0,"63":0,"64":1,"65":0,"66":1,"67":0,"68":1,"69":0,"70":1,"71":0,"72":1,"73":0,"74":0,"75":1,"76":0,"77":1,"78":0,"79":0,"80":0,"81":0,"82":1,"83":0,"84":0,"85":0,"86":0,"87":0,"88":0,"89":1,"90":0,"91":0,"92":0,"93":0,"94":0,"95":0,"96":1,"97":0,"98":0,"99":1,"100":0,"101":1,"102":0,"103":1,"104":0,"105":0,"106":0,"107":0,"108":1,"109":0,"110":0,"111":0,"112":0,"113":0,"114":0,"115":0,"116":0,"117":0,"118":0,"119":1,"120":0,"121":0,"122":0},"b":{"1":[0,0],"2":[0,0],"3":[1,2],"4":[1,2],"5":[0,0],"6":[0,0],"7":[0,0],"8":[0,0],"9":[0,0,0],"10":[0,0],"11":[0,0],"12":[0,0],"13":[0,0],"14":[0,0]},"f":{"1":0,"2":3,"3":3,"4":0,"5":0,"6":0,"7":0,"8":0,"9":0,"10":0,"11":0,"12":0,"13":0,"14":0,"15":0,"16":0,"17":0,"18":0,"19":0,"20":0,"21":0,"22":0,"23":0,"24":0,"25":0,"26":0,"27":0,"28":0,"29":0,"30":0,"31":0,"32":0},"fnMap":{"1":{"name":"(anonymous_1)","line":10,"loc":{"start":{"line":10,"column":21},"end":{"line":10,"column":32}}},"2":{"name":"(anonymous_2)","line":32,"loc":{"start":{"line":32,"column":25},"end":{"line":32,"column":36}}},"3":{"name":"(anonymous_3)","line":39,"loc":{"start":{"line":39,"column":28},"end":{"line":39,"column":39}}},"4":{"name":"(anonymous_4)","line":46,"loc":{"start":{"line":46,"column":34},"end":{"line":46,"column":45}}},"5":{"name":"(anonymous_5)","line":75,"loc":{"start":{"line":75,"column":13},"end":{"line":75,"column":40}}},"6":{"name":"(anonymous_6)","line":86,"loc":{"start":{"line":86,"column":24},"end":{"line":86,"column":41}}},"7":{"name":"(anonymous_7)","line":90,"loc":{"start":{"line":90,"column":24},"end":{"line":90,"column":41}}},"8":{"name":"(anonymous_8)","line":94,"loc":{"start":{"line":94,"column":30},"end":{"line":94,"column":45}}},"9":{"name":"(anonymous_9)","line":95,"loc":{"start":{"line":95,"column":40},"end":{"line":95,"column":55}}},"10":{"name":"(anonymous_10)","line":100,"loc":{"start":{"line":100,"column":28},"end":{"line":100,"column":45}}},"11":{"name":"(anonymous_11)","line":104,"loc":{"start":{"line":104,"column":23},"end":{"line":104,"column":39}}},"12":{"name":"(anonymous_12)","line":106,"loc":{"start":{"line":106,"column":45},"end":{"line":106,"column":56}}},"13":{"name":"(anonymous_13)","line":113,"loc":{"start":{"line":113,"column":28},"end":{"line":113,"column":45}}},"14":{"name":"(anonymous_14)","line":114,"loc":{"start":{"line":114,"column":27},"end":{"line":114,"column":38}}},"15":{"name":"(anonymous_15)","line":119,"loc":{"start":{"line":119,"column":23},"end":{"line":119,"column":40}}},"16":{"name":"(anonymous_16)","line":123,"loc":{"start":{"line":123,"column":35},"end":{"line":123,"column":52}}},"17":{"name":"(anonymous_17)","line":127,"loc":{"start":{"line":127,"column":24},"end":{"line":127,"column":41}}},"18":{"name":"(anonymous_18)","line":131,"loc":{"start":{"line":131,"column":25},"end":{"line":131,"column":41}}},"19":{"name":"(anonymous_19)","line":135,"loc":{"start":{"line":135,"column":33},"end":{"line":135,"column":44}}},"20":{"name":"(anonymous_20)","line":136,"loc":{"start":{"line":136,"column":23},"end":{"line":136,"column":39}}},"21":{"name":"(anonymous_21)","line":141,"loc":{"start":{"line":141,"column":32},"end":{"line":141,"column":43}}},"22":{"name":"(anonymous_22)","line":145,"loc":{"start":{"line":145,"column":41},"end":{"line":145,"column":52}}},"23":{"name":"(anonymous_23)","line":153,"loc":{"start":{"line":153,"column":33},"end":{"line":153,"column":44}}},"24":{"name":"(anonymous_24)","line":163,"loc":{"start":{"line":163,"column":29},"end":{"line":163,"column":40}}},"25":{"name":"(anonymous_25)","line":173,"loc":{"start":{"line":173,"column":37},"end":{"line":173,"column":48}}},"26":{"name":"(anonymous_26)","line":178,"loc":{"start":{"line":178,"column":28},"end":{"line":178,"column":39}}},"27":{"name":"(anonymous_27)","line":182,"loc":{"start":{"line":182,"column":36},"end":{"line":182,"column":47}}},"28":{"name":"(anonymous_28)","line":186,"loc":{"start":{"line":186,"column":28},"end":{"line":186,"column":42}}},"29":{"name":"(anonymous_29)","line":188,"loc":{"start":{"line":188,"column":16},"end":{"line":188,"column":31}}},"30":{"name":"(anonymous_30)","line":197,"loc":{"start":{"line":197,"column":27},"end":{"line":197,"column":41}}},"31":{"name":"(anonymous_31)","line":213,"loc":{"start":{"line":213,"column":29},"end":{"line":213,"column":39}}},"32":{"name":"(anonymous_32)","line":215,"loc":{"start":{"line":215,"column":23},"end":{"line":215,"column":37}}}},"statementMap":{"1":{"start":{"line":3,"column":0},"end":{"line":3,"column":31}},"2":{"start":{"line":4,"column":0},"end":{"line":4,"column":28}},"3":{"start":{"line":6,"column":0},"end":{"line":6,"column":34}},"4":{"start":{"line":7,"column":0},"end":{"line":7,"column":40}},"5":{"start":{"line":10,"column":0},"end":{"line":28,"column":2}},"6":{"start":{"line":12,"column":4},"end":{"line":12,"column":39}},"7":{"start":{"line":13,"column":4},"end":{"line":13,"column":33}},"8":{"start":{"line":15,"column":4},"end":{"line":15,"column":24}},"9":{"start":{"line":16,"column":4},"end":{"line":16,"column":26}},"10":{"start":{"line":18,"column":4},"end":{"line":18,"column":21}},"11":{"start":{"line":20,"column":4},"end":{"line":22,"column":5}},"12":{"start":{"line":21,"column":8},"end":{"line":21,"column":26}},"13":{"start":{"line":24,"column":4},"end":{"line":26,"column":5}},"14":{"start":{"line":25,"column":8},"end":{"line":25,"column":37}},"15":{"start":{"line":30,"column":0},"end":{"line":30,"column":29}},"16":{"start":{"line":32,"column":0},"end":{"line":37,"column":2}},"17":{"start":{"line":33,"column":4},"end":{"line":35,"column":5}},"18":{"start":{"line":34,"column":8},"end":{"line":34,"column":42}},"19":{"start":{"line":36,"column":4},"end":{"line":36,"column":25}},"20":{"start":{"line":39,"column":0},"end":{"line":44,"column":2}},"21":{"start":{"line":40,"column":4},"end":{"line":42,"column":5}},"22":{"start":{"line":41,"column":8},"end":{"line":41,"column":48}},"23":{"start":{"line":43,"column":4},"end":{"line":43,"column":28}},"24":{"start":{"line":46,"column":0},"end":{"line":73,"column":2}},"25":{"start":{"line":47,"column":4},"end":{"line":47,"column":28}},"26":{"start":{"line":48,"column":4},"end":{"line":48,"column":28}},"27":{"start":{"line":49,"column":4},"end":{"line":49,"column":31}},"28":{"start":{"line":50,"column":4},"end":{"line":62,"column":5}},"29":{"start":{"line":51,"column":8},"end":{"line":51,"column":33}},"30":{"start":{"line":52,"column":8},"end":{"line":52,"column":32}},"31":{"start":{"line":53,"column":8},"end":{"line":59,"column":9}},"32":{"start":{"line":54,"column":12},"end":{"line":58,"column":14}},"33":{"start":{"line":60,"column":8},"end":{"line":60,"column":37}},"34":{"start":{"line":61,"column":8},"end":{"line":61,"column":26}},"35":{"start":{"line":64,"column":4},"end":{"line":64,"column":41}},"36":{"start":{"line":65,"column":4},"end":{"line":65,"column":38}},"37":{"start":{"line":67,"column":4},"end":{"line":71,"column":5}},"38":{"start":{"line":68,"column":8},"end":{"line":68,"column":48}},"39":{"start":{"line":69,"column":8},"end":{"line":69,"column":55}},"40":{"start":{"line":70,"column":8},"end":{"line":70,"column":67}},"41":{"start":{"line":72,"column":4},"end":{"line":72,"column":39}},"42":{"start":{"line":75,"column":0},"end":{"line":84,"column":2}},"43":{"start":{"line":76,"column":4},"end":{"line":83,"column":5}},"44":{"start":{"line":77,"column":8},"end":{"line":79,"column":10}},"45":{"start":{"line":80,"column":8},"end":{"line":80,"column":40}},"46":{"start":{"line":82,"column":8},"end":{"line":82,"column":30}},"47":{"start":{"line":86,"column":0},"end":{"line":88,"column":2}},"48":{"start":{"line":87,"column":4},"end":{"line":87,"column":48}},"49":{"start":{"line":90,"column":0},"end":{"line":92,"column":2}},"50":{"start":{"line":91,"column":4},"end":{"line":91,"column":48}},"51":{"start":{"line":94,"column":0},"end":{"line":98,"column":2}},"52":{"start":{"line":95,"column":4},"end":{"line":97,"column":7}},"53":{"start":{"line":96,"column":8},"end":{"line":96,"column":37}},"54":{"start":{"line":100,"column":0},"end":{"line":102,"column":2}},"55":{"start":{"line":101,"column":4},"end":{"line":101,"column":52}},"56":{"start":{"line":104,"column":0},"end":{"line":111,"column":2}},"57":{"start":{"line":105,"column":4},"end":{"line":109,"column":5}},"58":{"start":{"line":106,"column":8},"end":{"line":108,"column":11}},"59":{"start":{"line":107,"column":12},"end":{"line":107,"column":67}},"60":{"start":{"line":110,"column":4},"end":{"line":110,"column":74}},"61":{"start":{"line":113,"column":0},"end":{"line":117,"column":2}},"62":{"start":{"line":114,"column":4},"end":{"line":116,"column":7}},"63":{"start":{"line":115,"column":8},"end":{"line":115,"column":81}},"64":{"start":{"line":119,"column":0},"end":{"line":121,"column":2}},"65":{"start":{"line":120,"column":4},"end":{"line":120,"column":44}},"66":{"start":{"line":123,"column":0},"end":{"line":125,"column":2}},"67":{"start":{"line":124,"column":4},"end":{"line":124,"column":57}},"68":{"start":{"line":127,"column":0},"end":{"line":129,"column":2}},"69":{"start":{"line":128,"column":4},"end":{"line":128,"column":53}},"70":{"start":{"line":131,"column":0},"end":{"line":133,"column":2}},"71":{"start":{"line":132,"column":4},"end":{"line":132,"column":46}},"72":{"start":{"line":135,"column":0},"end":{"line":139,"column":2}},"73":{"start":{"line":136,"column":4},"end":{"line":138,"column":7}},"74":{"start":{"line":137,"column":8},"end":{"line":137,"column":31}},"75":{"start":{"line":141,"column":0},"end":{"line":143,"column":2}},"76":{"start":{"line":142,"column":4},"end":{"line":142,"column":36}},"77":{"start":{"line":145,"column":0},"end":{"line":151,"column":2}},"78":{"start":{"line":146,"column":4},"end":{"line":146,"column":47}},"79":{"start":{"line":147,"column":4},"end":{"line":149,"column":5}},"80":{"start":{"line":148,"column":8},"end":{"line":148,"column":35}},"81":{"start":{"line":150,"column":4},"end":{"line":150,"column":13}},"82":{"start":{"line":153,"column":0},"end":{"line":161,"column":2}},"83":{"start":{"line":154,"column":4},"end":{"line":154,"column":39}},"84":{"start":{"line":155,"column":4},"end":{"line":155,"column":18}},"85":{"start":{"line":156,"column":4},"end":{"line":159,"column":5}},"86":{"start":{"line":157,"column":7},"end":{"line":157,"column":30}},"87":{"start":{"line":158,"column":7},"end":{"line":158,"column":26}},"88":{"start":{"line":160,"column":4},"end":{"line":160,"column":17}},"89":{"start":{"line":163,"column":0},"end":{"line":171,"column":2}},"90":{"start":{"line":164,"column":4},"end":{"line":164,"column":31}},"91":{"start":{"line":165,"column":4},"end":{"line":165,"column":18}},"92":{"start":{"line":166,"column":4},"end":{"line":169,"column":5}},"93":{"start":{"line":167,"column":7},"end":{"line":167,"column":26}},"94":{"start":{"line":168,"column":7},"end":{"line":168,"column":26}},"95":{"start":{"line":170,"column":4},"end":{"line":170,"column":17}},"96":{"start":{"line":173,"column":0},"end":{"line":176,"column":2}},"97":{"start":{"line":174,"column":4},"end":{"line":174,"column":31}},"98":{"start":{"line":175,"column":4},"end":{"line":175,"column":31}},"99":{"start":{"line":178,"column":0},"end":{"line":180,"column":2}},"100":{"start":{"line":179,"column":4},"end":{"line":179,"column":55}},"101":{"start":{"line":182,"column":0},"end":{"line":184,"column":2}},"102":{"start":{"line":183,"column":4},"end":{"line":183,"column":71}},"103":{"start":{"line":186,"column":0},"end":{"line":195,"column":2}},"104":{"start":{"line":187,"column":4},"end":{"line":194,"column":7}},"105":{"start":{"line":189,"column":12},"end":{"line":191,"column":13}},"106":{"start":{"line":190,"column":16},"end":{"line":190,"column":29}},"107":{"start":{"line":192,"column":12},"end":{"line":192,"column":32}},"108":{"start":{"line":197,"column":0},"end":{"line":211,"column":2}},"109":{"start":{"line":198,"column":4},"end":{"line":209,"column":5}},"110":{"start":{"line":199,"column":8},"end":{"line":199,"column":29}},"111":{"start":{"line":200,"column":8},"end":{"line":200,"column":35}},"112":{"start":{"line":201,"column":8},"end":{"line":208,"column":9}},"113":{"start":{"line":202,"column":12},"end":{"line":202,"column":34}},"114":{"start":{"line":203,"column":12},"end":{"line":203,"column":41}},"115":{"start":{"line":204,"column":12},"end":{"line":206,"column":13}},"116":{"start":{"line":205,"column":16},"end":{"line":205,"column":47}},"117":{"start":{"line":207,"column":12},"end":{"line":207,"column":41}},"118":{"start":{"line":210,"column":4},"end":{"line":210,"column":33}},"119":{"start":{"line":213,"column":0},"end":{"line":218,"column":2}},"120":{"start":{"line":214,"column":4},"end":{"line":214,"column":50}},"121":{"start":{"line":215,"column":4},"end":{"line":217,"column":7}},"122":{"start":{"line":216,"column":8},"end":{"line":216,"column":40}}},"branchMap":{"1":{"line":20,"type":"if","locations":[{"start":{"line":20,"column":4},"end":{"line":20,"column":4}},{"start":{"line":20,"column":4},"end":{"line":20,"column":4}}]},"2":{"line":24,"type":"if","locations":[{"start":{"line":24,"column":4},"end":{"line":24,"column":4}},{"start":{"line":24,"column":4},"end":{"line":24,"column":4}}]},"3":{"line":33,"type":"if","locations":[{"start":{"line":33,"column":4},"end":{"line":33,"column":4}},{"start":{"line":33,"column":4},"end":{"line":33,"column":4}}]},"4":{"line":40,"type":"if","locations":[{"start":{"line":40,"column":4},"end":{"line":40,"column":4}},{"start":{"line":40,"column":4},"end":{"line":40,"column":4}}]},"5":{"line":53,"type":"if","locations":[{"start":{"line":53,"column":8},"end":{"line":53,"column":8}},{"start":{"line":53,"column":8},"end":{"line":53,"column":8}}]},"6":{"line":76,"type":"if","locations":[{"start":{"line":76,"column":4},"end":{"line":76,"column":4}},{"start":{"line":76,"column":4},"end":{"line":76,"column":4}}]},"7":{"line":105,"type":"if","locations":[{"start":{"line":105,"column":4},"end":{"line":105,"column":4}},{"start":{"line":105,"column":4},"end":{"line":105,"column":4}}]},"8":{"line":107,"type":"binary-expr","locations":[{"start":{"line":107,"column":19},"end":{"line":107,"column":53}},{"start":{"line":107,"column":57},"end":{"line":107,"column":66}}]},"9":{"line":115,"type":"binary-expr","locations":[{"start":{"line":115,"column":15},"end":{"line":115,"column":54}},{"start":{"line":115,"column":59},"end":{"line":115,"column":66}},{"start":{"line":115,"column":70},"end":{"line":115,"column":79}}]},"10":{"line":147,"type":"if","locations":[{"start":{"line":147,"column":4},"end":{"line":147,"column":4}},{"start":{"line":147,"column":4},"end":{"line":147,"column":4}}]},"11":{"line":189,"type":"if","locations":[{"start":{"line":189,"column":12},"end":{"line":189,"column":12}},{"start":{"line":189,"column":12},"end":{"line":189,"column":12}}]},"12":{"line":189,"type":"binary-expr","locations":[{"start":{"line":189,"column":15},"end":{"line":189,"column":19}},{"start":{"line":189,"column":23},"end":{"line":189,"column":44}}]},"13":{"line":198,"type":"if","locations":[{"start":{"line":198,"column":4},"end":{"line":198,"column":4}},{"start":{"line":198,"column":4},"end":{"line":198,"column":4}}]},"14":{"line":204,"type":"if","locations":[{"start":{"line":204,"column":12},"end":{"line":204,"column":12}},{"start":{"line":204,"column":12},"end":{"line":204,"column":12}}]}}},"/Users/carlolsen/Dev/screeps/proto-room-settings.js":{"path":"/Users/carlolsen/Dev/screeps/proto-room-settings.js","s":{"1":1,"2":1,"3":1,"4":1,"5":1,"6":1,"7":1,"8":0,"9":0,"10":0,"11":0,"12":0,"13":0,"14":1,"15":1,"16":1,"17":1,"18":1,"19":1,"20":1,"21":0,"22":0,"23":0,"24":0,"25":0,"26":0,"27":1,"28":1,"29":1,"30":1,"31":1,"32":1,"33":1,"34":0,"35":0,"36":0,"37":0,"38":0,"39":0,"40":1,"41":0,"42":0,"43":0,"44":0,"45":0,"46":0,"47":1,"48":0,"49":0,"50":0,"51":0,"52":0,"53":1,"54":0,"55":0,"56":0,"57":1,"58":0,"59":0,"60":0,"61":1,"62":0,"63":0,"64":0,"65":0,"66":0,"67":0},"b":{"1":[0,0],"2":[0,0],"3":[0,0],"4":[0,0],"5":[0,0],"6":[0,0],"7":[0,0],"8":[0,0],"9":[0,0],"10":[0,0],"11":[0,0],"12":[0,0],"13":[0,0],"14":[0,0],"15":[0,0],"16":[0,0],"17":[0,0],"18":[0,0],"19":[0,0]},"f":{"1":0,"2":0,"3":0,"4":0,"5":0,"6":0,"7":0,"8":0},"fnMap":{"1":{"name":"(anonymous_1)","line":10,"loc":{"start":{"line":10,"column":32},"end":{"line":10,"column":62}}},"2":{"name":"(anonymous_2)","line":30,"loc":{"start":{"line":30,"column":38},"end":{"line":30,"column":69}}},"3":{"name":"(anonymous_3)","line":49,"loc":{"start":{"line":49,"column":31},"end":{"line":49,"column":61}}},"4":{"name":"(anonymous_4)","line":62,"loc":{"start":{"line":62,"column":42},"end":{"line":62,"column":56}}},"5":{"name":"(anonymous_5)","line":75,"loc":{"start":{"line":75,"column":39},"end":{"line":75,"column":55}}},"6":{"name":"(anonymous_6)","line":86,"loc":{"start":{"line":86,"column":40},"end":{"line":86,"column":56}}},"7":{"name":"(anonymous_7)","line":94,"loc":{"start":{"line":94,"column":42},"end":{"line":94,"column":58}}},"8":{"name":"(anonymous_8)","line":102,"loc":{"start":{"line":102,"column":30},"end":{"line":102,"column":50}}}},"statementMap":{"1":{"start":{"line":3,"column":0},"end":{"line":3,"column":31}},"2":{"start":{"line":4,"column":0},"end":{"line":4,"column":50}},"3":{"start":{"line":5,"column":0},"end":{"line":5,"column":44}},"4":{"start":{"line":6,"column":0},"end":{"line":6,"column":44}},"5":{"start":{"line":7,"column":0},"end":{"line":7,"column":47}},"6":{"start":{"line":8,"column":0},"end":{"line":8,"column":44}},"7":{"start":{"line":10,"column":0},"end":{"line":20,"column":2}},"8":{"start":{"line":11,"column":4},"end":{"line":13,"column":5}},"9":{"start":{"line":12,"column":8},"end":{"line":12,"column":60}},"10":{"start":{"line":15,"column":4},"end":{"line":15,"column":53}},"11":{"start":{"line":16,"column":4},"end":{"line":18,"column":5}},"12":{"start":{"line":17,"column":8},"end":{"line":17,"column":45}},"13":{"start":{"line":19,"column":4},"end":{"line":19,"column":42}},"14":{"start":{"line":22,"column":0},"end":{"line":22,"column":37}},"15":{"start":{"line":23,"column":0},"end":{"line":23,"column":55}},"16":{"start":{"line":24,"column":0},"end":{"line":24,"column":50}},"17":{"start":{"line":25,"column":0},"end":{"line":25,"column":50}},"18":{"start":{"line":26,"column":0},"end":{"line":26,"column":54}},"19":{"start":{"line":27,"column":0},"end":{"line":27,"column":51}},"20":{"start":{"line":30,"column":0},"end":{"line":40,"column":2}},"21":{"start":{"line":31,"column":4},"end":{"line":33,"column":5}},"22":{"start":{"line":32,"column":8},"end":{"line":32,"column":73}},"23":{"start":{"line":35,"column":4},"end":{"line":35,"column":66}},"24":{"start":{"line":36,"column":4},"end":{"line":38,"column":5}},"25":{"start":{"line":37,"column":8},"end":{"line":37,"column":52}},"26":{"start":{"line":39,"column":4},"end":{"line":39,"column":48}},"27":{"start":{"line":42,"column":0},"end":{"line":42,"column":30}},"28":{"start":{"line":43,"column":0},"end":{"line":43,"column":49}},"29":{"start":{"line":44,"column":0},"end":{"line":44,"column":43}},"30":{"start":{"line":45,"column":0},"end":{"line":45,"column":43}},"31":{"start":{"line":46,"column":0},"end":{"line":46,"column":46}},"32":{"start":{"line":47,"column":0},"end":{"line":47,"column":43}},"33":{"start":{"line":49,"column":0},"end":{"line":59,"column":2}},"34":{"start":{"line":50,"column":4},"end":{"line":52,"column":5}},"35":{"start":{"line":51,"column":8},"end":{"line":51,"column":59}},"36":{"start":{"line":54,"column":4},"end":{"line":54,"column":52}},"37":{"start":{"line":55,"column":4},"end":{"line":57,"column":5}},"38":{"start":{"line":56,"column":8},"end":{"line":56,"column":44}},"39":{"start":{"line":58,"column":4},"end":{"line":58,"column":41}},"40":{"start":{"line":62,"column":0},"end":{"line":71,"column":2}},"41":{"start":{"line":63,"column":4},"end":{"line":65,"column":5}},"42":{"start":{"line":64,"column":8},"end":{"line":64,"column":55}},"43":{"start":{"line":66,"column":4},"end":{"line":66,"column":53}},"44":{"start":{"line":67,"column":4},"end":{"line":69,"column":5}},"45":{"start":{"line":68,"column":8},"end":{"line":68,"column":55}},"46":{"start":{"line":70,"column":4},"end":{"line":70,"column":52}},"47":{"start":{"line":75,"column":0},"end":{"line":82,"column":2}},"48":{"start":{"line":76,"column":4},"end":{"line":80,"column":5}},"49":{"start":{"line":77,"column":8},"end":{"line":77,"column":52}},"50":{"start":{"line":78,"column":11},"end":{"line":80,"column":5}},"51":{"start":{"line":79,"column":8},"end":{"line":79,"column":50}},"52":{"start":{"line":81,"column":4},"end":{"line":81,"column":47}},"53":{"start":{"line":86,"column":0},"end":{"line":91,"column":2}},"54":{"start":{"line":87,"column":4},"end":{"line":89,"column":5}},"55":{"start":{"line":88,"column":8},"end":{"line":88,"column":54}},"56":{"start":{"line":90,"column":4},"end":{"line":90,"column":55}},"57":{"start":{"line":94,"column":0},"end":{"line":99,"column":2}},"58":{"start":{"line":95,"column":4},"end":{"line":97,"column":5}},"59":{"start":{"line":96,"column":8},"end":{"line":96,"column":56}},"60":{"start":{"line":98,"column":4},"end":{"line":98,"column":59}},"61":{"start":{"line":102,"column":0},"end":{"line":111,"column":2}},"62":{"start":{"line":103,"column":4},"end":{"line":105,"column":5}},"63":{"start":{"line":104,"column":8},"end":{"line":104,"column":40}},"64":{"start":{"line":106,"column":4},"end":{"line":106,"column":50}},"65":{"start":{"line":107,"column":4},"end":{"line":109,"column":5}},"66":{"start":{"line":108,"column":8},"end":{"line":108,"column":33}},"67":{"start":{"line":110,"column":4},"end":{"line":110,"column":30}}},"branchMap":{"1":{"line":11,"type":"if","locations":[{"start":{"line":11,"column":4},"end":{"line":11,"column":4}},{"start":{"line":11,"column":4},"end":{"line":11,"column":4}}]},"2":{"line":16,"type":"if","locations":[{"start":{"line":16,"column":4},"end":{"line":16,"column":4}},{"start":{"line":16,"column":4},"end":{"line":16,"column":4}}]},"3":{"line":19,"type":"binary-expr","locations":[{"start":{"line":19,"column":11},"end":{"line":19,"column":36}},{"start":{"line":19,"column":40},"end":{"line":19,"column":41}}]},"4":{"line":31,"type":"if","locations":[{"start":{"line":31,"column":4},"end":{"line":31,"column":4}},{"start":{"line":31,"column":4},"end":{"line":31,"column":4}}]},"5":{"line":36,"type":"if","locations":[{"start":{"line":36,"column":4},"end":{"line":36,"column":4}},{"start":{"line":36,"column":4},"end":{"line":36,"column":4}}]},"6":{"line":39,"type":"binary-expr","locations":[{"start":{"line":39,"column":11},"end":{"line":39,"column":42}},{"start":{"line":39,"column":46},"end":{"line":39,"column":47}}]},"7":{"line":50,"type":"if","locations":[{"start":{"line":50,"column":4},"end":{"line":50,"column":4}},{"start":{"line":50,"column":4},"end":{"line":50,"column":4}}]},"8":{"line":55,"type":"if","locations":[{"start":{"line":55,"column":4},"end":{"line":55,"column":4}},{"start":{"line":55,"column":4},"end":{"line":55,"column":4}}]},"9":{"line":58,"type":"binary-expr","locations":[{"start":{"line":58,"column":11},"end":{"line":58,"column":35}},{"start":{"line":58,"column":39},"end":{"line":58,"column":40}}]},"10":{"line":63,"type":"if","locations":[{"start":{"line":63,"column":4},"end":{"line":63,"column":4}},{"start":{"line":63,"column":4},"end":{"line":63,"column":4}}]},"11":{"line":67,"type":"if","locations":[{"start":{"line":67,"column":4},"end":{"line":67,"column":4}},{"start":{"line":67,"column":4},"end":{"line":67,"column":4}}]},"12":{"line":76,"type":"if","locations":[{"start":{"line":76,"column":4},"end":{"line":76,"column":4}},{"start":{"line":76,"column":4},"end":{"line":76,"column":4}}]},"13":{"line":78,"type":"if","locations":[{"start":{"line":78,"column":11},"end":{"line":78,"column":11}},{"start":{"line":78,"column":11},"end":{"line":78,"column":11}}]},"14":{"line":87,"type":"if","locations":[{"start":{"line":87,"column":4},"end":{"line":87,"column":4}},{"start":{"line":87,"column":4},"end":{"line":87,"column":4}}]},"15":{"line":90,"type":"binary-expr","locations":[{"start":{"line":90,"column":11},"end":{"line":90,"column":48}},{"start":{"line":90,"column":52},"end":{"line":90,"column":54}}]},"16":{"line":95,"type":"if","locations":[{"start":{"line":95,"column":4},"end":{"line":95,"column":4}},{"start":{"line":95,"column":4},"end":{"line":95,"column":4}}]},"17":{"line":98,"type":"binary-expr","locations":[{"start":{"line":98,"column":11},"end":{"line":98,"column":50}},{"start":{"line":98,"column":54},"end":{"line":98,"column":58}}]},"18":{"line":103,"type":"if","locations":[{"start":{"line":103,"column":4},"end":{"line":103,"column":4}},{"start":{"line":103,"column":4},"end":{"line":103,"column":4}}]},"19":{"line":107,"type":"if","locations":[{"start":{"line":107,"column":4},"end":{"line":107,"column":4}},{"start":{"line":107,"column":4},"end":{"line":107,"column":4}}]}}},"/Users/carlolsen/Dev/screeps/proto-room-cache.js":{"path":"/Users/carlolsen/Dev/screeps/proto-room-cache.js","s":{"1":1,"2":0,"3":0,"4":0,"5":0,"6":0,"7":0,"8":1,"9":0,"10":0,"11":0,"12":0,"13":0,"14":1,"15":0,"16":0,"17":0,"18":0,"19":0,"20":0,"21":1,"22":0,"23":0,"24":0,"25":0,"26":0},"b":{"1":[0,0],"2":[0,0],"3":[0,0],"4":[0,0],"5":[0,0],"6":[0,0],"7":[0,0],"8":[0,0]},"f":{"1":0,"2":0,"3":0,"4":0,"5":0,"6":0,"7":0,"8":0,"9":0,"10":0},"fnMap":{"1":{"name":"(anonymous_1)","line":6,"loc":{"start":{"line":6,"column":32},"end":{"line":6,"column":54}}},"2":{"name":"(anonymous_2)","line":9,"loc":{"start":{"line":9,"column":48},"end":{"line":9,"column":62}}},"3":{"name":"(anonymous_3)","line":11,"loc":{"start":{"line":11,"column":15},"end":{"line":11,"column":29}}},"4":{"name":"(anonymous_4)","line":19,"loc":{"start":{"line":19,"column":30},"end":{"line":19,"column":52}}},"5":{"name":"(anonymous_5)","line":22,"loc":{"start":{"line":22,"column":39},"end":{"line":22,"column":51}}},"6":{"name":"(anonymous_6)","line":30,"loc":{"start":{"line":30,"column":33},"end":{"line":30,"column":55}}},"7":{"name":"(anonymous_7)","line":33,"loc":{"start":{"line":33,"column":49},"end":{"line":33,"column":63}}},"8":{"name":"(anonymous_8)","line":35,"loc":{"start":{"line":35,"column":15},"end":{"line":35,"column":29}}},"9":{"name":"(anonymous_9)","line":43,"loc":{"start":{"line":43,"column":31},"end":{"line":43,"column":53}}},"10":{"name":"(anonymous_10)","line":46,"loc":{"start":{"line":46,"column":40},"end":{"line":46,"column":52}}}},"statementMap":{"1":{"start":{"line":6,"column":0},"end":{"line":17,"column":2}},"2":{"start":{"line":8,"column":4},"end":{"line":15,"column":5}},"3":{"start":{"line":9,"column":8},"end":{"line":13,"column":11}},"4":{"start":{"line":10,"column":12},"end":{"line":10,"column":42}},"5":{"start":{"line":12,"column":12},"end":{"line":12,"column":27}},"6":{"start":{"line":14,"column":8},"end":{"line":14,"column":37}},"7":{"start":{"line":16,"column":4},"end":{"line":16,"column":38}},"8":{"start":{"line":19,"column":0},"end":{"line":27,"column":2}},"9":{"start":{"line":20,"column":4},"end":{"line":25,"column":5}},"10":{"start":{"line":21,"column":8},"end":{"line":21,"column":56}},"11":{"start":{"line":22,"column":8},"end":{"line":24,"column":11}},"12":{"start":{"line":23,"column":12},"end":{"line":23,"column":42}},"13":{"start":{"line":26,"column":4},"end":{"line":26,"column":28}},"14":{"start":{"line":30,"column":0},"end":{"line":41,"column":2}},"15":{"start":{"line":32,"column":4},"end":{"line":39,"column":5}},"16":{"start":{"line":33,"column":8},"end":{"line":37,"column":11}},"17":{"start":{"line":34,"column":12},"end":{"line":34,"column":43}},"18":{"start":{"line":36,"column":12},"end":{"line":36,"column":27}},"19":{"start":{"line":38,"column":8},"end":{"line":38,"column":38}},"20":{"start":{"line":40,"column":4},"end":{"line":40,"column":39}},"21":{"start":{"line":43,"column":0},"end":{"line":51,"column":2}},"22":{"start":{"line":44,"column":4},"end":{"line":49,"column":5}},"23":{"start":{"line":45,"column":8},"end":{"line":45,"column":56}},"24":{"start":{"line":46,"column":8},"end":{"line":48,"column":11}},"25":{"start":{"line":47,"column":12},"end":{"line":47,"column":42}},"26":{"start":{"line":50,"column":4},"end":{"line":50,"column":29}}},"branchMap":{"1":{"line":8,"type":"if","locations":[{"start":{"line":8,"column":4},"end":{"line":8,"column":4}},{"start":{"line":8,"column":4},"end":{"line":8,"column":4}}]},"2":{"line":8,"type":"binary-expr","locations":[{"start":{"line":8,"column":7},"end":{"line":8,"column":19}},{"start":{"line":8,"column":23},"end":{"line":8,"column":62}}]},"3":{"line":20,"type":"if","locations":[{"start":{"line":20,"column":4},"end":{"line":20,"column":4}},{"start":{"line":20,"column":4},"end":{"line":20,"column":4}}]},"4":{"line":20,"type":"binary-expr","locations":[{"start":{"line":20,"column":7},"end":{"line":20,"column":19}},{"start":{"line":20,"column":23},"end":{"line":20,"column":53}}]},"5":{"line":32,"type":"if","locations":[{"start":{"line":32,"column":4},"end":{"line":32,"column":4}},{"start":{"line":32,"column":4},"end":{"line":32,"column":4}}]},"6":{"line":32,"type":"binary-expr","locations":[{"start":{"line":32,"column":7},"end":{"line":32,"column":19}},{"start":{"line":32,"column":23},"end":{"line":32,"column":63}}]},"7":{"line":44,"type":"if","locations":[{"start":{"line":44,"column":4},"end":{"line":44,"column":4}},{"start":{"line":44,"column":4},"end":{"line":44,"column":4}}]},"8":{"line":44,"type":"binary-expr","locations":[{"start":{"line":44,"column":7},"end":{"line":44,"column":19}},{"start":{"line":44,"column":23},"end":{"line":44,"column":54}}]}}},"/Users/carlolsen/Dev/screeps/job-list.js":{"path":"/Users/carlolsen/Dev/screeps/job-list.js","s":{"1":1,"2":1,"3":1,"4":0,"5":1,"6":1,"7":1,"8":1,"9":1,"10":1,"11":1,"12":0,"13":0,"14":0,"15":0,"16":0,"17":0,"18":0,"19":0,"20":0,"21":0,"22":0,"23":0,"24":0,"25":0,"26":0,"27":0,"28":0,"29":0,"30":0,"31":0,"32":0,"33":0,"34":0,"35":0,"36":0,"37":0,"38":0,"39":0,"40":0,"41":0,"42":0,"43":0,"44":0,"45":0,"46":0,"47":0,"48":0,"49":0,"50":0,"51":0,"52":0,"53":0,"54":0,"55":0,"56":0,"57":0,"58":0,"59":0,"60":0,"61":0,"62":0,"63":0,"64":0,"65":0,"66":0,"67":0,"68":0,"69":0,"70":1},"b":{"1":[0,1],"2":[1,0],"3":[1,0],"4":[1,1],"5":[0,0,0],"6":[0,0,0,0],"7":[0,0],"8":[0,0],"9":[0,0],"10":[0,0],"11":[0,0],"12":[0,0],"13":[0,0,0],"14":[0,0],"15":[0,0],"16":[0,0]},"f":{"1":1,"2":0,"3":0,"4":0,"5":0,"6":0,"7":0,"8":0,"9":0,"10":0,"11":0,"12":0,"13":0,"14":0,"15":0,"16":0,"17":0},"fnMap":{"1":{"name":"JobList","line":5,"loc":{"start":{"line":5,"column":14},"end":{"line":5,"column":36}}},"2":{"name":"(anonymous_2)","line":29,"loc":{"start":{"line":29,"column":41},"end":{"line":29,"column":51}}},"3":{"name":"(anonymous_3)","line":31,"loc":{"start":{"line":31,"column":15},"end":{"line":31,"column":31}}},"4":{"name":"(anonymous_4)","line":32,"loc":{"start":{"line":32,"column":33},"end":{"line":32,"column":46}}},"5":{"name":"(anonymous_5)","line":36,"loc":{"start":{"line":36,"column":16},"end":{"line":36,"column":32}}},"6":{"name":"(anonymous_6)","line":37,"loc":{"start":{"line":37,"column":33},"end":{"line":37,"column":46}}},"7":{"name":"(anonymous_7)","line":41,"loc":{"start":{"line":41,"column":9},"end":{"line":41,"column":25}}},"8":{"name":"(anonymous_8)","line":51,"loc":{"start":{"line":51,"column":9},"end":{"line":51,"column":21}}},"9":{"name":"(anonymous_9)","line":62,"loc":{"start":{"line":62,"column":9},"end":{"line":62,"column":26}}},"10":{"name":"(anonymous_10)","line":72,"loc":{"start":{"line":72,"column":17},"end":{"line":72,"column":35}}},"11":{"name":"(anonymous_11)","line":79,"loc":{"start":{"line":79,"column":12},"end":{"line":79,"column":24}}},"12":{"name":"(anonymous_12)","line":84,"loc":{"start":{"line":84,"column":20},"end":{"line":84,"column":33}}},"13":{"name":"(anonymous_13)","line":91,"loc":{"start":{"line":91,"column":16},"end":{"line":91,"column":26}}},"14":{"name":"(anonymous_14)","line":99,"loc":{"start":{"line":99,"column":13},"end":{"line":99,"column":23}}},"15":{"name":"(anonymous_15)","line":118,"loc":{"start":{"line":118,"column":16},"end":{"line":118,"column":31}}},"16":{"name":"(anonymous_16)","line":120,"loc":{"start":{"line":120,"column":21},"end":{"line":120,"column":34}}},"17":{"name":"(anonymous_17)","line":141,"loc":{"start":{"line":141,"column":12},"end":{"line":141,"column":23}}}},"statementMap":{"1":{"start":{"line":3,"column":0},"end":{"line":3,"column":25}},"2":{"start":{"line":5,"column":0},"end":{"line":19,"column":2}},"3":{"start":{"line":7,"column":4},"end":{"line":9,"column":5}},"4":{"start":{"line":8,"column":8},"end":{"line":8,"column":25}},"5":{"start":{"line":10,"column":4},"end":{"line":12,"column":5}},"6":{"start":{"line":11,"column":8},"end":{"line":11,"column":30}},"7":{"start":{"line":13,"column":4},"end":{"line":15,"column":5}},"8":{"start":{"line":14,"column":8},"end":{"line":14,"column":38}},"9":{"start":{"line":17,"column":4},"end":{"line":17,"column":21}},"10":{"start":{"line":18,"column":4},"end":{"line":18,"column":30}},"11":{"start":{"line":21,"column":0},"end":{"line":153,"column":2}},"12":{"start":{"line":32,"column":8},"end":{"line":34,"column":11}},"13":{"start":{"line":33,"column":12},"end":{"line":33,"column":60}},"14":{"start":{"line":37,"column":8},"end":{"line":39,"column":11}},"15":{"start":{"line":38,"column":12},"end":{"line":38,"column":86}},"16":{"start":{"line":42,"column":8},"end":{"line":42,"column":21}},"17":{"start":{"line":43,"column":8},"end":{"line":48,"column":9}},"18":{"start":{"line":44,"column":12},"end":{"line":44,"column":35}},"19":{"start":{"line":45,"column":12},"end":{"line":47,"column":13}},"20":{"start":{"line":46,"column":16},"end":{"line":46,"column":30}},"21":{"start":{"line":49,"column":8},"end":{"line":49,"column":19}},"22":{"start":{"line":52,"column":8},"end":{"line":58,"column":9}},"23":{"start":{"line":53,"column":12},"end":{"line":53,"column":47}},"24":{"start":{"line":54,"column":12},"end":{"line":56,"column":13}},"25":{"start":{"line":55,"column":16},"end":{"line":55,"column":29}},"26":{"start":{"line":57,"column":12},"end":{"line":57,"column":59}},"27":{"start":{"line":59,"column":8},"end":{"line":59,"column":32}},"28":{"start":{"line":63,"column":8},"end":{"line":63,"column":45}},"29":{"start":{"line":64,"column":8},"end":{"line":64,"column":24}},"30":{"start":{"line":65,"column":8},"end":{"line":65,"column":39}},"31":{"start":{"line":66,"column":8},"end":{"line":66,"column":39}},"32":{"start":{"line":67,"column":8},"end":{"line":67,"column":46}},"33":{"start":{"line":68,"column":8},"end":{"line":68,"column":31}},"34":{"start":{"line":69,"column":8},"end":{"line":69,"column":19}},"35":{"start":{"line":73,"column":8},"end":{"line":76,"column":9}},"36":{"start":{"line":74,"column":12},"end":{"line":74,"column":38}},"37":{"start":{"line":75,"column":12},"end":{"line":75,"column":30}},"38":{"start":{"line":80,"column":8},"end":{"line":80,"column":32}},"39":{"start":{"line":81,"column":8},"end":{"line":81,"column":36}},"40":{"start":{"line":85,"column":8},"end":{"line":88,"column":9}},"41":{"start":{"line":86,"column":12},"end":{"line":86,"column":28}},"42":{"start":{"line":87,"column":12},"end":{"line":87,"column":28}},"43":{"start":{"line":92,"column":8},"end":{"line":94,"column":9}},"44":{"start":{"line":93,"column":12},"end":{"line":93,"column":41}},"45":{"start":{"line":95,"column":8},"end":{"line":95,"column":39}},"46":{"start":{"line":100,"column":8},"end":{"line":100,"column":30}},"47":{"start":{"line":101,"column":8},"end":{"line":109,"column":9}},"48":{"start":{"line":102,"column":12},"end":{"line":102,"column":30}},"49":{"start":{"line":103,"column":12},"end":{"line":108,"column":13}},"50":{"start":{"line":107,"column":16},"end":{"line":107,"column":26}},"51":{"start":{"line":110,"column":8},"end":{"line":110,"column":43}},"52":{"start":{"line":111,"column":8},"end":{"line":115,"column":9}},"53":{"start":{"line":112,"column":12},"end":{"line":114,"column":13}},"54":{"start":{"line":113,"column":16},"end":{"line":113,"column":39}},"55":{"start":{"line":119,"column":8},"end":{"line":119,"column":25}},"56":{"start":{"line":120,"column":8},"end":{"line":135,"column":11}},"57":{"start":{"line":125,"column":12},"end":{"line":125,"column":23}},"58":{"start":{"line":126,"column":12},"end":{"line":126,"column":20}},"59":{"start":{"line":127,"column":12},"end":{"line":134,"column":15}},"60":{"start":{"line":137,"column":8},"end":{"line":137,"column":55}},"61":{"start":{"line":138,"column":8},"end":{"line":138,"column":23}},"62":{"start":{"line":142,"column":8},"end":{"line":142,"column":52}},"63":{"start":{"line":143,"column":8},"end":{"line":145,"column":9}},"64":{"start":{"line":144,"column":12},"end":{"line":144,"column":19}},"65":{"start":{"line":146,"column":8},"end":{"line":146,"column":42}},"66":{"start":{"line":147,"column":8},"end":{"line":147,"column":47}},"67":{"start":{"line":148,"column":8},"end":{"line":151,"column":9}},"68":{"start":{"line":149,"column":12},"end":{"line":149,"column":29}},"69":{"start":{"line":150,"column":12},"end":{"line":150,"column":29}},"70":{"start":{"line":155,"column":0},"end":{"line":155,"column":25}}},"branchMap":{"1":{"line":7,"type":"if","locations":[{"start":{"line":7,"column":4},"end":{"line":7,"column":4}},{"start":{"line":7,"column":4},"end":{"line":7,"column":4}}]},"2":{"line":10,"type":"if","locations":[{"start":{"line":10,"column":4},"end":{"line":10,"column":4}},{"start":{"line":10,"column":4},"end":{"line":10,"column":4}}]},"3":{"line":13,"type":"if","locations":[{"start":{"line":13,"column":4},"end":{"line":13,"column":4}},{"start":{"line":13,"column":4},"end":{"line":13,"column":4}}]},"4":{"line":29,"type":"binary-expr","locations":[{"start":{"line":29,"column":19},"end":{"line":29,"column":37}},{"start":{"line":29,"column":41},"end":{"line":29,"column":53}}]},"5":{"line":33,"type":"binary-expr","locations":[{"start":{"line":33,"column":19},"end":{"line":33,"column":31}},{"start":{"line":33,"column":36},"end":{"line":33,"column":43}},{"start":{"line":33,"column":47},"end":{"line":33,"column":58}}]},"6":{"line":38,"type":"binary-expr","locations":[{"start":{"line":38,"column":19},"end":{"line":38,"column":32}},{"start":{"line":38,"column":36},"end":{"line":38,"column":57}},{"start":{"line":38,"column":62},"end":{"line":38,"column":69}},{"start":{"line":38,"column":73},"end":{"line":38,"column":84}}]},"7":{"line":45,"type":"if","locations":[{"start":{"line":45,"column":12},"end":{"line":45,"column":12}},{"start":{"line":45,"column":12},"end":{"line":45,"column":12}}]},"8":{"line":45,"type":"binary-expr","locations":[{"start":{"line":45,"column":15},"end":{"line":45,"column":22}},{"start":{"line":45,"column":26},"end":{"line":45,"column":37}}]},"9":{"line":52,"type":"if","locations":[{"start":{"line":52,"column":8},"end":{"line":52,"column":8}},{"start":{"line":52,"column":8},"end":{"line":52,"column":8}}]},"10":{"line":54,"type":"if","locations":[{"start":{"line":54,"column":12},"end":{"line":54,"column":12}},{"start":{"line":54,"column":12},"end":{"line":54,"column":12}}]},"11":{"line":92,"type":"if","locations":[{"start":{"line":92,"column":8},"end":{"line":92,"column":8}},{"start":{"line":92,"column":8},"end":{"line":92,"column":8}}]},"12":{"line":103,"type":"if","locations":[{"start":{"line":103,"column":12},"end":{"line":103,"column":12}},{"start":{"line":103,"column":12},"end":{"line":103,"column":12}}]},"13":{"line":104,"type":"binary-expr","locations":[{"start":{"line":104,"column":16},"end":{"line":104,"column":28}},{"start":{"line":105,"column":17},"end":{"line":105,"column":30}},{"start":{"line":105,"column":34},"end":{"line":105,"column":68}}]},"14":{"line":112,"type":"if","locations":[{"start":{"line":112,"column":12},"end":{"line":112,"column":12}},{"start":{"line":112,"column":12},"end":{"line":112,"column":12}}]},"15":{"line":143,"type":"if","locations":[{"start":{"line":143,"column":8},"end":{"line":143,"column":8}},{"start":{"line":143,"column":8},"end":{"line":143,"column":8}}]},"16":{"line":148,"type":"if","locations":[{"start":{"line":148,"column":8},"end":{"line":148,"column":8}},{"start":{"line":148,"column":8},"end":{"line":148,"column":8}}]}}},"/Users/carlolsen/Dev/screeps/job.js":{"path":"/Users/carlolsen/Dev/screeps/job.js","s":{"1":1,"2":1,"3":10,"4":10,"5":10,"6":10,"7":10,"8":10,"9":10,"10":10,"11":1,"12":10,"13":0,"14":1,"15":1,"16":1,"17":1,"18":1,"19":1,"20":0,"21":1,"22":1,"23":1,"24":1,"25":1,"26":0,"27":0,"28":0,"29":0,"30":0,"31":0,"32":0,"33":2,"34":2,"35":0,"36":2,"37":0,"38":0,"39":0,"40":0,"41":0,"42":0,"43":0,"44":0,"45":0,"46":2,"47":0,"48":1,"49":3,"50":1,"51":3,"52":4,"53":2,"54":4,"55":6,"56":3,"57":1,"58":3,"59":6,"60":0,"61":0,"62":0,"63":0,"64":0,"65":0,"66":0,"67":0,"68":0,"69":0,"70":0,"71":0,"72":0,"73":0,"74":0,"75":0,"76":0,"77":0,"78":0,"79":0,"80":0,"81":0,"82":0,"83":0,"84":0,"85":0,"86":0,"87":0,"88":2,"89":2,"90":0,"91":0,"92":0,"93":0,"94":0,"95":1},"b":{"1":[10,9],"2":[1,9],"3":[10,1],"4":[0,10],"5":[10,0],"6":[1,1],"7":[0,1],"8":[1,1,0],"9":[1,0],"10":[1,0],"11":[1,0],"12":[0,0],"13":[0,0,0],"14":[0,2],"15":[2,2,0],"16":[0,2],"17":[0,0],"18":[0,0],"19":[0,0],"20":[0,0,0],"21":[0,0],"22":[1,2],"23":[2,2],"24":[3,3],"25":[1,2],"26":[0,0],"27":[0,0],"28":[0,0],"29":[0,0],"30":[0,0],"31":[0,0],"32":[0,0],"33":[0,0],"34":[2,0],"35":[0,0],"36":[0,0,0]},"f":{"1":10,"2":0,"3":1,"4":1,"5":1,"6":1,"7":2,"8":0,"9":1,"10":3,"11":4,"12":6,"13":0,"14":0,"15":0,"16":0,"17":0,"18":2,"19":0,"20":0},"fnMap":{"1":{"name":"Job","line":5,"loc":{"start":{"line":5,"column":10},"end":{"line":5,"column":37}}},"2":{"name":"(anonymous_2)","line":33,"loc":{"start":{"line":33,"column":41},"end":{"line":33,"column":51}}},"3":{"name":"(anonymous_3)","line":35,"loc":{"start":{"line":35,"column":8},"end":{"line":35,"column":18}}},"4":{"name":"(anonymous_4)","line":39,"loc":{"start":{"line":39,"column":10},"end":{"line":39,"column":21}}},"5":{"name":"(anonymous_5)","line":43,"loc":{"start":{"line":43,"column":10},"end":{"line":43,"column":21}}},"6":{"name":"(anonymous_6)","line":47,"loc":{"start":{"line":47,"column":12},"end":{"line":47,"column":28}}},"7":{"name":"(anonymous_7)","line":83,"loc":{"start":{"line":83,"column":12},"end":{"line":83,"column":28}}},"8":{"name":"(anonymous_8)","line":119,"loc":{"start":{"line":119,"column":13},"end":{"line":119,"column":24}}},"9":{"name":"(anonymous_9)","line":123,"loc":{"start":{"line":123,"column":14},"end":{"line":123,"column":25}}},"10":{"name":"(anonymous_10)","line":127,"loc":{"start":{"line":127,"column":14},"end":{"line":127,"column":30}}},"11":{"name":"(anonymous_11)","line":134,"loc":{"start":{"line":134,"column":12},"end":{"line":134,"column":27}}},"12":{"name":"(anonymous_12)","line":141,"loc":{"start":{"line":141,"column":27},"end":{"line":141,"column":42}}},"13":{"name":"(anonymous_13)","line":152,"loc":{"start":{"line":152,"column":31},"end":{"line":152,"column":46}}},"14":{"name":"(anonymous_14)","line":164,"loc":{"start":{"line":164,"column":27},"end":{"line":164,"column":41}}},"15":{"name":"(anonymous_15)","line":172,"loc":{"start":{"line":172,"column":31},"end":{"line":172,"column":60}}},"16":{"name":"(anonymous_16)","line":183,"loc":{"start":{"line":183,"column":11},"end":{"line":183,"column":21}}},"17":{"name":"(anonymous_17)","line":224,"loc":{"start":{"line":224,"column":9},"end":{"line":224,"column":20}}},"18":{"name":"(anonymous_18)","line":240,"loc":{"start":{"line":240,"column":11},"end":{"line":240,"column":21}}},"19":{"name":"(anonymous_19)","line":254,"loc":{"start":{"line":254,"column":9},"end":{"line":254,"column":19}}},"20":{"name":"(anonymous_20)","line":258,"loc":{"start":{"line":258,"column":14},"end":{"line":258,"column":24}}}},"statementMap":{"1":{"start":{"line":3,"column":0},"end":{"line":3,"column":37}},"2":{"start":{"line":5,"column":0},"end":{"line":27,"column":2}},"3":{"start":{"line":7,"column":4},"end":{"line":7,"column":21}},"4":{"start":{"line":9,"column":4},"end":{"line":9,"column":31}},"5":{"start":{"line":10,"column":4},"end":{"line":10,"column":31}},"6":{"start":{"line":12,"column":4},"end":{"line":12,"column":30}},"7":{"start":{"line":13,"column":4},"end":{"line":13,"column":30}},"8":{"start":{"line":15,"column":4},"end":{"line":15,"column":44}},"9":{"start":{"line":17,"column":4},"end":{"line":17,"column":25}},"10":{"start":{"line":19,"column":4},"end":{"line":21,"column":5}},"11":{"start":{"line":20,"column":8},"end":{"line":20,"column":28}},"12":{"start":{"line":23,"column":4},"end":{"line":25,"column":5}},"13":{"start":{"line":24,"column":8},"end":{"line":24,"column":28}},"14":{"start":{"line":29,"column":0},"end":{"line":270,"column":2}},"15":{"start":{"line":36,"column":8},"end":{"line":36,"column":30}},"16":{"start":{"line":40,"column":8},"end":{"line":40,"column":32}},"17":{"start":{"line":44,"column":8},"end":{"line":44,"column":32}},"18":{"start":{"line":48,"column":8},"end":{"line":48,"column":20}
[...]
202,"column":94}}]},"19":{"line":221,"type":"if","locations":[{"start":{"line":221,"column":12},"end":{"line":221,"column":12}},{"start":{"line":221,"column":12},"end":{"line":221,"column":12}}]},"20":{"line":241,"type":"if","locations":[{"start":{"line":241,"column":12},"end":{"line":241,"column":12}},{"start":{"line":241,"column":12},"end":{"line":241,"column":12}}]},"21":{"line":270,"type":"if","locations":[{"start":{"line":270,"column":8},"end":{"line":270,"column":8}},{"start":{"line":270,"column":8},"end":{"line":270,"column":8}}]},"22":{"line":275,"type":"if","locations":[{"start":{"line":275,"column":13},"end":{"line":275,"column":13}},{"start":{"line":275,"column":13},"end":{"line":275,"column":13}}]},"23":{"line":279,"type":"if","locations":[{"start":{"line":279,"column":12},"end":{"line":279,"column":12}},{"start":{"line":279,"column":12},"end":{"line":279,"column":12}}]},"24":{"line":286,"type":"if","locations":[{"start":{"line":286,"column":13},"end":{"line":286,"column":13}},{"start":{"line":286,"column":13},"end":{"line":286,"column":13}}]},"25":{"line":291,"type":"if","locations":[{"start":{"line":291,"column":13},"end":{"line":291,"column":13}},{"start":{"line":291,"column":13},"end":{"line":291,"column":13}}]},"26":{"line":294,"type":"if","locations":[{"start":{"line":294,"column":12},"end":{"line":294,"column":12}},{"start":{"line":294,"column":12},"end":{"line":294,"column":12}}]},"27":{"line":296,"type":"if","locations":[{"start":{"line":296,"column":16},"end":{"line":296,"column":16}},{"start":{"line":296,"column":16},"end":{"line":296,"column":16}}]},"28":{"line":306,"type":"if","locations":[{"start":{"line":306,"column":13},"end":{"line":306,"column":13}},{"start":{"line":306,"column":13},"end":{"line":306,"column":13}}]},"29":{"line":310,"type":"if","locations":[{"start":{"line":310,"column":12},"end":{"line":310,"column":12}},{"start":{"line":310,"column":12},"end":{"line":310,"column":12}}]},"30":{"line":315,"type":"if","locations":[{"start":{"line":315,"column":13},"end":{"line":315,"column":13}},{"start":{"line":315,"column":13},"end":{"line":315,"column":13}}]},"31":{"line":319,"type":"if","locations":[{"start":{"line":319,"column":12},"end":{"line":319,"column":12}},{"start":{"line":319,"column":12},"end":{"line":319,"column":12}}]},"32":{"line":329,"type":"if","locations":[{"start":{"line":329,"column":13},"end":{"line":329,"column":13}},{"start":{"line":329,"column":13},"end":{"line":329,"column":13}}]},"33":{"line":334,"type":"if","locations":[{"start":{"line":334,"column":12},"end":{"line":334,"column":12}},{"start":{"line":334,"column":12},"end":{"line":334,"column":12}}]},"34":{"line":344,"type":"if","locations":[{"start":{"line":344,"column":13},"end":{"line":344,"column":13}},{"start":{"line":344,"column":13},"end":{"line":344,"column":13}}]},"35":{"line":349,"type":"if","locations":[{"start":{"line":349,"column":13},"end":{"line":349,"column":13}},{"start":{"line":349,"column":13},"end":{"line":349,"column":13}}]},"36":{"line":351,"type":"if","locations":[{"start":{"line":351,"column":12},"end":{"line":351,"column":12}},{"start":{"line":351,"column":12},"end":{"line":351,"column":12}}]},"37":{"line":353,"type":"if","locations":[{"start":{"line":353,"column":16},"end":{"line":353,"column":16}},{"start":{"line":353,"column":16},"end":{"line":353,"column":16}}]},"38":{"line":384,"type":"if","locations":[{"start":{"line":384,"column":12},"end":{"line":384,"column":12}},{"start":{"line":384,"column":12},"end":{"line":384,"column":12}}]},"39":{"line":390,"type":"if","locations":[{"start":{"line":390,"column":8},"end":{"line":390,"column":8}},{"start":{"line":390,"column":8},"end":{"line":390,"column":8}}]},"40":{"line":396,"type":"if","locations":[{"start":{"line":396,"column":13},"end":{"line":396,"column":13}},{"start":{"line":396,"column":13},"end":{"line":396,"column":13}}]},"41":{"line":400,"type":"if","locations":[{"start":{"line":400,"column":13},"end":{"line":400,"column":13}},{"start":{"line":400,"column":13},"end":{"line":400,"column":13}}]},"42":{"line":406,"type":"if","locations":[{"start":{"line":406,"column":13},"end":{"line":406,"column":13}},{"start":{"line":406,"column":13},"end":{"line":406,"column":13}}]},"43":{"line":411,"type":"if","locations":[{"start":{"line":411,"column":13},"end":{"line":411,"column":13}},{"start":{"line":411,"column":13},"end":{"line":411,"column":13}}]},"44":{"line":415,"type":"if","locations":[{"start":{"line":415,"column":13},"end":{"line":415,"column":13}},{"start":{"line":415,"column":13},"end":{"line":415,"column":13}}]},"45":{"line":419,"type":"if","locations":[{"start":{"line":419,"column":13},"end":{"line":419,"column":13}},{"start":{"line":419,"column":13},"end":{"line":419,"column":13}}]},"46":{"line":423,"type":"if","locations":[{"start":{"line":423,"column":13},"end":{"line":423,"column":13}},{"start":{"line":423,"column":13},"end":{"line":423,"column":13}}]},"47":{"line":427,"type":"if","locations":[{"start":{"line":427,"column":8},"end":{"line":427,"column":8}},{"start":{"line":427,"column":8},"end":{"line":427,"column":8}}]},"48":{"line":427,"type":"binary-expr","locations":[{"start":{"line":427,"column":11},"end":{"line":427,"column":18}},{"start":{"line":427,"column":22},"end":{"line":427,"column":36}}]},"49":{"line":431,"type":"if","locations":[{"start":{"line":431,"column":8},"end":{"line":431,"column":8}},{"start":{"line":431,"column":8},"end":{"line":431,"column":8}}]},"50":{"line":450,"type":"if","locations":[{"start":{"line":450,"column":8},"end":{"line":450,"column":8}},{"start":{"line":450,"column":8},"end":{"line":450,"column":8}}]},"51":{"line":450,"type":"binary-expr","locations":[{"start":{"line":450,"column":11},"end":{"line":450,"column":18}},{"start":{"line":450,"column":21},"end":{"line":450,"column":35}}]},"52":{"line":474,"type":"if","locations":[{"start":{"line":474,"column":8},"end":{"line":474,"column":8}},{"start":{"line":474,"column":8},"end":{"line":474,"column":8}}]},"53":{"line":478,"type":"if","locations":[{"start":{"line":478,"column":8},"end":{"line":478,"column":8}},{"start":{"line":478,"column":8},"end":{"line":478,"column":8}}]},"54":{"line":478,"type":"binary-expr","locations":[{"start":{"line":478,"column":11},"end":{"line":478,"column":29}},{"start":{"line":478,"column":33},"end":{"line":478,"column":58}},{"start":{"line":478,"column":62},"end":{"line":478,"column":68}}]},"55":{"line":479,"type":"if","locations":[{"start":{"line":479,"column":12},"end":{"line":479,"column":12}},{"start":{"line":479,"column":12},"end":{"line":479,"column":12}}]},"56":{"line":485,"type":"if","locations":[{"start":{"line":485,"column":13},"end":{"line":485,"column":13}},{"start":{"line":485,"column":13},"end":{"line":485,"column":13}}]},"57":{"line":486,"type":"if","locations":[{"start":{"line":486,"column":12},"end":{"line":486,"column":12}},{"start":{"line":486,"column":12},"end":{"line":486,"column":12}}]},"58":{"line":491,"type":"if","locations":[{"start":{"line":491,"column":8},"end":{"line":491,"column":8}},{"start":{"line":491,"column":8},"end":{"line":491,"column":8}}]},"59":{"line":496,"type":"if","locations":[{"start":{"line":496,"column":8},"end":{"line":496,"column":8}},{"start":{"line":496,"column":8},"end":{"line":496,"column":8}}]},"60":{"line":505,"type":"if","locations":[{"start":{"line":505,"column":8},"end":{"line":505,"column":8}},{"start":{"line":505,"column":8},"end":{"line":505,"column":8}}]},"61":{"line":514,"type":"if","locations":[{"start":{"line":514,"column":8},"end":{"line":514,"column":8}},{"start":{"line":514,"column":8},"end":{"line":514,"column":8}}]},"62":{"line":514,"type":"binary-expr","locations":[{"start":{"line":514,"column":11},"end":{"line":514,"column":43}},{"start":{"line":515,"column":12},"end":{"line":515,"column":36}},{"start":{"line":516,"column":12},"end":{"line":516,"column":38}},{"start":{"line":517,"column":12},"end":{"line":517,"column":31}},{"start":{"line":518,"column":12},"end":{"line":518,"column":39}}]},"63":{"line":524,"type":"if","locations":[{"start":{"line":524,"column":8},"end":{"line":524,"column":8}},{"start":{"line":524,"column":8},"end":{"line":524,"column":8}}]},"64":{"line":591,"type":"if","locations":[{"start":{"line":591,"column":8},"end":{"line":591,"column":8}},{"start":{"line":591,"column":8},"end":{"line":591,"column":8}}]},"65":{"line":593,"type":"binary-expr","locations":[{"start":{"line":593,"column":23},"end":{"line":593,"column":49}},{"start":{"line":593,"column":53},"end":{"line":593,"column":65}}]},"66":{"line":598,"type":"if","locations":[{"start":{"line":598,"column":16},"end":{"line":598,"column":16}},{"start":{"line":598,"column":16},"end":{"line":598,"column":16}}]},"67":{"line":619,"type":"if","locations":[{"start":{"line":619,"column":8},"end":{"line":619,"column":8}},{"start":{"line":619,"column":8},"end":{"line":619,"column":8}}]},"68":{"line":662,"type":"if","locations":[{"start":{"line":662,"column":12},"end":{"line":662,"column":12}},{"start":{"line":662,"column":12},"end":{"line":662,"column":12}}]},"69":{"line":680,"type":"if","locations":[{"start":{"line":680,"column":12},"end":{"line":680,"column":12}},{"start":{"line":680,"column":12},"end":{"line":680,"column":12}}]},"70":{"line":686,"type":"if","locations":[{"start":{"line":686,"column":12},"end":{"line":686,"column":12}},{"start":{"line":686,"column":12},"end":{"line":686,"column":12}}]},"71":{"line":697,"type":"binary-expr","locations":[{"start":{"line":697,"column":23},"end":{"line":697,"column":26}},{"start":{"line":697,"column":30},"end":{"line":697,"column":54}}]},"72":{"line":705,"type":"if","locations":[{"start":{"line":705,"column":12},"end":{"line":705,"column":12}},{"start":{"line":705,"column":12},"end":{"line":705,"column":12}}]},"73":{"line":707,"type":"if","locations":[{"start":{"line":707,"column":20},"end":{"line":707,"column":20}},{"start":{"line":707,"column":20},"end":{"line":707,"column":20}}]}}},"/Users/carlolsen/Dev/screeps/roles-meta.js":{"path":"/Users/carlolsen/Dev/screeps/roles-meta.js","s":{"1":1,"2":0,"3":0,"4":0,"5":0,"6":0,"7":0,"8":0,"9":0,"10":0,"11":0,"12":0,"13":0,"14":0,"15":0,"16":0,"17":1},"b":{"1":[0,0],"2":[0,0]},"f":{"1":0,"2":0},"fnMap":{"1":{"name":"(anonymous_1)","line":6,"loc":{"start":{"line":6,"column":17},"end":{"line":6,"column":32}}},"2":{"name":"(anonymous_2)","line":15,"loc":{"start":{"line":15,"column":13},"end":{"line":15,"column":37}}}},"statementMap":{"1":{"start":{"line":4,"column":0},"end":{"line":193,"column":2}},"2":{"start":{"line":7,"column":8},"end":{"line":7,"column":22}},"3":{"start":{"line":8,"column":8},"end":{"line":11,"column":9}},"4":{"start":{"line":9,"column":12},"end":{"line":9,"column":31}},"5":{"start":{"line":10,"column":12},"end":{"line":10,"column":41}},"6":{"start":{"line":12,"column":8},"end":{"line":12,"column":21}},"7":{"start":{"line":16,"column":8},"end":{"line":16,"column":41}},"8":{"start":{"line":17,"column":8},"end":{"line":17,"column":29}},"9":{"start":{"line":18,"column":8},"end":{"line":18,"column":25}},"10":{"start":{"line":19,"column":8},"end":{"line":27,"column":9}},"11":{"start":{"line":20,"column":12},"end":{"line":20,"column":43}},"12":{"start":{"line":21,"column":12},"end":{"line":21,"column":46}},"13":{"start":{"line":23,"column":12},"end":{"line":26,"column":13}},"14":{"start":{"line":24,"column":16},"end":{"line":24,"column":36}},"15":{"start":{"line":25,"column":16},"end":{"line":25,"column":36}},"16":{"start":{"line":28,"column":8},"end":{"line":28,"column":28}},"17":{"start":{"line":195,"column":0},"end":{"line":195,"column":28}}},"branchMap":{"1":{"line":23,"type":"if","locations":[{"start":{"line":23,"column":12},"end":{"line":23,"column":12}},{"start":{"line":23,"column":12},"end":{"line":23,"column":12}}]},"2":{"line":23,"type":"binary-expr","locations":[{"start":{"line":23,"column":15},"end":{"line":23,"column":30}},{"start":{"line":23,"column":34},"end":{"line":23,"column":54}}]}}},"/Users/carlolsen/Dev/screeps/proto-spawn.js":{"path":"/Users/carlolsen/Dev/screeps/proto-spawn.js","s":{"1":1,"2":1,"3":0,"4":0,"5":0,"6":0,"7":0,"8":0,"9":0,"10":0,"11":0,"12":0,"13":0,"14":0,"15":0,"16":0,"17":0,"18":0,"19":0,"20":0,"21":0,"22":0,"23":0,"24":0,"25":1,"26":0,"27":0,"28":0,"29":0,"30":0},"b":{"1":[0,0],"2":[0,0],"3":[0,0],"4":[0,0],"5":[0,0],"6":[0,0],"7":[0,0],"8":[0,0],"9":[0,0],"10":[0,0]},"f":{"1":0,"2":0},"fnMap":{"1":{"name":"(anonymous_1)","line":5,"loc":{"start":{"line":5,"column":29},"end":{"line":5,"column":52}}},"2":{"name":"(anonymous_2)","line":43,"loc":{"start":{"line":43,"column":25},"end":{"line":43,"column":40}}}},"statementMap":{"1":{"start":{"line":3,"column":0},"end":{"line":3,"column":45}},"2":{"start":{"line":5,"column":0},"end":{"line":41,"column":2}},"3":{"start":{"line":6,"column":4},"end":{"line":6,"column":26}},"4":{"start":{"line":7,"column":4},"end":{"line":7,"column":35}},"5":{"start":{"line":8,"column":4},"end":{"line":8,"column":30}},"6":{"start":{"line":10,"column":4},"end":{"line":12,"column":5}},"7":{"start":{"line":11,"column":8},"end":{"line":11,"column":24}},"8":{"start":{"line":14,"column":4},"end":{"line":14,"column":54}},"9":{"start":{"line":15,"column":8},"end":{"line":15,"column":18}},"10":{"start":{"line":16,"column":8},"end":{"line":32,"column":9}},"11":{"start":{"line":18,"column":12},"end":{"line":18,"column":26}},"12":{"start":{"line":21,"column":13},"end":{"line":32,"column":9}},"13":{"start":{"line":22,"column":12},"end":{"line":22,"column":36}},"14":{"start":{"line":24,"column":13},"end":{"line":32,"column":9}},"15":{"start":{"line":25,"column":12},"end":{"line":25,"column":38}},"16":{"start":{"line":27,"column":13},"end":{"line":32,"column":9}},"17":{"start":{"line":28,"column":12},"end":{"line":28,"column":31}},"18":{"start":{"line":30,"column":13},"end":{"line":32,"column":9}},"19":{"start":{"line":31,"column":12},"end":{"line":31,"column":39}},"20":{"start":{"line":34,"column":4},"end":{"line":39,"column":5}},"21":{"start":{"line":35,"column":8},"end":{"line":35,"column":99}},"22":{"start":{"line":37,"column":8},"end":{"line":37,"column":26}},"23":{"start":{"line":38,"column":8},"end":{"line":38,"column":64}},"24":{"start":{"line":40,"column":4},"end":{"line":40,"column":18}},"25":{"start":{"line":43,"column":0},"end":{"line":53,"column":2}},"26":{"start":{"line":45,"column":4},"end":{"line":47,"column":5}},"27":{"start":{"line":46,"column":8},"end":{"line":46,"column":20}},"28":{"start":{"line":48,"column":4},"end":{"line":50,"column":5}},"29":{"start":{"line":49,"column":8},"end":{"line":49,"column":26}},"30":{"start":{"line":51,"column":4},"end":{"line":51,"column":21}}},"branchMap":{"1":{"line":6,"type":"binary-expr","locations":[{"start":{"line":6,"column":13},"end":{"line":6,"column":19}},{"start":{"line":6,"column":23},"end":{"line":6,"column":25}}]},"2":{"line":10,"type":"if","locations":[{"start":{"line":10,"column":4},"end":{"line":10,"column":4}},{"start":{"line":10,"column":4},"end":{"line":10,"column":4}}]},"3":{"line":16,"type":"if","locations":[{"start":{"line":16,"column":8},"end":{"line":16,"column":8}},{"start":{"line":16,"column":8},"end":{"line":16,"column":8}}]},"4":{"line":21,"type":"if","locations":[{"start":{"line":21,"column":13},"end":{"line":21,"column":13}},{"start":{"line":21,"column":13},"end":{"line":21,"column":13}}]},"5":{"line":24,"type":"if","locations":[{"start":{"line":24,"column":13},"end":{"line":24,"column":13}},{"start":{"line":24,"column":13},"end":{"line":24,"column":13}}]},"6":{"line":27,"type":"if","locations":[{"start":{"line":27,"column":13},"end":{"line":27,"column":13}},{"start":{"line":27,"column":13},"end":{"line":27,"column":13}}]},"7":{"line":30,"type":"if","locations":[{"start":{"line":30,"column":13},"end":{"line":30,"column":13}},{"start":{"line":30,"column":13},"end":{"line":30,"column":13}}]},"8":{"line":34,"type":"if","locations":[{"start":{"line":34,"column":4},"end":{"line":34,"column":4}},{"start":{"line":34,"column":4},"end":{"line":34,"column":4}}]},"9":{"line":45,"type":"if","locations":[{"start":{"line":45,"column":4},"end":{"line":45,"column":4}},{"start":{"line":45,"column":4},"end":{"line":45,"column":4}}]},"10":{"line":48,"type":"if","locations":[{"start":{"line":48,"column":4},"end":{"line":48,"column":4}},{"start":{"line":48,"column":4},"end":{"line":48,"column":4}}]}}},"/Users/carlolsen/Dev/screeps/proto-room-position.js":{"path":"/Users/carlolsen/Dev/screeps/proto-room-position.js","s":{"1":1,"2":0,"3":0,"4":0,"5":0,"6":0,"7":0,"8":0,"9":0,"10":0,"11":0,"12":0,"13":0,"14":0,"15":0,"16":0,"17":0,"18":1,"19":0,"20":0,"21":0,"22":0,"23":0,"24":0,"25":0},"b":{"1":[0,0],"2":[0,0,0],"3":[0,0],"4":[0,0],"5":[0,0],"6":[0,0]},"f":{"1":0,"2":0,"3":0,"4":0},"fnMap":{"1":{"name":"(anonymous_1)","line":4,"loc":{"start":{"line":4,"column":45},"end":{"line":4,"column":59}}},"2":{"name":"(anonymous_2)","line":39,"loc":{"start":{"line":39,"column":48},"end":{"line":39,"column":58}}},"3":{"name":"(anonymous_3)","line":41,"loc":{"start":{"line":41,"column":29},"end":{"line":41,"column":45}}},"4":{"name":"(anonymous_4)","line":45,"loc":{"start":{"line":45,"column":37},"end":{"line":45,"column":49}}}},"statementMap":{"1":{"start":{"line":4,"column":0},"end":{"line":37,"column":2}},"2":{"start":{"line":6,"column":4},"end":{"line":6,"column":41}},"3":{"start":{"line":7,"column":4},"end":{"line":7,"column":36}},"4":{"start":{"line":9,"column":4},"end":{"line":9,"column":23}},"5":{"start":{"line":10,"column":4},"end":{"line":10,"column":26}},"6":{"start":{"line":12,"column":4},"end":{"line":27,"column":5}},"7":{"start":{"line":13,"column":8},"end":{"line":13,"column":28}},"8":{"start":{"line":15,"column":8},"end":{"line":15,"column":44}},"9":{"start":{"line":17,"column":8},"end":{"line":26,"column":9}},"10":{"start":{"line":21,"column":12},"end":{"line":25,"column":13}},"11":{"start":{"line":22,"column":16},"end":{"line":22,"column":37}},"12":{"start":{"line":24,"column":16},"end":{"line":24,"column":40}},"13":{"start":{"line":29,"column":4},"end":{"line":31,"column":5}},"14":{"start":{"line":30,"column":8},"end":{"line":30,"column":43}},"15":{"start":{"line":33,"column":4},"end":{"line":35,"column":5}},"16":{"start":{"line":34,"column":8},"end":{"line":34,"column":46}},"17":{"start":{"line":36,"column":4},"end":{"line":36,"column":17}},"18":{"start":{"line":39,"column":0},"end":{"line":50,"column":2}},"19":{"start":{"line":40,"column":4},"end":{"line":40,"column":41}},"20":{"start":{"line":41,"column":4},"end":{"line":43,"column":7}},"21":{"start":{"line":42,"column":8},"end":{"line":42,"column":51}},"22":{"start":{"line":45,"column":4},"end":{"line":47,"column":7}},"23":{"start":{"line":46,"column":8},"end":{"line":46,"column":78}},"24":{"start":{"line":48,"column":4},"end":{"line":48,"column":44}},"25":{"start":{"line":49,"column":4},"end":{"line":49,"column":37}}},"branchMap":{"1":{"line":17,"type":"if","locations":[{"start":{"line":17,"column":8},"end":{"line":17,"column":8}},{"start":{"line":17,"column":8},"end":{"line":17,"column":8}}]},"2":{"line":18,"type":"binary-expr","locations":[{"start":{"line":18,"column":13},"end":{"line":18,"column":30}},{"start":{"line":18,"column":34},"end":{"line":18,"column":43}},{"start":{"line":19,"column":12},"end":{"line":19,"column":36}}]},"3":{"line":21,"type":"if","locations":[{"start":{"line":21,"column":12},"end":{"line":21,"column":12}},{"start":{"line":21,"column":12},"end":{"line":21,"column":12}}]},"4":{"line":29,"type":"if","locations":[{"start":{"line":29,"column":4},"end":{"line":29,"column":4}},{"start":{"line":29,"column":4},"end":{"line":29,"column":4}}]},"5":{"line":33,"type":"if","locations":[{"start":{"line":33,"column":4},"end":{"line":33,"column":4}},{"start":{"line":33,"column":4},"end":{"line":33,"column":4}}]},"6":{"line":46,"type":"binary-expr","locations":[{"start":{"line":46,"column":15},"end":{"line":46,"column":46}},{"start":{"line":46,"column":50},"end":{"line":46,"column":77}}]}}}}