{"/Users/carlolsen/Dev/screeps/proto-all.js":{"path":"/Users/carlolsen/Dev/screeps/proto-all.js","s":{"1":1,"2":1,"3":1,"4":1,"5":1,"6":1,"7":1,"8":1,"9":1},"b":{},"f":{},"fnMap":{},"statementMap":{"1":{"start":{"line":1,"column":0},"end":{"line":1,"column":23}},"2":{"start":{"line":2,"column":0},"end":{"line":2,"column":22}},"3":{"start":{"line":3,"column":0},"end":{"line":3,"column":22}},"4":{"start":{"line":4,"column":0},"end":{"line":4,"column":23}},"5":{"start":{"line":5,"column":0},"end":{"line":5,"column":31}},"6":{"start":{"line":7,"column":0},"end":{"line":7,"column":49}},"7":{"start":{"line":8,"column":0},"end":{"line":8,"column":46}},"8":{"start":{"line":9,"column":0},"end":{"line":9,"column":46}},"9":{"start":{"line":10,"column":0},"end":{"line":10,"column":56}}},"branchMap":{}},"/Users/carlolsen/Dev/screeps/proto-creep.js":{"path":"/Users/carlolsen/Dev/screeps/proto-creep.js","s":{"1":1,"2":1,"3":1,"4":0,"5":0,"6":0,"7":0,"8":0,"9":0,"10":0,"11":0,"12":0,"13":0,"14":0,"15":0,"16":0,"17":0,"18":0,"19":0,"20":0,"21":0,"22":0,"23":0,"24":0,"25":0,"26":0,"27":0,"28":0,"29":0,"30":1,"31":9,"32":4,"33":9,"34":1,"35":2,"36":2,"37":2,"38":1,"39":3,"40":3,"41":3,"42":2,"43":3,"44":1,"45":11,"46":3,"47":11,"48":1,"49":4,"50":1,"51":4,"52":4,"53":1,"54":3,"55":1,"56":1,"57":1,"58":5,"59":2,"60":1,"61":2,"62":5,"63":1,"64":0,"65":0,"66":0,"67":0,"68":0,"69":0,"70":0,"71":0,"72":0,"73":0,"74":0,"75":0,"76":0,"77":0,"78":0,"79":0,"80":1,"81":3},"b":{"1":[0,0],"2":[0,0],"3":[0,0],"4":[0,0],"5":[0,0],"6":[0,0],"7":[0,0],"8":[0,0],"9":[0,0],"10":[4,5],"11":[2,0],"12":[2,1],"13":[3,2],"14":[3,8],"15":[1,3],"16":[1,3],"17":[2,3],"18":[1,1],"19":[0,0],"20":[0,0],"21":[0,0]},"f":{"1":0,"2":9,"3":2,"4":3,"5":11,"6":4,"7":1,"8":5,"9":0,"10":3},"fnMap":{"1":{"name":"(anonymous_1)","line":7,"loc":{"start":{"line":7,"column":22},"end":{"line":7,"column":33}}},"2":{"name":"(anonymous_2)","line":69,"loc":{"start":{"line":69,"column":23},"end":{"line":69,"column":38}}},"3":{"name":"(anonymous_3)","line":77,"loc":{"start":{"line":77,"column":34},"end":{"line":77,"column":44}}},"4":{"name":"(anonymous_4)","line":84,"loc":{"start":{"line":84,"column":23},"end":{"line":84,"column":34}}},"5":{"name":"(anonymous_5)","line":93,"loc":{"start":{"line":93,"column":24},"end":{"line":93,"column":37}}},"6":{"name":"(anonymous_6)","line":100,"loc":{"start":{"line":100,"column":22},"end":{"line":100,"column":36}}},"7":{"name":"(anonymous_7)","line":111,"loc":{"start":{"line":111,"column":27},"end":{"line":111,"column":38}}},"8":{"name":"(anonymous_8)","line":116,"loc":{"start":{"line":116,"column":27},"end":{"line":116,"column":46}}},"9":{"name":"(anonymous_9)","line":127,"loc":{"start":{"line":127,"column":35},"end":{"line":127,"column":52}}},"10":{"name":"(anonymous_10)","line":155,"loc":{"start":{"line":155,"column":31},"end":{"line":155,"column":41}}}},"statementMap":{"1":{"start":{"line":3,"column":0},"end":{"line":3,"column":38}},"2":{"start":{"line":5,"column":0},"end":{"line":5,"column":45}},"3":{"start":{"line":7,"column":0},"end":{"line":67,"column":2}},"4":{"start":{"line":8,"column":4},"end":{"line":8,"column":26}},"5":{"start":{"line":9,"column":4},"end":{"line":9,"column":27}},"6":{"start":{"line":10,"column":4},"end":{"line":10,"column":25}},"7":{"start":{"line":12,"column":4},"end":{"line":14,"column":5}},"8":{"start":{"line":13,"column":8},"end":{"line":13,"column":25}},"9":{"start":{"line":16,"column":4},"end":{"line":25,"column":5}},"10":{"start":{"line":17,"column":8},"end":{"line":22,"column":9}},"11":{"start":{"line":18,"column":12},"end":{"line":18,"column":29}},"12":{"start":{"line":19,"column":12},"end":{"line":19,"column":45}},"13":{"start":{"line":20,"column":12},"end":{"line":20,"column":49}},"14":{"start":{"line":21,"column":12},"end":{"line":21,"column":24}},"15":{"start":{"line":23,"column":8},"end":{"line":23,"column":41}},"16":{"start":{"line":24,"column":8},"end":{"line":24,"column":46}},"17":{"start":{"line":27,"column":4},"end":{"line":39,"column":5}},"18":{"start":{"line":28,"column":8},"end":{"line":28,"column":34}},"19":{"start":{"line":29,"column":8},"end":{"line":29,"column":39}},"20":{"start":{"line":30,"column":8},"end":{"line":32,"column":9}},"21":{"start":{"line":31,"column":12},"end":{"line":31,"column":38}},"22":{"start":{"line":35,"column":8},"end":{"line":37,"column":9}},"23":{"start":{"line":36,"column":12},"end":{"line":36,"column":38}},"24":{"start":{"line":38,"column":8},"end":{"line":38,"column":32}},"25":{"start":{"line":42,"column":4},"end":{"line":53,"column":5}},"26":{"start":{"line":43,"column":8},"end":{"line":43,"column":58}},"27":{"start":{"line":44,"column":8},"end":{"line":52,"column":9}},"28":{"start":{"line":45,"column":12},"end":{"line":51,"column":21}},"29":{"start":{"line":55,"column":4},"end":{"line":55,"column":30}},"30":{"start":{"line":69,"column":0},"end":{"line":74,"column":2}},"31":{"start":{"line":70,"column":4},"end":{"line":72,"column":5}},"32":{"start":{"line":71,"column":8},"end":{"line":71,"column":32}},"33":{"start":{"line":73,"column":4},"end":{"line":73,"column":28}},"34":{"start":{"line":77,"column":0},"end":{"line":82,"column":2}},"35":{"start":{"line":78,"column":4},"end":{"line":78,"column":27}},"36":{"start":{"line":79,"column":4},"end":{"line":81,"column":5}},"37":{"start":{"line":80,"column":8},"end":{"line":80,"column":60}},"38":{"start":{"line":84,"column":0},"end":{"line":91,"column":2}},"39":{"start":{"line":85,"column":4},"end":{"line":85,"column":25}},"40":{"start":{"line":86,"column":4},"end":{"line":86,"column":13}},"41":{"start":{"line":87,"column":4},"end":{"line":89,"column":5}},"42":{"start":{"line":88,"column":8},"end":{"line":88,"column":26}},"43":{"start":{"line":90,"column":4},"end":{"line":90,"column":35}},"44":{"start":{"line":93,"column":0},"end":{"line":98,"column":2}},"45":{"start":{"line":94,"column":4},"end":{"line":96,"column":5}},"46":{"start":{"line":95,"column":8},"end":{"line":95,"column":42}},"47":{"start":{"line":97,"column":4},"end":{"line":97,"column":40}},"48":{"start":{"line":100,"column":0},"end":{"line":109,"column":2}},"49":{"start":{"line":101,"column":4},"end":{"line":103,"column":5}},"50":{"start":{"line":102,"column":8},"end":{"line":102,"column":27}},"51":{"start":{"line":104,"column":4},"end":{"line":104,"column":29}},"52":{"start":{"line":105,"column":4},"end":{"line":107,"column":5}},"53":{"start":{"line":106,"column":8},"end":{"line":106,"column":21}},"54":{"start":{"line":108,"column":4},"end":{"line":108,"column":42}},"55":{"start":{"line":111,"column":0},"end":{"line":113,"column":2}},"56":{"start":{"line":112,"column":4},"end":{"line":112,"column":45}},"57":{"start":{"line":116,"column":0},"end":{"line":125,"column":2}},"58":{"start":{"line":117,"column":4},"end":{"line":123,"column":5}},"59":{"start":{"line":119,"column":8},"end":{"line":121,"column":9}},"60":{"start":{"line":120,"column":12},"end":{"line":120,"column":33}},"61":{"start":{"line":122,"column":8},"end":{"line":122,"column":40}},"62":{"start":{"line":124,"column":4},"end":{"line":124,"column":32}},"63":{"start":{"line":127,"column":0},"end":{"line":153,"column":2}},"64":{"start":{"line":128,"column":4},"end":{"line":128,"column":23}},"65":{"start":{"line":129,"column":4},"end":{"line":129,"column":24}},"66":{"start":{"line":130,"column":4},"end":{"line":130,"column":27}},"67":{"start":{"line":131,"column":4},"end":{"line":131,"column":25}},"68":{"start":{"line":132,"column":4},"end":{"line":132,"column":26}},"69":{"start":{"line":134,"column":4},"end":{"line":134,"column":76}},"70":{"start":{"line":136,"column":4},"end":{"line":136,"column":21}},"71":{"start":{"line":138,"column":4},"end":{"line":147,"column":5}},"72":{"start":{"line":139,"column":8},"end":{"line":139,"column":28}},"73":{"start":{"line":140,"column":8},"end":{"line":146,"column":9}},"74":{"start":{"line":141,"column":12},"end":{"line":141,"column":32}},"75":{"start":{"line":142,"column":12},"end":{"line":145,"column":13}},"76":{"start":{"line":144,"column":16},"end":{"line":144,"column":37}},"77":{"start":{"line":149,"column":4},"end":{"line":151,"column":5}},"78":{"start":{"line":150,"column":8},"end":{"line":150,"column":41}},"79":{"start":{"line":152,"column":4},"end":{"line":152,"column":19}},"80":{"start":{"line":155,"column":0},"end":{"line":157,"column":2}},"81":{"start":{"line":156,"column":4},"end":{"line":156,"column":45}}},"branchMap":{"1":{"line":12,"type":"if","locations":[{"start":{"line":12,"column":4},"end":{"line":12,"column":4}},{"start":{"line":12,"column":4},"end":{"line":12,"column":4}}]},"2":{"line":16,"type":"if","locations":[{"start":{"line":16,"column":4},"end":{"line":16,"column":4}},{"start":{"line":16,"column":4},"end":{"line":16,"column":4}}]},"3":{"line":17,"type":"if","locations":[{"start":{"line":17,"column":8},"end":{"line":17,"column":8}},{"start":{"line":17,"column":8},"end":{"line":17,"column":8}}]},"4":{"line":17,"type":"binary-expr","locations":[{"start":{"line":17,"column":12},"end":{"line":17,"column":15}},{"start":{"line":17,"column":19},"end":{"line":17,"column":46}}]},"5":{"line":27,"type":"if","locations":[{"start":{"line":27,"column":4},"end":{"line":27,"column":4}},{"start":{"line":27,"column":4},"end":{"line":27,"column":4}}]},"6":{"line":30,"type":"if","locations":[{"start":{"line":30,"column":8},"end":{"line":30,"column":8}},{"start":{"line":30,"column":8},"end":{"line":30,"column":8}}]},"7":{"line":35,"type":"if","locations":[{"start":{"line":35,"column":8},"end":{"line":35,"column":8}},{"start":{"line":35,"column":8},"end":{"line":35,"column":8}}]},"8":{"line":42,"type":"if","locations":[{"start":{"line":42,"column":4},"end":{"line":42,"column":4}},{"start":{"line":42,"column":4},"end":{"line":42,"column":4}}]},"9":{"line":44,"type":"if","locations":[{"start":{"line":44,"column":8},"end":{"line":44,"column":8}},{"start":{"line":44,"column":8},"end":{"line":44,"column":8}}]},"10":{"line":70,"type":"if","locations":[{"start":{"line":70,"column":4},"end":{"line":70,"column":4}},{"start":{"line":70,"column":4},"end":{"line":70,"column":4}}]},"11":{"line":79,"type":"if","locations":[{"start":{"line":79,"column":4},"end":{"line":79,"column":4}},{"start":{"line":79,"column":4},"end":{"line":79,"column":4}}]},"12":{"line":87,"type":"if","locations":[{"start":{"line":87,"column":4},"end":{"line":87,"column":4}},{"start":{"line":87,"column":4},"end":{"line":87,"column":4}}]},"13":{"line":90,"type":"binary-expr","locations":[{"start":{"line":90,"column":11},"end":{"line":90,"column":15}},{"start":{"line":90,"column":19},"end":{"line":90,"column":34}}]},"14":{"line":94,"type":"if","locations":[{"start":{"line":94,"column":4},"end":{"line":94,"column":4}},{"start":{"line":94,"column":4},"end":{"line":94,"column":4}}]},"15":{"line":101,"type":"if","locations":[{"start":{"line":101,"column":4},"end":{"line":101,"column":4}},{"start":{"line":101,"column":4},"end":{"line":101,"column":4}}]},"16":{"line":105,"type":"if","locations":[{"start":{"line":105,"column":4},"end":{"line":105,"column":4}},{"start":{"line":105,"column":4},"end":{"line":105,"column":4}}]},"17":{"line":117,"type":"if","locations":[{"start":{"line":117,"column":4},"end":{"line":117,"column":4}},{"start":{"line":117,"column":4},"end":{"line":117,"column":4}}]},"18":{"line":119,"type":"if","locations":[{"start":{"line":119,"column":8},"end":{"line":119,"column":8}},{"start":{"line":119,"column":8},"end":{"line":119,"column":8}}]},"19":{"line":142,"type":"if","locations":[{"start":{"line":142,"column":12},"end":{"line":142,"column":12}},{"start":{"line":142,"column":12},"end":{"line":142,"column":12}}]},"20":{"line":142,"type":"binary-expr","locations":[{"start":{"line":142,"column":15},"end":{"line":142,"column":21}},{"start":{"line":142,"column":25},"end":{"line":142,"column":35}}]},"21":{"line":149,"type":"if","locations":[{"start":{"line":149,"column":4},"end":{"line":149,"column":4}},{"start":{"line":149,"column":4},"end":{"line":149,"column":4}}]}}},"/Users/carlolsen/Dev/screeps/roles-meta.js":{"path":"/Users/carlolsen/Dev/screeps/roles-meta.js","s":{"1":1,"2":0,"3":0,"4":0,"5":0,"6":0,"7":0,"8":0,"9":0,"10":0,"11":0,"12":0,"13":0,"14":0,"15":0,"16":0,"17":1},"b":{"1":[0,0],"2":[0,0]},"f":{"1":0,"2":0},"fnMap":{"1":{"name":"(anonymous_1)","line":6,"loc":{"start":{"line":6,"column":17},"end":{"line":6,"column":32}}},"2":{"name":"(anonymous_2)","line":15,"loc":{"start":{"line":15,"column":13},"end":{"line":15,"column":37}}}},"statementMap":{"1":{"start":{"line":4,"column":0},"end":{"line":244,"column":2}},"2":{"start":{"line":7,"column":8},"end":{"line":7,"column":22}},"3":{"start":{"line":8,"column":8},"end":{"line":11,"column":9}},"4":{"start":{"line":9,"column":12},"end":{"line":9,"column":31}},"5":{"start":{"line":10,"column":12},"end":{"line":10,"column":41}},"6":{"start":{"line":12,"column":8},"end":{"line":12,"column":21}},"7":{"start":{"line":16,"column":8},"end":{"line":16,"column":41}},"8":{"start":{"line":17,"column":8},"end":{"line":17,"column":29}},"9":{"start":{"line":18,"column":8},"end":{"line":18,"column":25}},"10":{"start":{"line":19,"column":8},"end":{"line":27,"column":9}},"11":{"start":{"line":20,"column":12},"end":{"line":20,"column":43}},"12":{"start":{"line":21,"column":12},"end":{"line":21,"column":46}},"13":{"start":{"line":23,"column":12},"end":{"line":26,"column":13}},"14":{"start":{"line":24,"column":16},"end":{"line":24,"column":36}},"15":{"start":{"line":25,"column":16},"end":{"line":25,"column":36}},"16":{"start":{"line":28,"column":8},"end":{"line":28,"column":28}},"17":{"start":{"line":246,"column":0},"end":{"line":246,"column":28}}},"branchMap":{"1":{"line":23,"type":"if","locations":[{"start":{"line":23,"column":12},"end":{"line":23,"column":12}},{"start":{"line":23,"column":12},"end":{"line":23,"column":12}}]},"2":{"line":23,"type":"binary-expr","locations":[{"start":{"line":23,"column":15},"end":{"line":23,"column":30}},{"start":{"line":23,"column":34},"end":{"line":23,"column":54}}]}}},"/Users/carlolsen/Dev/screeps/mixin-job-target.js":{"path":"/Users/carlolsen/Dev/screeps/mixin-job-target.js","s":{"1":1,"2":0,"3":0,"4":0,"5":0,"6":1,"7":0,"8":0,"9":0,"10":0,"11":0,"12":0,"13":0,"14":0,"15":0,"16":0,"17":0,"18":0,"19":1,"20":0,"21":0,"22":0,"23":1,"24":0,"25":0,"26":0,"27":0,"28":1,"29":0,"30":0,"31":1,"32":0,"33":0,"34":0,"35":0,"36":0,"37":0,"38":0,"39":0,"40":0,"41":1,"42":0,"43":0,"44":0,"45":0,"46":0,"47":0,"48":0,"49":0,"50":0,"51":0,"52":1,"53":7,"54":7,"55":7,"56":7,"57":7,"58":7,"59":7,"60":1},"b":{"1":[0,0],"2":[0,0],"3":[0,0],"4":[0,0],"5":[0,0],"6":[0,0],"7":[0,0],"8":[0,0],"9":[0,0]},"f":{"1":0,"2":0,"3":0,"4":0,"5":0,"6":0,"7":0,"8":7},"fnMap":{"1":{"name":"(anonymous_1)","line":4,"loc":{"start":{"line":4,"column":21},"end":{"line":4,"column":32}}},"2":{"name":"(anonymous_2)","line":13,"loc":{"start":{"line":13,"column":19},"end":{"line":13,"column":36}}},"3":{"name":"(anonymous_3)","line":38,"loc":{"start":{"line":38,"column":21},"end":{"line":38,"column":37}}},"4":{"name":"(anonymous_4)","line":47,"loc":{"start":{"line":47,"column":24},"end":{"line":47,"column":40}}},"5":{"name":"(anonymous_5)","line":57,"loc":{"start":{"line":57,"column":22},"end":{"line":57,"column":38}}},"6":{"name":"(anonymous_6)","line":63,"loc":{"start":{"line":63,"column":24},"end":{"line":63,"column":39}}},"7":{"name":"(anonymous_7)","line":83,"loc":{"start":{"line":83,"column":27},"end":{"line":83,"column":42}}},"8":{"name":"(anonymous_8)","line":102,"loc":{"start":{"line":102,"column":16},"end":{"line":102,"column":30}}}},"statementMap":{"1":{"start":{"line":4,"column":0},"end":{"line":10,"column":2}},"2":{"start":{"line":5,"column":4},"end":{"line":5,"column":54}},"3":{"start":{"line":6,"column":4},"end":{"line":8,"column":5}},"4":{"start":{"line":7,"column":8},"end":{"line":7,"column":33}},"5":{"start":{"line":9,"column":4},"end":{"line":9,"column":31}},"6":{"start":{"line":13,"column":0},"end":{"line":35,"column":2}},"7":{"start":{"line":15,"column":4},"end":{"line":15,"column":18}},"8":{"start":{"line":16,"column":4},"end":{"line":16,"column":36}},"9":{"start":{"line":17,"column":4},"end":{"line":17,"column":38}},"10":{"start":{"line":18,"column":4},"end":{"line":29,"column":5}},"11":{"start":{"line":19,"column":8},"end":{"line":19,"column":24}},"12":{"start":{"line":20,"column":8},"end":{"line":20,"column":34}},"13":{"start":{"line":22,"column":8},"end":{"line":28,"column":9}},"14":{"start":{"line":23,"column":12},"end":{"line":23,"column":27}},"15":{"start":{"line":27,"column":12},"end":{"line":27,"column":29}},"16":{"start":{"line":31,"column":4},"end":{"line":33,"column":5}},"17":{"start":{"line":32,"column":8},"end":{"line":32,"column":35}},"18":{"start":{"line":34,"column":4},"end":{"line":34,"column":16}},"19":{"start":{"line":38,"column":0},"end":{"line":44,"column":2}},"20":{"start":{"line":39,"column":4},"end":{"line":39,"column":39}},"21":{"start":{"line":41,"column":4},"end":{"line":43,"column":5}},"22":{"start":{"line":42,"column":8},"end":{"line":42,"column":27}},"23":{"start":{"line":47,"column":0},"end":{"line":54,"column":2}},"24":{"start":{"line":48,"column":4},"end":{"line":48,"column":39}},"25":{"start":{"line":50,"column":4},"end":{"line":50,"column":38}},"26":{"start":{"line":51,"column":4},"end":{"line":53,"column":5}},"27":{"start":{"line":52,"column":8},"end":{"line":52,"column":32}},"28":{"start":{"line":57,"column":0},"end":{"line":60,"column":2}},"29":{"start":{"line":58,"column":4},"end":{"line":58,"column":44}},"30":{"start":{"line":59,"column":4},"end":{"line":59,"column":44}},"31":{"start":{"line":63,"column":0},"end":{"line":80,"column":2}},"32":{"start":{"line":64,"column":4},"end":{"line":64,"column":36}},"33":{"start":{"line":65,"column":4},"end":{"line":77,"column":5}},"34":{"start":{"line":66,"column":8},"end":{"line":66,"column":24}},"35":{"start":{"line":67,"column":8},"end":{"line":67,"column":46}},"36":{"start":{"line":68,"column":8},"end":{"line":76,"column":9}},"37":{"start":{"line":69,"column":12},"end":{"line":71,"column":13}},"38":{"start":{"line":70,"column":16},"end":{"line":70,"column":28}},"39":{"start":{"line":75,"column":12},"end":{"line":75,"column":29}},"40":{"start":{"line":79,"column":4},"end":{"line":79,"column":17}},"41":{"start":{"line":83,"column":0},"end":{"line":100,"column":2}},"42":{"start":{"line":84,"column":4},"end":{"line":84,"column":36}},"43":{"start":{"line":85,"column":4},"end":{"line":85,"column":18}},"44":{"start":{"line":86,"column":4},"end":{"line":98,"column":5}},"45":{"start":{"line":87,"column":8},"end":{"line":87,"column":24}},"46":{"start":{"line":88,"column":8},"end":{"line":88,"column":46}},"47":{"start":{"line":89,"column":8},"end":{"line":97,"column":9}},"48":{"start":{"line":90,"column":12},"end":{"line":92,"column":13}},"49":{"start":{"line":91,"column":16},"end":{"line":91,"column":24}},"50":{"start":{"line":96,"column":12},"end":{"line":96,"column":29}},"51":{"start":{"line":99,"column":4},"end":{"line":99,"column":17}},"52":{"start":{"line":102,"column":0},"end":{"line":110,"column":2}},"53":{"start":{"line":103,"column":4},"end":{"line":103,"column":40}},"54":{"start":{"line":104,"column":4},"end":{"line":104,"column":36}},"55":{"start":{"line":105,"column":4},"end":{"line":105,"column":40}},"56":{"start":{"line":106,"column":4},"end":{"line":106,"column":46}},"57":{"start":{"line":107,"column":4},"end":{"line":107,"column":42}},"58":{"start":{"line":108,"column":4},"end":{"line":108,"column":46}},"59":{"start":{"line":109,"column":4},"end":{"line":109,"column":52}},"60":{"start":{"line":112,"column":0},"end":{"line":112,"column":27}}},"branchMap":{"1":{"line":6,"type":"if","locations":[{"start":{"line":6,"column":4},"end":{"line":6,"column":4}},{"start":{"line":6,"column":4},"end":{"line":6,"column":4}}]},"2":{"line":22,"type":"if","locations":[{"start":{"line":22,"column":8},"end":{"line":22,"column":8}},{"start":{"line":22,"column":8},"end":{"line":22,"column":8}}]},"3":{"line":31,"type":"if","locations":[{"start":{"line":31,"column":4},"end":{"line":31,"column":4}},{"start":{"line":31,"column":4},"end":{"line":31,"column":4}}]},"4":{"line":41,"type":"if","locations":[{"start":{"line":41,"column":4},"end":{"line":41,"column":4}},{"start":{"line":41,"column":4},"end":{"line":41,"column":4}}]},"5":{"line":51,"type":"if","locations":[{"start":{"line":51,"column":4},"end":{"line":51,"column":4}},{"start":{"line":51,"column":4},"end":{"line":51,"column":4}}]},"6":{"line":68,"type":"if","locations":[{"start":{"line":68,"column":8},"end":{"line":68,"column":8}},{"start":{"line":68,"column":8},"end":{"line":68,"column":8}}]},"7":{"line":69,"type":"if","locations":[{"start":{"line":69,"column":12},"end":{"line":69,"column":12}},{"start":{"line":69,"column":12},"end":{"line":69,"column":12}}]},"8":{"line":89,"type":"if","locations":[{"start":{"line":89,"column":8},"end":{"line":89,"column":8}},{"start":{"line":89,"column":8},"end":{"line":89,"column":8}}]},"9":{"line":90,"type":"if","locations":[{"start":{"line":90,"column":12},"end":{"line":90,"column":12}},{"start":{"line":90,"column":12},"end":{"line":90,"column":12}}]}}},"/Users/carlolsen/Dev/screeps/proto-flag.js":{"path":"/Users/carlolsen/Dev/screeps/proto-flag.js","s":{"1":1,"2":1,"3":0,"4":0,"5":0,"6":1,"7":0,"8":0,"9":0,"10":0,"11":0,"12":0,"13":0,"14":1,"15":0,"16":0,"17":0,"18":0,"19":0,"20":0,"21":0,"22":0,"23":1,"24":0,"25":0,"26":0,"27":0,"28":0,"29":0,"30":0,"31":1,"32":0,"33":0,"34":0,"35":0,"36":0,"37":0,"38":0,"39":0,"40":1,"41":0,"42":0,"43":0,"44":0,"45":0,"46":1,"47":0,"48":0,"49":0,"50":0,"51":0,"52":0,"53":0,"54":0,"55":0,"56":1,"57":0,"58":0,"59":0,"60":0,"61":0,"62":1,"63":0,"64":0,"65":0,"66":0,"67":0,"68":0,"69":0,"70":1,"71":0,"72":0,"73":0,"74":0,"75":0,"76":0,"77":0,"78":1,"79":0,"80":0,"81":0,"82":0,"83":0,"84":1,"85":0,"86":0,"87":0,"88":0,"89":0,"90":1,"91":0,"92":0,"93":0,"94":0,"95":0,"96":0,"97":0,"98":0,"99":0,"100":1,"101":0,"102":0,"103":0,"104":0,"105":0,"106":0,"107":0,"108":1,"109":0,"110":0,"111":0,"112":0,"113":0,"114":0,"115":0,"116":1,"117":0,"118":0,"119":0,"120":0,"121":0,"122":0,"123":0},"b":{"1":[0,0],"2":[0,0],"3":[0,0],"4":[0,0],"5":[0,0],"6":[0,0],"7":[0,0],"8":[0,0],"9":[0,0],"10":[0,0],"11":[0,0],"12":[0,0],"13":[0,0,0],"14":[0,0],"15":[0,0],"16":[0,0],"17":[0,0],"18":[0,0],"19":[0,0],"20":[0,0],"21":[0,0],"22":[0,0],"23":[0,0],"24":[0,0],"25":[0,0],"26":[0,0],"27":[0,0],"28":[0,0],"29":[0,0],"30":[0,0],"31":[0,0],"32":[0,0],"33":[0,0],"34":[0,0],"35":[0,0],"36":[0,0],"37":[0,0],"38":[0,0],"39":[0,0],"40":[0,0],"41":[0,0],"42":[0,0]},"f":{"1":0,"2":0,"3":0,"4":0,"5":0,"6":0,"7":0,"8":0,"9":0,"10":0,"11":0,"12":0,"13":0,"14":0,"15":0,"16":0,"17":0,"18":0,"19":0,"20":0},"fnMap":{"1":{"name":"(anonymous_1)","line":5,"loc":{"start":{"line":5,"column":22},"end":{"line":5,"column":37}}},"2":{"name":"(anonymous_2)","line":13,"loc":{"start":{"line":13,"column":26},"end":{"line":13,"column":42}}},"3":{"name":"(anonymous_3)","line":26,"loc":{"start":{"line":26,"column":28},"end":{"line":26,"column":39}}},"4":{"name":"(anonymous_4)","line":30,"loc":{"start":{"line":30,"column":33},"end":{"line":30,"column":46}}},"5":{"name":"(anonymous_5)","line":41,"loc":{"start":{"line":41,"column":29},"end":{"line":41,"column":45}}},"6":{"name":"(anonymous_6)","line":54,"loc":{"start":{"line":54,"column":24},"end":{"line":54,"column":35}}},"7":{"name":"(anonymous_7)","line":58,"loc":{"start":{"line":58,"column":29},"end":{"line":58,"column":42}}},"8":{"name":"(anonymous_8)","line":64,"loc":{"start":{"line":64,"column":11},"end":{"line":64,"column":24}}},"9":{"name":"(anonymous_9)","line":70,"loc":{"start":{"line":70,"column":31},"end":{"line":70,"column":50}}},"10":{"name":"(anonymous_10)","line":81,"loc":{"start":{"line":81,"column":26},"end":{"line":81,"column":39}}},"11":{"name":"(anonymous_11)","line":96,"loc":{"start":{"line":96,"column":24},"end":{"line":96,"column":41}}},"12":{"name":"(anonymous_12)","line":107,"loc":{"start":{"line":107,"column":35},"end":{"line":107,"column":51}}},"13":{"name":"(anonymous_13)","line":120,"loc":{"start":{"line":120,"column":33},"end":{"line":120,"column":49}}},"14":{"name":"(anonymous_14)","line":138,"loc":{"start":{"line":138,"column":31},"end":{"line":138,"column":46}}},"15":{"name":"(anonymous_15)","line":149,"loc":{"start":{"line":149,"column":30},"end":{"line":149,"column":46}}},"16":{"name":"(anonymous_16)","line":161,"loc":{"start":{"line":161,"column":35},"end":{"line":161,"column":46}}},"17":{"name":"(anonymous_17)","line":184,"loc":{"start":{"line":184,"column":27},"end":{"line":184,"column":43}}},"18":{"name":"(anonymous_18)","line":197,"loc":{"start":{"line":197,"column":29},"end":{"line":197,"column":40}}},"19":{"name":"(anonymous_19)","line":201,"loc":{"start":{"line":201,"column":33},"end":{"line":201,"column":46}}},"20":{"name":"(anonymous_20)","line":211,"loc":{"start":{"line":211,"column":30},"end":{"line":211,"column":46}}}},"statementMap":{"1":{"start":{"line":3,"column":0},"end":{"line":3,"column":44}},"2":{"start":{"line":5,"column":0},"end":{"line":10,"column":2}},"3":{"start":{"line":6,"column":4},"end":{"line":8,"column":5}},"4":{"start":{"line":7,"column":8},"end":{"line":7,"column":32}},"5":{"start":{"line":9,"column":4},"end":{"line":9,"column":28}},"6":{"start":{"line":13,"column":0},"end":{"line":23,"column":2}},"7":{"start":{"line":14,"column":4},"end":{"line":16,"column":5}},"8":{"start":{"line":15,"column":8},"end":{"line":15,"column":21}},"9":{"start":{"line":17,"column":4},"end":{"line":21,"column":5}},"10":{"start":{"line":18,"column":8},"end":{"line":18,"column":38}},"11":{"start":{"line":19,"column":11},"end":{"line":21,"column":5}},"12":{"start":{"line":20,"column":8},"end":{"line":20,"column":34}},"13":{"start":{"line":22,"column":4},"end":{"line":22,"column":33}},"14":{"start":{"line":26,"column":0},"end":{"line":38,"column":2}},"15":{"start":{"line":27,"column":4},"end":{"line":29,"column":5}},"16":{"start":{"line":28,"column":8},"end":{"line":28,"column":21}},"17":{"start":{"line":30,"column":4},"end":{"line":36,"column":7}},"18":{"start":{"line":31,"column":8},"end":{"line":34,"column":9}},"19":{"start":{"line":32,"column":12},"end":{"line":32,"column":34}},"20":{"start":{"line":33,"column":12},"end":{"line":33,"column":65}},"21":{"start":{"line":35,"column":8},"end":{"line":35,"column":21}},"22":{"start":{"line":37,"column":4},"end":{"line":37,"column":23}},"23":{"start":{"line":41,"column":0},"end":{"line":51,"column":2}},"24":{"start":{"line":42,"column":4},"end":{"line":44,"column":5}},"25":{"start":{"line":43,"column":8},"end":{"line":43,"column":21}},"26":{"start":{"line":45,"column":4},"end":{"line":49,"column":5}},"27":{"start":{"line":46,"column":8},"end":{"line":46,"column":41}},"28":{"start":{"line":47,"column":11},"end":{"line":49,"column":5}},"29":{"start":{"line":48,"column":8},"end":{"line":48,"column":38}},"30":{"start":{"line":50,"column":4},"end":{"line":50,"column":36}},"31":{"start":{"line":54,"column":0},"end":{"line":67,"column":2}},"32":{"start":{"line":55,"column":4},"end":{"line":57,"column":5}},"33":{"start":{"line":56,"column":8},"end":{"line":56,"column":21}},"34":{"start":{"line":58,"column":4},"end":{"line":66,"column":7}},"35":{"start":{"line":59,"column":8},"end":{"line":62,"column":9}},"36":{"start":{"line":60,"column":12},"end":{"line":60,"column":34}},"37":{"start":{"line":61,"column":12},"end":{"line":61,"column":83}},"38":{"start":{"line":63,"column":8},"end":{"line":63,"column":21}},"39":{"start":{"line":65,"column":8},"end":{"line":65,"column":28}},"40":{"start":{"line":70,"column":0},"end":{"line":78,"column":2}},"41":{"start":{"line":71,"column":4},"end":{"line":73,"column":5}},"42":{"start":{"line":72,"column":8},"end":{"line":72,"column":21}},"43":{"start":{"line":74,"column":4},"end":{"line":76,"column":5}},"44":{"start":{"line":75,"column":8},"end":{"line":75,"column":46}},"45":{"start":{"line":77,"column":4},"end":{"line":77,"column":38}},"46":{"start":{"line":81,"column":0},"end":{"line":94,"column":2}},"47":{"start":{"line":82,"column":4},"end":{"line":84,"column":5}},"48":{"start":{"line":83,"column":8},"end":{"line":83,"column":21}},"49":{"start":{"line":85,"column":4},"end":{"line":92,"column":5}},"50":{"start":{"line":86,"column":8},"end":{"line":86,"column":35}},"51":{"start":{"line":87,"column":11},"end":{"line":92,"column":5}},"52":{"start":{"line":88,"column":8},"end":{"line":88,"column":60}},"53":{"start":{"line":89,"column":8},"end":{"line":91,"column":9}},"54":{"start":{"line":90,"column":12},"end":{"line":90,"column":50}},"55":{"start":{"line":93,"column":4},"end":{"line":93,"column":33}},"56":{"start":{"line":96,"column":0},"end":{"line":104,"column":2}},"57":{"start":{"line":97,"column":4},"end":{"line":99,"column":5}},"58":{"start":{"line":98,"column":8},"end":{"line":98,"column":21}},"59":{"start":{"line":100,"column":4},"end":{"line":102,"column":5}},"60":{"start":{"line":101,"column":8},"end":{"line":101,"column":33}},"61":{"start":{"line":103,"column":4},"end":{"line":103,"column":47}},"62":{"start":{"line":107,"column":0},"end":{"line":118,"column":2}},"63":{"start":{"line":108,"column":4},"end":{"line":110,"column":5}},"64":{"start":{"line":109,"column":8},"end":{"line":109,"column":21}},"65":{"start":{"line":111,"column":4},"end":{"line":113,"column":5}},"66":{"start":{"line":112,"column":8},"end":{"line":112,"column":44}},"67":{"start":{"line":114,"column":4},"end":{"line":116,"column":5}},"68":{"start":{"line":115,"column":8},"end":{"line":115,"column":48}},"69":{"start":{"line":117,"column":4},"end":{"line":117,"column":43}},"70":{"start":{"line":120,"column":0},"end":{"line":131,"column":2}},"71":{"start":{"line":121,"column":4},"end":{"line":123,"column":5}},"72":{"start":{"line":122,"column":8},"end":{"line":122,"column":21}},"73":{"start":{"line":124,"column":4},"end":{"line":126,"column":5}},"74":{"start":{"line":125,"column":8},"end":{"line":125,"column":42}},"75":{"start":{"line":127,"column":4},"end":{"line":129,"column":5}},"76":{"start":{"line":128,"column":8},"end":{"line":128,"column":46}},"77":{"start":{"line":130,"column":4},"end":{"line":130,"column":41}},"78":{"start":{"line":138,"column":0},"end":{"line":146,"column":2}},"79":{"start":{"line":139,"column":4},"end":{"line":141,"column":5}},"80":{"start":{"line":140,"column":8},"end":{"line":140,"column":21}},"81":{"start":{"line":142,"column":4},"end":{"line":144,"column":5}},"82":{"start":{"line":143,"column":8},"end":{"line":143,"column":43}},"83":{"start":{"line":145,"column":4},"end":{"line":145,"column":39}},"84":{"start":{"line":149,"column":0},"end":{"line":157,"column":2}},"85":{"start":{"line":150,"column":4},"end":{"line":152,"column":5}},"86":{"start":{"line":151,"column":8},"end":{"line":151,"column":21}},"87":{"start":{"line":153,"column":4},"end":{"line":155,"column":5}},"88":{"start":{"line":154,"column":8},"end":{"line":154,"column":43}},"89":{"start":{"line":156,"column":4},"end":{"line":156,"column":38}},"90":{"start":{"line":161,"column":0},"end":{"line":180,"column":2}},"91":{"start":{"line":162,"column":4},"end":{"line":164,"column":5}},"92":{"start":{"line":163,"column":8},"end":{"line":163,"column":21}},"93":{"start":{"line":166,"column":4},"end":{"line":166,"column":43}},"94":{"start":{"line":169,"column":4},"end":{"line":171,"column":5}},"95":{"start":{"line":170,"column":8},"end":{"line":170,"column":20}},"96":{"start":{"line":173,"column":4},"end":{"line":176,"column":5}},"97":{"start":{"line":174,"column":8},"end":{"line":174,"column":63}},"98":{"start":{"line":175,"column":8},"end":{"line":175,"column":45}},"99":{"start":{"line":178,"column":4},"end":{"line":178,"column":13}},"100":{"start":{"line":184,"column":0},"end":{"line":194,"column":2}},"101":{"start":{"line":185,"column":4},"end":{"line":187,"column":5}},"102":{"start":{"line":186,"column":8},"end":{"line":186,"column":21}},"103":{"start":{"line":188,"column":4},"end":{"line":192,"column":5}},"104":{"start":{"line":189,"column":8},"end":{"line":189,"column":39}},"105":{"start":{"line":190,"column":11},"end":{"line":192,"column":5}},"106":{"start":{"line":191,"column":8},"end":{"line":191,"column":35}},"107":{"start":{"line":193,"column":4},"end":{"line":193,"column":34}},"108":{"start":{"line":197,"column":0},"end":{"line":208,"column":2}},"109":{"start":{"line":198,"column":4},"end":{"line":200,"column":5}},"110":{"start":{"line":199,"column":8},"end":{"line":199,"column":21}},"111":{"start":{"line":201,"column":4},"end":{"line":206,"column":7}},"112":{"start":{"line":202,"column":8},"end":{"line":204,"column":9}},"113":{"start":{"line":203,"column":12},"end":{"line":203,"column":43}},"114":{"start":{"line":205,"column":8},"end":{"line":205,"column":21}},"115":{"start":{"line":207,"column":4},"end":{"line":207,"column":23}},"116":{"start":{"line":211,"column":0},"end":{"line":221,"column":2}},"117":{"start":{"line":212,"column":4},"end":{"line":214,"column":5}},"118":{"start":{"line":213,"column":8},"end":{"line":213,"column":21}},"119":{"start":{"line":215,"column":4},"end":{"line":219,"column":5}},"120":{"start":{"line":216,"column":8},"end":{"line":216,"column":42}},"121":{"start":{"line":217,"column":11},"end":{"line":219,"column":5}},"122":{"start":{"line":218,"column":8},"end":{"line":218,"column":39}},"123":{"start":{"line":220,"column":4},"end":{"line":220,"column":34}}},"branchMap":{"1":{"line":6,"type":"if","locations":[{"start":{"line":6,"column":4},"end":{"line":6,"column":4}},{"start":{"line":6,"column":4},"end":{"line":6,"column":4}}]},"2":{"line":14,"type":"if","locations":[{"start":{"line":14,"column":4},"end":{"line":14,"column":4}},{"start":{"line":14,"column":4},"end":{"line":14,"column":4}}]},"3":{"line":17,"type":"if","locations":[{"start":{"line":17,"column":4},"end":{"line":17,"column":4}},{"start":{"line":17,"column":4},"end":{"line":17,"column":4}}]},"4":{"line":19,"type":"if","locations":[{"start":{"line":19,"column":11},"end":{"line":19,"column":11}},{"start":{"line":19,"column":11},"end":{"line":19,"column":11}}]},"5":{"line":27,"type":"if","locations":[{"start":{"line":27,"column":4},"end":{"line":27,"column":4}},{"start":{"line":27,"column":4},"end":{"line":27,"column":4}}]},"6":{"line":31,"type":"if","locations":[{"start":{"line":31,"column":8},"end":{"line":31,"column":8}},{"start":{"line":31,"column":8},"end":{"line":31,"column":8}}]},"7":{"line":33,"type":"binary-expr","locations":[{"start":{"line":33,"column":19},"end":{"line":33,"column":42}},{"start":{"line":33,"column":46},"end":{"line":33,"column":64}}]},"8":{"line":42,"type":"if","locations":[{"start":{"line":42,"column":4},"end":{"line":42,"column":4}},{"start":{"line":42,"column":4},"end":{"line":42,"column":4}}]},"9":{"line":45,"type":"if","locations":[{"start":{"line":45,"column":4},"end":{"line":45,"column":4}},{"start":{"line":45,"column":4},"end":{"line":45,"column":4}}]},"10":{"line":47,"type":"if","locations":[{"start":{"line":47,"column":11},"end":{"line":47,"column":11}},{"start":{"line":47,"column":11},"end":{"line":47,"column":11}}]},"11":{"line":55,"type":"if","locations":[{"start":{"line":55,"column":4},"end":{"line":55,"column":4}},{"start":{"line":55,"column":4},"end":{"line":55,"column":4}}]},"12":{"line":59,"type":"if","locations":[{"start":{"line":59,"column":8},"end":{"line":59,"column":8}},{"start":{"line":59,"column":8},"end":{"line":59,"column":8}}]},"13":{"line":61,"type":"binary-expr","locations":[{"start":{"line":61,"column":20},"end":{"line":61,"column":43}},{"start":{"line":61,"column":47},"end":{"line":61,"column":65}},{"start":{"line":61,"column":70},"end":{"line":61,"column":82}}]},"14":{"line":71,"type":"if","locations":[{"start":{"line":71,"column":4},"end":{"line":71,"column":4}},{"start":{"line":71,"column":4},"end":{"line":71,"column":4}}]},"15":{"line":74,"type":"if","locations":[{"start":{"line":74,"column":4},"end":{"line":74,"column":4}},{"start":{"line":74,"column":4},"end":{"line":74,"column":4}}]},"16":{"line":82,"type":"if","locations":[{"start":{"line":82,"column":4},"end":{"line":82,"column":4}},{"start":{"line":82,"column":4},"end":{"line":82,"column":4}}]},"17":{"line":85,"type":"if","locations":[{"start":{"line":85,"column":4},"end":{"line":85,"column":4}},{"start":{"line":85,"column":4},"end":{"line":85,"column":4}}]},"18":{"line":87,"type":"if","locations":[{"start":{"line":87,"column":11},"end":{"line":87,"column":11}},{"start":{"line":87,"column":11},"end":{"line":87,"column":11}}]},"19":{"line":89,"type":"if","locations":[{"start":{"line":89,"column":8},"end":{"line":89,"column":8}},{"start":{"line":89,"column":8},"end":{"line":89,"column":8}}]},"20":{"line":97,"type":"if","locations":[{"start":{"line":97,"column":4},"end":{"line":97,"column":4}},{"start":{"line":97,"column":4},"end":{"line":97,"column":4}}]},"21":{"line":100,"type":"if","locations":[{"start":{"line":100,"column":4},"end":{"line":100,"column":4}},{"start":{"line":100,"column":4},"end":{"line":100,"column":4}}]},"22":{"line":108,"type":"if","locations":[{"start":{"line":108,"column":4},"end":{"line":108,"column":4}},{"start":{"line":108,"column":4},"end":{"line":108,"column":4}}]},"23":{"line":111,"type":"if","locations":[{"start":{"line":111,"column":4},"end":{"line":111,"column":4}},{"start":{"line":111,"column":4},"end":{"line":111,"column":4}}]},"24":{"line":114,"type":"if","locations":[{"start":{"line":114,"column":4},"end":{"line":114,"column":4}},{"start":{"line":114,"column":4},"end":{"line":114,"column":4}}]},"25":{"line":121,"type":"if","locations":[{"start":{"line":121,"column":4},"end":{"line":121,"column":4}},{"start":{"line":121,"column":4},"end":{"line":121,"column":4}}]},"26":{"line":124,"type":"if","locations":[{"start":{"line":124,"column":4},"end":{"line":124,"column":4}},{"start":{"line":124,"column":4},"end":{"line":124,"column":4}}]},"27":{"line":127,"type":"if","locations":[{"start":{"line":127,"column":4},"end":{"line":127,"column":4}},{"start":{"line":127,"column":4},"end":{"line":127,"column":4}}]},"28":{"line":139,"type":"if","locations":[{"start":{"line":139,"column":4},"end":{"line":139,"column":4}},{"start":{"line":139,"column":4},"end":{"line":139,"column":4}}]},"29":{"line":142,"type":"if","locations":[{"start":{"line":142,"column":4},"end":{"line":142,"column":4}},{"start":{"line":142,"column":4},"end":{"line":142,"column":4}}]},"30":{"line":150,"type":"if","locations":[{"start":{"line":150,"column":4},"end":{"line":150,"column":4}},{"start":{"line":150,"column":4},"end":{"line":150,"column":4}}]},"31":{"line":153,"type":"if","locations":[{"start":{"line":153,"column":4},"end":{"line":153,"column":4}},{"start":{"line":153,"column":4},"end":{"line":153,"column":4}}]},"32":{"line":162,"type":"if","locations":[{"start":{"line":162,"column":4},"end":{"line":162,"column":4}},{"start":{"line":162,"column":4},"end":{"line":162,"column":4}}]},"33":{"line":169,"type":"if","locations":[{"start":{"line":169,"column":4},"end":{"line":169,"column":4}},{"start":{"line":169,"column":4},"end":{"line":169,"column":4}}]},"34":{"line":173,"type":"if","locations":[{"start":{"line":173,"column":4},"end":{"line":173,"column":4}},{"start":{"line":173,"column":4},"end":{"line":173,"column":4}}]},"35":{"line":185,"type":"if","locations":[{"start":{"line":185,"column":4},"end":{"line":185,"column":4}},{"start":{"line":185,"column":4},"end":{"line":185,"column":4}}]},"36":{"line":188,"type":"if","locations":[{"start":{"line":188,"column":4},"end":{"line":188,"column":4}},{"start":{"line":188,"column":4},"end":{"line":188,"column":4}}]},"37":{"line":190,"type":"if","locations":[{"start":{"line":190,"column":11},"end":{"line":190,"column":11}},{"start":{"line":190,"column":11},"end":{"line":190,"column":11}}]},"38":{"line":198,"type":"if","locations":[{"start":{"line":198,"column":4},"end":{"line":198,"column":4}},{"start":{"line":198,"column":4},"end":{"line":198,"column":4}}]},"39":{"line":202,"type":"if","locations":[{"start":{"line":202,"column":8},"end":{"line":202,"column":8}},{"start":{"line":202,"column":8},"end":{"line":202,"column":8}}]},"40":{"line":212,"type":"if","locations":[{"start":{"line":212,"column":4},"end":{"line":212,"column":4}},{"start":{"line":212,"column":4},"end":{"line":212,"column":4}}]},"41":{"line":215,"type":"if","locations":[{"start":{"line":215,"column":4},"end":{"line":215,"column":4}},{"start":{"line":215,"column":4},"end":{"line":215,"column":4}}]},"42":{"line":217,"type":"if","locations":[{"start":{"line":217,"column":11},"end":{"line":217,"column":11}},{"start":{"line":217,"column":11},"end":{"line":217,"column":11}}]}}},"/Users/carlolsen/Dev/screeps/proto-room.js":{"path":"/Users/carlolsen/Dev/screeps/proto-room.js","s":{"1":1,"2":1,"3":1,"4":1,"5":1,"6":0,"7":0,"8":0,"9":0,"10":0,"11":0,"12":0,"13":0,"14":0,"15":1,"16":1,"17":3,"18":1,"19":3,"20":1,"21":3,"22":1,"23":3,"24":1,"25":0,"26":0,"27":0,"28":0,"29":0,"30":0,"31":0,"32":0,"33":0,"34":0,"35":0,"36":0,"37":0,"38":0,"39":0,"40":0,"41":0,"42":1,"43":0,"44":0,"45":0,"46":0,"47":1,"48":0,"49":1,"50":0,"51":1,"52":0,"53":0,"54":1,"55":0,"56":1,"57":0,"58":0,"59":0,"60":0,"61":1,"62":0,"63":0,"64":1,"65":0,"66":1,"67":0,"68":1,"69":0,"70":1,"71":0,"72":1,"73":0,"74":0,"75":1,"76":0,"77":1,"78":0,"79":0,"80":0,"81":0,"82":1,"83":0,"84":0,"85":0,"86":0,"87":0,"88":0,"89":1,"90":0,"91":0,"92":0,"93":0,"94":0,"95":0,"96":1,"97":0,"98":0,"99":1,"100":0,"101":1,"102":0,"103":1,"104":0,"105":0,"106":0,"107":0,"108":1,"109":0,"110":0,"111":0,"112":0,"113":0,"114":0,"115":0,"116":0,"117":0,"118":0,"119":0,"120":1,"121":0,"122":0,"123":0,"124":1,"125":0,"126":0,"127":0,"128":0},"b":{"1":[0,0],"2":[0,0],"3":[1,2],"4":[1,2],"5":[0,0],"6":[0,0],"7":[0,0],"8":[0,0],"9":[0,0,0],"10":[0,0],"11":[0,0],"12":[0,0],"13":[0,0],"14":[0,0],"15":[0,0],"16":[0,0],"17":[0,0]},"f":{"1":0,"2":3,"3":3,"4":0,"5":0,"6":0,"7":0,"8":0,"9":0,"10":0,"11":0,"12":0,"13":0,"14":0,"15":0,"16":0,"17":0,"18":0,"19":0,"20":0,"21":0,"22":0,"23":0,"24":0,"25":0,"26":0,"27":0,"28":0,"29":0,"30":0,"31":0,"32":0,"33":0},"fnMap":{"1":{"name":"(anonymous_1)","line":10,"loc":{"start":{"line":10,"column":21},"end":{"line":10,"column":32}}},"2":{"name":"(anonymous_2)","line":32,"loc":{"start":{"line":32,"column":25},"end":{"line":32,"column":36}}},"3":{"name":"(anonymous_3)","line":39,"loc":{"start":{"line":39,"column":28},"end":{"line":39,"column":39}}},"4":{"name":"(anonymous_4)","line":46,"loc":{"start":{"line":46,"column":34},"end":{"line":46,"column":45}}},"5":{"name":"(anonymous_5)","line":75,"loc":{"start":{"line":75,"column":13},"end":{"line":75,"column":40}}},"6":{"name":"(anonymous_6)","line":86,"loc":{"start":{"line":86,"column":24},"end":{"line":86,"column":41}}},"7":{"name":"(anonymous_7)","line":90,"loc":{"start":{"line":90,"column":24},"end":{"line":90,"column":41}}},"8":{"name":"(anonymous_8)","line":94,"loc":{"start":{"line":94,"column":30},"end":{"line":94,"column":45}}},"9":{"name":"(anonymous_9)","line":95,"loc":{"start":{"line":95,"column":40},"end":{"line":95,"column":55}}},"10":{"name":"(anonymous_10)","line":100,"loc":{"start":{"line":100,"column":28},"end":{"line":100,"column":45}}},"11":{"name":"(anonymous_11)","line":104,"loc":{"start":{"line":104,"column":23},"end":{"line":104,"column":39}}},"12":{"name":"(anonymous_12)","line":106,"loc":{"start":{"line":106,"column":45},"end":{"line":106,"column":56}}},"13":{"name":"(anonymous_13)","line":113,"loc":{"start":{"line":113,"column":28},"end":{"line":113,"column":45}}},"14":{"name":"(anonymous_14)","line":114,"loc":{"start":{"line":114,"column":27},"end":{"line":114,"column":38}}},"15":{"name":"(anonymous_15)","line":119,"loc":{"start":{"line":119,"column":23},"end":{"line":119,"column":40}}},"16":{"name":"(anonymous_16)","line":123,"loc":{"start":{"line":123,"column":35},"end":{"line":123,"column":52}}},"17":{"name":"(anonymous_17)","line":127,"loc":{"start":{"line":127,"column":24},"end":{"line":127,"column":41}}},"18":{"name":"(anonymous_18)","line":131,"loc":{"start":{"line":131,"column":25},"end":{"line":131,"column":41}}},"19":{"name":"(anonymous_19)","line":135,"loc":{"start":{"line":135,"column":33},"end":{"line":135,"column":44}}},"20":{"name":"(anonymous_20)","line":136,"loc":{"start":{"line":136,"column":23},"end":{"line":136,"column":39}}},"21":{"name":"(anonymous_21)","line":141,"loc":{"start":{"line":141,"column":32},"end":{"line":141,"column":43}}},"22":{"name":"(anonymous_22)","line":145,"loc":{"start":{"line":145,"column":41},"end":{"line":145,"column":52}}},"23":{"name":"(anonymous_23)","line":153,"loc":{"start":{"line":153,"column":33},"end":{"line":153,"column":44}}},"24":{"name":"(anonymous_24)","line":163,"loc":{"start":{"line":163,"column":29},"end":{"line":163,"column":40}}},"25":{"name":"(anonymous_25)","line":173,"loc":{"start":{"line":173,"column":37},"end":{"line":173,"column":48}}},"26":{"name":"(anonymous_26)","line":178,"loc":{"start":{"line":178,"column":28},"end":{"line":178,"column":39}}},"27":{"name":"(anonymous_27)","line":182,"loc":{"start":{"line":182,"column":36},"end":{"line":182,"column":47}}},"28":{"name":"(anonymous_28)","line":186,"loc":{"start":{"line":186,"column":28},"end":{"line":186,"column":42}}},"29":{"name":"(anonymous_29)","line":188,"loc":{"start":{"line":188,"column":16},"end":{"line":188,"column":31}}},"30":{"name":"(anonymous_30)","line":197,"loc":{"start":{"line":197,"column":27},"end":{"line":197,"column":49}}},"31":{"name":"(anonymous_31)","line":215,"loc":{"start":{"line":215,"column":29},"end":{"line":215,"column":39}}},"32":{"name":"(anonymous_32)","line":217,"loc":{"start":{"line":217,"column":23},"end":{"line":217,"column":37}}},"33":{"name":"(anonymous_33)","line":222,"loc":{"start":{"line":222,"column":34},"end":{"line":222,"column":44}}}},"statementMap":{"1":{"start":{"line":3,"column":0},"end":{"line":3,"column":31}},"2":{"start":{"line":4,"column":0},"end":{"line":4,"column":28}},"3":{"start":{"line":6,"column":0},"end":{"line":6,"column":34}},"4":{"start":{"line":7,"column":0},"end":{"line":7,"column":40}},"5":{"start":{"line":10,"column":0},"end":{"line":28,"column":2}},"6":{"start":{"line":12,"column":4},"end":{"line":12,"column":39}},"7":{"start":{"line":13,"column":4},"end":{"line":13,"column":33}},"8":{"start":{"line":15,"column":4},"end":{"line":15,"column":24}},"9":{"start":{"line":16,"column":4},"end":{"line":16,"column":26}},"10":{"start":{"line":18,"column":4},"end":{"line":18,"column":21}},"11":{"start":{"line":20,"column":4},"end":{"line":22,"column":5}},"12":{"start":{"line":21,"column":8},"end":{"line":21,"column":26}},"13":{"start":{"line":24,"column":4},"end":{"line":26,"column":5}},"14":{"start":{"line":25,"column":8},"end":{"line":25,"column":37}},"15":{"start":{"line":30,"column":0},"end":{"line":30,"column":29}},"16":{"start":{"line":32,"column":0},"end":{"line":37,"column":2}},"17":{"start":{"line":33,"column":4},"end":{"line":35,"column":5}},"18":{"start":{"line":34,"column":8},"end":{"line":34,"column":42}},"19":{"start":{"line":36,"column":4},"end":{"line":36,"column":25}},"20":{"start":{"line":39,"column":0},"end":{"line":44,"column":2}},"21":{"start":{"line":40,"column":4},"end":{"line":42,"column":5}},"22":{"start":{"line":41,"column":8},"end":{"line":41,"column":48}},"23":{"start":{"line":43,"column":4},"end":{"line":43,"column":28}},"24":{"start":{"line":46,"column":0},"end":{"line":73,"column":2}},"25":{"start":{"line":47,"column":4},"end":{"line":47,"column":28}},"26":{"start":{"line":48,"column":4},"end":{"line":48,"column":28}},"27":{"start":{"line":49,"column":4},"end":{"line":49,"column":31}},"28":{"start":{"line":50,"column":4},"end":{"line":62,"column":5}},"29":{"start":{"line":51,"column":8},"end":{"line":51,"column":33}},"30":{"start":{"line":52,"column":8},"end":{"line":52,"column":32}},"31":{"start":{"line":53,"column":8},"end":{"line":59,"column":9}},"32":{"start":{"line":54,"column":12},"end":{"line":58,"column":14}},"33":{"start":{"line":60,"column":8},"end":{"line":60,"column":37}},"34":{"start":{"line":61,"column":8},"end":{"line":61,"column":26}},"35":{"start":{"line":64,"column":4},"end":{"line":64,"column":41}},"36":{"start":{"line":65,"column":4},"end":{"line":65,"column":38}},"37":{"start":{"line":67,"column":4},"end":{"line":71,"column":5}},"38":{"start":{"line":68,"column":8},"end":{"line":68,"column":48}},"39":{"start":{"line":69,"column":8},"end":{"line":69,"column":55}},"40":{"start":{"line":70,"column":8},"end":{"line":70,"column":67}},"41":{"start":{"line":72,"column":4},"end":{"line":72,"column":39}},"42":{"start":{"line":75,"column":0},"end":{"line":84,"column":2}},"43":{"start":{"line":76,"column":4},"end":{"line":83,"column":5}},"44":{"start":{"line":77,"column":8},"end":{"line":79,"column":10}},"45":{"start":{"line":80,"column":8},"end":{"line":80,"column":40}},"46":{"start":{"line":82,"column":8},"end":{"line":82,"column":30}},"47":{"start":{"line":86,"column":0},"end":{"line":88,"column":2}},"48":{"start":{"line":87,"column":4},"end":{"line":87,"column":48}},"49":{"start":{"line":90,"column":0},"end":{"line":92,"column":2}},"50":{"start":{"line":91,"column":4},"end":{"line":91,"column":48}},"51":{"start":{"line":94,"column":0},"end":{"line":98,"column":2}},"52":{"start":{"line":95,"column":4},"end":{"line":97,"column":7}},"53":{"start":{"line":96,"column":8},"end":{"line":96,"column":37}},"54":{"start":{"line":100,"column":0},"end":{"line":102,"column":2}},"55":{"start":{"line":101,"column":4},"end":{"line":101,"column":52}},"56":{"start":{"line":104,"column":0},"end":{"line":111,"column":2}},"57":{"start":{"line":105,"column":4},"end":{"line":109,"column":5}},"58":{"start":{"line":106,"column":8},"end":{"line":108,"column":11}},"59":{"start":{"line":107,"column":12},"end":{"line":107,"column":67}},"60":{"start":{"line":110,"column":4},"end":{"line":110,"column":74}},"61":{"start":{"line":113,"column":0},"end":{"line":117,"column":2}},"62":{"start":{"line":114,"column":4},"end":{"line":116,"column":7}},"63":{"start":{"line":115,"column":8},"end":{"line":115,"column":81}},"64":{"start":{"line":119,"column":0},"end":{"line":121,"column":2}},"65":{"start":{"line":120,"column":4},"end":{"line":120,"column":44}},"66":{"start":{"line":123,"column":0},"end":{"line":125,"column":2}},"67":{"start":{"line":124,"column":4},"end":{"line":124,"column":57}},"68":{"start":{"line":127,"column":0},"end":{"line":129,"column":2}},"69":{"start":{"line":128,"column":4},"end":{"line":128,"column":53}},"70":{"start":{"line":131,"column":0},"end":{"line":133,"column":2}},"71":{"start":{"line":132,"column":4},"end":{"line":132,"column":46}},"72":{"start":{"line":135,"column":0},"end":{"line":139,"column":2}},"73":{"start":{"line":136,"column":4},"end":{"line":138,"column":7}},"74":{"start":{"line":137,"column":8},"end":{"line":137,"column":31}},"75":{"start":{"line":141,"column":0},"end":{"line":143,"column":2}},"76":{"start":{"line":142,"column":4},"end":{"line":142,"column":36}},"77":{"start":{"line":145,"column":0},"end":{"line":151,"column":2}},"78":{"start":{"line":146,"column":4},"end":{"line":146,"column":47}},"79":{"start":{"line":147,"column":4},"end":{"line":149,"column":5}},"80":{"start":{"line":148,"column":8},"end":{"line":148,"column":35}},"81":{"start":{"line":150,"column":4},"end":{"line":150,"column":13}},"82":{"start":{"line":153,"column":0},"end":{"line":161,"column":2}},"83":{"start":{"line":154,"column":4},"end":{"line":154,"column":39}},"84":{"start":{"line":155,"column":4},"end":{"line":155,"column":18}},"85":{"start":{"line":156,"column":4},"end":{"line":159,"column":5}},"86":{"start":{"line":157,"column":7},"end":{"line":157,"column":30}},"87":{"start":{"line":158,"column":7},"end":{"line":158,"column":26}},"88":{"start":{"line":160,"column":4},"end":{"line":160,"column":17}},"89":{"start":{"line":163,"column":0},"end":{"line":171,"column":2}},"90":{"start":{"line":164,"column":4},"end":{"line":164,"column":31}},"91":{"start":{"line":165,"column":4},"end":{"line":165,"column":18}},"92":{"start":{"line":166,"column":4},"end":{"line":169,"column":5}},"93":{"start":{"line":167,"column":7},"end":{"line":167,"column":26}},"94":{"start":{"line":168,"column":7},"end":{"line":168,"column":26}},"95":{"start":{"line":170,"column":4},"end":{"line":170,"column":17}},"96":{"start":{"line":173,"column":0},"end":{"line":176,"column":2}},"97":{"start":{"line":174,"column":4},"end":{"line":174,"column":31}},"98":{"start":{"line":175,"column":4},"end":{"line":175,"column":31}},"99":{"start":{"line":178,"column":0},"end":{"line":180,"column":2}},"100":{"start":{"line":179,"column":4},"end":{"line":179,"column":55}},"101":{"start":{"line":182,"column":0},"end":{"line":184,"column":2}},"102":{"start":{"line":183,"column":4},"end":{"line":183,"column":71}},"103":{"start":{"line":186,"column":0},"end":{"line":195,"column":2}},"104":{"start":{"line":187,"column":4},"end":{"line":194,"column":7}},"105":{"start":{"line":189,"column":12},"end":{"line":191,"column":13}},"106":{"start":{"line":190,"column":16},"end":{"line":190,"column":29}},"107":{"start":{"line":192,"column":12},"end":{"line":192,"column":32}},"108":{"start":{"line":197,"column":0},"end":{"line":213,"column":2}},"109":{"start":{"line":198,"column":4},"end":{"line":211,"column":5}},"110":{"start":{"line":199,"column":8},"end":{"line":199,"column":29}},"111":{"start":{"line":200,"column":8},"end":{"line":200,"column":35}},"112":{"start":{"line":201,"column":8},"end":{"line":210,"column":9}},"113":{"start":{"line":202,"column":12},"end":{"line":202,"column":34}},"114":{"start":{"line":203,"column":12},"end":{"line":203,"column":41}},"115":{"start":{"line":204,"column":12},"end":{"line":206,"column":13}},"116":{"start":{"line":205,"column":16},"end":{"line":205,"column":47}},"117":{"start":{"line":207,"column":12},"end":{"line":209,"column":13}},"118":{"start":{"line":208,"column":16},"end":{"line":208,"column":45}},"119":{"start":{"line":212,"column":4},"end":{"line":212,"column":33}},"120":{"start":{"line":215,"column":0},"end":{"line":220,"column":2}},"121":{"start":{"line":216,"column":4},"end":{"line":216,"column":50}},"122":{"start":{"line":217,"column":4},"end":{"line":219,"column":7}},"123":{"start":{"line":218,"column":8},"end":{"line":218,"column":40}},"124":{"start":{"line":222,"column":0},"end":{"line":229,"column":2}},"125":{"start":{"line":223,"column":4},"end":{"line":226,"column":5}},"126":{"start":{"line":224,"column":8},"end":{"line":224,"column":59}},"127":{"start":{"line":225,"column":8},"end":{"line":225,"column":56}},"128":{"start":{"line":228,"column":4},"end":{"line":228,"column":34}}},"branchMap":{"1":{"line":20,"type":"if","locations":[{"start":{"line":20,"column":4},"end":{"line":20,"column":4}},{"start":{"line":20,"column":4},"end":{"line":20,"column":4}}]},"2":{"line":24,"type":"if","locations":[{"start":{"line":24,"column":4},"end":{"line":24,"column":4}},{"start":{"line":24,"column":4},"end":{"line":24,"column":4}}]},"3":{"line":33,"type":"if","locations":[{"start":{"line":33,"column":4},"end":{"line":33,"column":4}},{"start":{"line":33,"column":4},"end":{"line":33,"column":4}}]},"4":{"line":40,"type":"if","locations":[{"start":{"line":40,"column":4},"end":{"line":40,"column":4}},{"start":{"line":40,"column":4},"end":{"line":40,"column":4}}]},"5":{"line":53,"type":"if","locations":[{"start":{"line":53,"column":8},"end":{"line":53,"column":8}},{"start":{"line":53,"column":8},"end":{"line":53,"column":8}}]},"6":{"line":76,"type":"if","locations":[{"start":{"line":76,"column":4},"end":{"line":76,"column":4}},{"start":{"line":76,"column":4},"end":{"line":76,"column":4}}]},"7":{"line":105,"type":"if","locations":[{"start":{"line":105,"column":4},"end":{"line":105,"column":4}},{"start":{"line":105,"column":4},"end":{"line":105,"column":4}}]},"8":{"line":107,"type":"binary-expr","locations":[{"start":{"line":107,"column":19},"end":{"line":107,"column":53}},{"start":{"line":107,"column":57},"end":{"line":107,"column":66}}]},"9":{"line":115,"type":"binary-expr","locations":[{"start":{"line":115,"column":15},"end":{"line":115,"column":54}},{"start":{"line":115,"column":59},"end":{"line":115,"column":66}},{"start":{"line":115,"column":70},"end":{"line":115,"column":79}}]},"10":{"line":147,"type":"if","locations":[{"start":{"line":147,"column":4},"end":{"line":147,"column":4}},{"start":{"line":147,"column":4},"end":{"line":147,"column":4}}]},"11":{"line":189,"type":"if","locations":[{"start":{"line":189,"column":12},"end":{"line":189,"column":12}},{"start":{"line":189,"column":12},"end":{"line":189,"column":12}}]},"12":{"line":189,"type":"binary-expr","locations":[{"start":{"line":189,"column":15},"end":{"line":189,"column":19}},{"start":{"line":189,"column":23},"end":{"line":189,"column":44}}]},"13":{"line":198,"type":"if","locations":[{"start":{"line":198,"column":4},"end":{"line":198,"column":4}},{"start":{"line":198,"column":4},"end":{"line":198,"column":4}}]},"14":{"line":204,"type":"if","locations":[{"start":{"line":204,"column":12},"end":{"line":204,"column":12}},{"start":{"line":204,"column":12},"end":{"line":204,"column":12}}]},"15":{"line":207,"type":"if","locations":[{"start":{"line":207,"column":12},"end":{"line":207,"column":12}},{"start":{"line":207,"column":12},"end":{"line":207,"column":12}}]},"16":{"line":207,"type":"binary-expr","locations":[{"start":{"line":207,"column":15},"end":{"line":207,"column":35}},{"start":{"line":207,"column":39},"end":{"line":207,"column":52}}]},"17":{"line":223,"type":"if","locations":[{"start":{"line":223,"column":4},"end":{"line":223,"column":4}},{"start":{"line":223,"column":4},"end":{"line":223,"column":4}}]}}},"/Users/carlolsen/Dev/screeps/proto-room-settings.js":{"path":"/Users/carlolsen/Dev/screeps/proto-room-settings.js","s":{"1":1,"2":1,"3":1,"4":1,"5":1,"6":1,"7":1,"8":0,"9":0,"10":0,"11":0,"12":0,"13":0,"14":1,"15":1,"16":1,"17":1,"18":1,"19":1,"20":1,"21":0,"22":0,"23":0,"24":0,"25":0,"26":0,"27":1,"28":1,"29":1,"30":1,"31":1,"32":1,"33":1,"34":0,"35":0,"36":0,"37":0,"38":0,"39":0,"40":1,"41":0,"42":0,"43":0,"44":0,"45":0,"46":1,"47":0,"48":0,"49":0,"50":1,"51":0,"52":0,"53":0,"54":1,"55":0,"56":0,"57":0,"58":0,"59":0,"60":0},"b":{"1":[0,0],"2":[0,0],"3":[0,0],"4":[0,0],"5":[0,0],"6":[0,0],"7":[0,0],"8":[0,0],"9":[0,0],"10":[0,0],"11":[0,0],"12":[0,0],"13":[0,0],"14":[0,0],"15":[0,0],"16":[0,0],"17":[0,0]},"f":{"1":0,"2":0,"3":0,"4":0,"5":0,"6":0,"7":0},"fnMap":{"1":{"name":"(anonymous_1)","line":11,"loc":{"start":{"line":11,"column":32},"end":{"line":11,"column":62}}},"2":{"name":"(anonymous_2)","line":31,"loc":{"start":{"line":31,"column":38},"end":{"line":31,"column":69}}},"3":{"name":"(anonymous_3)","line":50,"loc":{"start":{"line":50,"column":31},"end":{"line":50,"column":61}}},"4":{"name":"(anonymous_4)","line":63,"loc":{"start":{"line":63,"column":39},"end":{"line":63,"column":55}}},"5":{"name":"(anonymous_5)","line":73,"loc":{"start":{"line":73,"column":40},"end":{"line":73,"column":56}}},"6":{"name":"(anonymous_6)","line":81,"loc":{"start":{"line":81,"column":42},"end":{"line":81,"column":58}}},"7":{"name":"(anonymous_7)","line":89,"loc":{"start":{"line":89,"column":30},"end":{"line":89,"column":50}}}},"statementMap":{"1":{"start":{"line":3,"column":0},"end":{"line":3,"column":31}},"2":{"start":{"line":4,"column":0},"end":{"line":4,"column":47}},"3":{"start":{"line":5,"column":0},"end":{"line":5,"column":49}},"4":{"start":{"line":6,"column":0},"end":{"line":6,"column":44}},"5":{"start":{"line":7,"column":0},"end":{"line":7,"column":44}},"6":{"start":{"line":8,"column":0},"end":{"line":8,"column":44}},"7":{"start":{"line":11,"column":0},"end":{"line":21,"column":2}},"8":{"start":{"line":12,"column":4},"end":{"line":14,"column":5}},"9":{"start":{"line":13,"column":8},"end":{"line":13,"column":60}},"10":{"start":{"line":16,"column":4},"end":{"line":16,"column":53}},"11":{"start":{"line":17,"column":4},"end":{"line":19,"column":5}},"12":{"start":{"line":18,"column":8},"end":{"line":18,"column":45}},"13":{"start":{"line":20,"column":4},"end":{"line":20,"column":42}},"14":{"start":{"line":23,"column":0},"end":{"line":23,"column":37}},"15":{"start":{"line":24,"column":0},"end":{"line":24,"column":55}},"16":{"start":{"line":25,"column":0},"end":{"line":25,"column":50}},"17":{"start":{"line":26,"column":0},"end":{"line":26,"column":50}},"18":{"start":{"line":27,"column":0},"end":{"line":27,"column":54}},"19":{"start":{"line":28,"column":0},"end":{"line":28,"column":51}},"20":{"start":{"line":31,"column":0},"end":{"line":41,"column":2}},"21":{"start":{"line":32,"column":4},"end":{"line":34,"column":5}},"22":{"start":{"line":33,"column":8},"end":{"line":33,"column":73}},"23":{"start":{"line":36,"column":4},"end":{"line":36,"column":66}},"24":{"start":{"line":37,"column":4},"end":{"line":39,"column":5}},"25":{"start":{"line":38,"column":8},"end":{"line":38,"column":52}},"26":{"start":{"line":40,"column":4},"end":{"line":40,"column":48}},"27":{"start":{"line":43,"column":0},"end":{"line":43,"column":30}},"28":{"start":{"line":44,"column":0},"end":{"line":44,"column":49}},"29":{"start":{"line":45,"column":0},"end":{"line":45,"column":43}},"30":{"start":{"line":46,"column":0},"end":{"line":46,"column":43}},"31":{"start":{"line":47,"column":0},"end":{"line":47,"column":46}},"32":{"start":{"line":48,"column":0},"end":{"line":48,"column":43}},"33":{"start":{"line":50,"column":0},"end":{"line":60,"column":2}},"34":{"start":{"line":51,"column":4},"end":{"line":53,"column":5}},"35":{"start":{"line":52,"column":8},"end":{"line":52,"column":59}},"36":{"start":{"line":55,"column":4},"end":{"line":55,"column":52}},"37":{"start":{"line":56,"column":4},"end":{"line":58,"column":5}},"38":{"start":{"line":57,"column":8},"end":{"line":57,"column":44}},"39":{"start":{"line":59,"column":4},"end":{"line":59,"column":41}},"40":{"start":{"line":63,"column":0},"end":{"line":70,"column":2}},"41":{"start":{"line":64,"column":4},"end":{"line":68,"column":5}},"42":{"start":{"line":65,"column":8},"end":{"line":65,"column":52}},"43":{"start":{"line":66,"column":11},"end":{"line":68,"column":5}},"44":{"start":{"line":67,"column":8},"end":{"line":67,"column":50}},"45":{"start":{"line":69,"column":4},"end":{"line":69,"column":47}},"46":{"start":{"line":73,"column":0},"end":{"line":78,"column":2}},"47":{"start":{"line":74,"column":4},"end":{"line":76,"column":5}},"48":{"start":{"line":75,"column":8},"end":{"line":75,"column":54}},"49":{"start":{"line":77,"column":4},"end":{"line":77,"column":55}},"50":{"start":{"line":81,"column":0},"end":{"line":86,"column":2}},"51":{"start":{"line":82,"column":4},"end":{"line":84,"column":5}},"52":{"start":{"line":83,"column":8},"end":{"line":83,"column":56}},"53":{"start":{"line":85,"column":4},"end":{"line":85,"column":59}},"54":{"start":{"line":89,"column":0},"end":{"line":98,"column":2}},"55":{"start":{"line":90,"column":4},"end":{"line":92,"column":5}},"56":{"start":{"line":91,"column":8},"end":{"line":91,"column":40}},"57":{"start":{"line":93,"column":4},"end":{"line":93,"column":50}},"58":{"start":{"line":94,"column":4},"end":{"line":96,"column":5}},"59":{"start":{"line":95,"column":8},"end":{"line":95,"column":33}},"60":{"start":{"line":97,"column":4},"end":{"line":97,"column":30}}},"branchMap":{"1":{"line":12,"type":"if","locations":[{"start":{"line":12,"column":4},"end":{"line":12,"column":4}},{"start":{"line":12,"column":4},"end":{"line":12,"column":4}}]},"2":{"line":17,"type":"if","locations":[{"start":{"line":17,"column":4},"end":{"line":17,"column":4}},{"start":{"line":17,"column":4},"end":{"line":17,"column":4}}]},"3":{"line":20,"type":"binary-expr","locations":[{"start":{"line":20,"column":11},"end":{"line":20,"column":36}},{"start":{"line":20,"column":40},"end":{"line":20,"column":41}}]},"4":{"line":32,"type":"if","locations":[{"start":{"line":32,"column":4},"end":{"line":32,"column":4}},{"start":{"line":32,"column":4},"end":{"line":32,"column":4}}]},"5":{"line":37,"type":"if","locations":[{"start":{"line":37,"column":4},"end":{"line":37,"column":4}},{"start":{"line":37,"column":4},"end":{"line":37,"column":4}}]},"6":{"line":40,"type":"binary-expr","locations":[{"start":{"line":40,"column":11},"end":{"line":40,"column":42}},{"start":{"line":40,"column":46},"end":{"line":40,"column":47}}]},"7":{"line":51,"type":"if","locations":[{"start":{"line":51,"column":4},"end":{"line":51,"column":4}},{"start":{"line":51,"column":4},"end":{"line":51,"column":4}}]},"8":{"line":56,"type":"if","locations":[{"start":{"line":56,"column":4},"end":{"line":56,"column":4}},{"start":{"line":56,"column":4},"end":{"line":56,"column":4}}]},"9":{"line":59,"type":"binary-expr","locations":[{"start":{"line":59,"column":11},"end":{"line":59,"column":35}},{"start":{"line":59,"column":39},"end":{"line":59,"column":40}}]},"10":{"line":64,"type":"if","locations":[{"start":{"line":64,"column":4},"end":{"line":64,"column":4}},{"start":{"line":64,"column":4},"end":{"line":64,"column":4}}]},"11":{"line":66,"type":"if","locations":[{"start":{"line":66,"column":11},"end":{"line":66,"column":11}},{"start":{"line":66,"column":11},"end":{"line":66,"column":11}}]},"12":{"line":74,"type":"if","locations":[{"start":{"line":74,"column":4},"end":{"line":74,"column":4}},{"start":{"line":74,"column":4},"end":{"line":74,"column":4}}]},"13":{"line":77,"type":"binary-expr","locations":[{"start":{"line":77,"column":11},"end":{"line":77,"column":48}},{"start":{"line":77,"column":52},"end":{"line":77,"column":54}}]},"14":{"line":82,"type":"if","locations":[{"start":{"line":82,"column":4},"end":{"line":82,"column":4}},{"start":{"line":82,"column":4},"end":{"line":82,"column":4}}]},"15":{"line":85,"type":"binary-expr","locations":[{"start":{"line":85,"column":11},"end":{"line":85,"column":50}},{"start":{"line":85,"column":54},"end":{"line":85,"column":58}}]},"16":{"line":90,"type":"if","locations":[{"start":{"line":90,"column":4},"end":{"line":90,"column":4}},{"start":{"line":90,"column":4},"end":{"line":90,"column":4}}]},"17":{"line":94,"type":"if","locations":[{"start":{"line":94,"column":4},"end":{"line":94,"column":4}},{"start":{"line":94,"column":4},"end":{"line":94,"column":4}}]}}},"/Users/carlolsen/Dev/screeps/proto-room-cache.js":{"path":"/Users/carlolsen/Dev/screeps/proto-room-cache.js","s":{"1":1,"2":0,"3":0,"4":0,"5":0,"6":0,"7":0,"8":1,"9":0,"10":0,"11":0,"12":0,"13":0,"14":1,"15":0,"16":0,"17":0,"18":0,"19":0,"20":0,"21":1,"22":0,"23":0,"24":0,"25":0,"26":0},"b":{"1":[0,0],"2":[0,0],"3":[0,0],"4":[0,0],"5":[0,0],"6":[0,0],"7":[0,0],"8":[0,0]},"f":{"1":0,"2":0,"3":0,"4":0,"5":0,"6":0,"7":0,"8":0,"9":0,"10":0},"fnMap":{"1":{"name":"(anonymous_1)","line":5,"loc":{"start":{"line":5,"column":32},"end":{"line":5,"column":54}}},"2":{"name":"(anonymous_2)","line":7,"loc":{"start":{"line":7,"column":48},"end":{"line":7,"column":62}}},"3":{"name":"(anonymous_3)","line":9,"loc":{"start":{"line":9,"column":15},"end":{"line":9,"column":29}}},"4":{"name":"(anonymous_4)","line":17,"loc":{"start":{"line":17,"column":30},"end":{"line":17,"column":52}}},"5":{"name":"(anonymous_5)","line":20,"loc":{"start":{"line":20,"column":39},"end":{"line":20,"column":51}}},"6":{"name":"(anonymous_6)","line":27,"loc":{"start":{"line":27,"column":33},"end":{"line":27,"column":55}}},"7":{"name":"(anonymous_7)","line":30,"loc":{"start":{"line":30,"column":49},"end":{"line":30,"column":63}}},"8":{"name":"(anonymous_8)","line":32,"loc":{"start":{"line":32,"column":15},"end":{"line":32,"column":29}}},"9":{"name":"(anonymous_9)","line":40,"loc":{"start":{"line":40,"column":31},"end":{"line":40,"column":53}}},"10":{"name":"(anonymous_10)","line":43,"loc":{"start":{"line":43,"column":40},"end":{"line":43,"column":52}}}},"statementMap":{"1":{"start":{"line":5,"column":0},"end":{"line":15,"column":2}},"2":{"start":{"line":6,"column":4},"end":{"line":13,"column":5}},"3":{"start":{"line":7,"column":8},"end":{"line":11,"column":11}},"4":{"start":{"line":8,"column":12},"end":{"line":8,"column":42}},"5":{"start":{"line":10,"column":12},"end":{"line":10,"column":27}},"6":{"start":{"line":12,"column":8},"end":{"line":12,"column":37}},"7":{"start":{"line":14,"column":4},"end":{"line":14,"column":38}},"8":{"start":{"line":17,"column":0},"end":{"line":25,"column":2}},"9":{"start":{"line":18,"column":4},"end":{"line":23,"column":5}},"10":{"start":{"line":19,"column":8},"end":{"line":19,"column":56}},"11":{"start":{"line":20,"column":8},"end":{"line":22,"column":11}},"12":{"start":{"line":21,"column":12},"end":{"line":21,"column":42}},"13":{"start":{"line":24,"column":4},"end":{"line":24,"column":28}},"14":{"start":{"line":27,"column":0},"end":{"line":38,"column":2}},"15":{"start":{"line":29,"column":4},"end":{"line":36,"column":5}},"16":{"start":{"line":30,"column":8},"end":{"line":34,"column":11}},"17":{"start":{"line":31,"column":12},"end":{"line":31,"column":43}},"18":{"start":{"line":33,"column":12},"end":{"line":33,"column":27}},"19":{"start":{"line":35,"column":8},"end":{"line":35,"column":38}},"20":{"start":{"line":37,"column":4},"end":{"line":37,"column":39}},"21":{"start":{"line":40,"column":0},"end":{"line":48,"column":2}},"22":{"start":{"line":41,"column":4},"end":{"line":46,"column":5}},"23":{"start":{"line":42,"column":8},"end":{"line":42,"column":56}},"24":{"start":{"line":43,"column":8},"end":{"line":45,"column":11}},"25":{"start":{"line":44,"column":12},"end":{"line":44,"column":42}},"26":{"start":{"line":47,"column":4},"end":{"line":47,"column":29}}},"branchMap":{"1":{"line":6,"type":"if","locations":[{"start":{"line":6,"column":4},"end":{"line":6,"column":4}},{"start":{"line":6,"column":4},"end":{"line":6,"column":4}}]},"2":{"line":6,"type":"binary-expr","locations":[{"start":{"line":6,"column":7},"end":{"line":6,"column":19}},{"start":{"line":6,"column":23},"end":{"line":6,"column":62}}]},"3":{"line":18,"type":"if","locations":[{"start":{"line":18,"column":4},"end":{"line":18,"column":4}},{"start":{"line":18,"column":4},"end":{"line":18,"column":4}}]},"4":{"line":18,"type":"binary-expr","locations":[{"start":{"line":18,"column":7},"end":{"line":18,"column":19}},{"start":{"line":18,"column":23},"end":{"line":18,"column":53}}]},"5":{"line":29,"type":"if","locations":[{"start":{"line":29,"column":4},"end":{"line":29,"column":4}},{"start":{"line":29,"column":4},"end":{"line":29,"column":4}}]},"6":{"line":29,"type":"binary-expr","locations":[{"start":{"line":29,"column":7},"end":{"line":29,"column":19}},{"start":{"line":29,"column":23},"end":{"line":29,"column":63}}]},"7":{"line":41,"type":"if","locations":[{"start":{"line":41,"column":4},"end":{"line":41,"column":4}},{"start":{"line":41,"column":4},"end":{"line":41,"column":4}}]},"8":{"line":41,"type":"binary-expr","locations":[{"start":{"line":41,"column":7},"end":{"line":41,"column":19}},{"start":{"line":41,"column":23},"end":{"line":41,"column":54}}]}}},"/Users/carlolsen/Dev/screeps/job-list.js":{"path":"/Users/carlolsen/Dev/screeps/job-list.js","s":{"1":1,"2":1,"3":1,"4":0,"5":1,"6":1,"7":1,"8":1,"9":1,"10":1,"11":1,"12":0,"13":0,"14":0,"15":0,"16":0,"17":0,"18":0,"19":0,"20":0,"21":0,"22":0,"23":0,"24":0,"25":0,"26":0,"27":0,"28":0,"29":0,"30":0,"31":0,"32":0,"33":0,"34":0,"35":0,"36":0,"37":0,"38":0,"39":0,"40":0,"41":0,"42":0,"43":0,"44":0,"45":0,"46":0,"47":0,"48":0,"49":0,"50":0,"51":0,"52":0,"53":0,"54":0,"55":0,"56":0,"57":0,"58":0,"59":0,"60":0,"61":0,"62":0,"63":0,"64":0,"65":0,"66":0,"67":0,"68":0,"69":0,"70":1},"b":{"1":[0,1],"2":[1,0],"3":[1,0],"4":[1,1],"5":[0,0,0],"6":[0,0,0,0],"7":[0,0],"8":[0,0],"9":[0,0],"10":[0,0],"11":[0,0],"12":[0,0],"13":[0,0,0],"14":[0,0],"15":[0,0],"16":[0,0]},"f":{"1":1,"2":0,"3":0,"4":0,"5":0,"6":0,"7":0,"8":0,"9":0,"10":0,"11":0,"12":0,"13":0,"14":0,"15":0,"16":0,"17":0},"fnMap":{"1":{"name":"JobList","line":5,"loc":{"start":{"line":5,"column":14},"end":{"line":5,"column":36}}},"2":{"name":"(anonymous_2)","line":29,"loc":{"start":{"line":29,"column":41},"end":{"line":29,"column":51}}},"3":{"name":"(anonymous_3)","line":31,"loc":{"start":{"line":31,"column":15},"end":{"line":31,"column":31}}},"4":{"name":"(anonymous_4)","line":32,"loc":{"start":{"line":32,"column":33},"end":{"line":32,"column":46}}},"5":{"name":"(anonymous_5)","line":36,"loc":{"start":{"line":36,"column":16},"end":{"line":36,"column":32}}},"6":{"name":"(anonymous_6)","line":37,"loc":{"start":{"line":37,"column":33},"end":{"line":37,"column":46}}},"7":{"name":"(anonymous_7)","line":41,"loc":{"start":{"line":41,"column":9},"end":{"line":41,"column":25}}},"8":{"name":"(anonymous_8)","line":51,"loc":{"start":{"line":51,"column":9},"end":{"line":51,"column":21}}},"9":{"name":"(anonymous_9)","line":62,"loc":{"start":{"line":62,"column":9},"end":{"line":62,"column":26}}},"10":{"name":"(anonymous_10)","line":72,"loc":{"start":{"line":72,"column":17},"end":{"line":72,"column":35}}},"11":{"name":"(anonymous_11)","line":79,"loc":{"start":{"line":79,"column":12},"end":{"line":79,"column":24}}},"12":{"name":"(anonymous_12)","line":84,"loc":{"start":{"line":84,"column":20},"end":{"line":84,"column":33}}},"13":{"name":"(anonymous_13)","line":91,"loc":{"start":{"line":91,"column":16},"end":{"line":91,"column":26}}},"14":{"name":"(anonymous_14)","line":99,"loc":{"start":{"line":99,"column":13},"end":{"line":99,"column":23}}},"15":{"name":"(anonymous_15)","line":118,"loc":{"start":{"line":118,"column":16},"end":{"line":118,"column":31}}},"16":{"name":"(anonymous_16)","line":120,"loc":{"start":{"line":120,"column":21},"end":{"line":120,"column":34}}},"17":{"name":"(anonymous_17)","line":141,"loc":{"start":{"line":141,"column":12},"end":{"line":141,"column":23}}}},"statementMap":{"1":{"start":{"line":3,"column":0},"end":{"line":3,"column":25}},"2":{"start":{"line":5,"column":0},"end":{"line":19,"column":2}},"3":{"start":{"line":7,"column":4},"end":{"line":9,"column":5}},"4":{"start":{"line":8,"column":8},"end":{"line":8,"column":25}},"5":{"start":{"line":10,"column":4},"end":{"line":12,"column":5}},"6":{"start":{"line":11,"column":8},"end":{"line":11,"column":30}},"7":{"start":{"line":13,"column":4},"end":{"line":15,"column":5}},"8":{"start":{"line":14,"column":8},"end":{"line":14,"column":38}},"9":{"start":{"line":17,"column":4},"end":{"line":17,"column":21}},"10":{"start":{"line":18,"column":4},"end":{"line":18,"column":30}},"11":{"start":{"line":21,"column":0},"end":{"line":153,"column":2}},"12":{"start":{"line":32,"column":8},"end":{"line":34,"column":11}},"13":{"start":{"line":33,"column":12},"end":{"line":33,"column":60}},"14":{"start":{"line":37,"column":8},"end":{"line":39,"column":11}},"15":{"start":{"line":38,"column":12},"end":{"line":38,"column":86}},"16":{"start":{"line":42,"column":8},"end":{"line":42,"column":21}},"17":{"start":{"line":43,"column":8},"end":{"line":48,"column":9}},"18":{"start":{"line":44,"column":12},"end":{"line":44,"column":35}},"19":{"start":{"line":45,"column":12},"end":{"line":47,"column":13}},"20":{"start":{"line":46,"column":16},"end":{"line":46,"column":30}},"21":{"start":{"line":49,"column":8},"end":{"line":49,"column":19}},"22":{"start":{"line":52,"column":8},"end":{"line":58,"column":9}},"23":{"start":{"line":53,"column":12},"end":{"line":53,"column":47}},"24":{"start":{"line":54,"column":12},"end":{"line":56,"column":13}},"25":{"start":{"line":55,"column":16},"end":{"line":55,"column":29}},"26":{"start":{"line":57,"column":12},"end":{"line":57,"column":59}},"27":{"start":{"line":59,"column":8},"end":{"line":59,"column":32}},"28":{"start":{"line":63,"column":8},"end":{"line":63,"column":45}},"29":{"start":{"line":64,"column":8},"end":{"line":64,"column":24}},"30":{"start":{"line":65,"column":8},"end":{"line":65,"column":39}},"31":{"start":{"line":66,"column":8},"end":{"line":66,"column":39}},"32":{"start":{"line":67,"column":8},"end":{"line":67,"column":46}},"33":{"start":{"line":68,"column":8},"end":{"line":68,"column":31}},"34":{"start":{"line":69,"column":8},"end":{"line":69,"column":19}},"35":{"start":{"line":73,"column":8},"end":{"line":76,"column":9}},"36":{"start":{"line":74,"column":12},"end":{"line":74,"column":38}},"37":{"start":{"line":75,"column":12},"end":{"line":75,"column":30}},"38":{"start":{"line":80,"column":8},"end":{"line":80,"column":32}},"39":{"start":{"line":81,"column":8},"end":{"line":81,"column":36}},"40":{"start":{"line":85,"column":8},"end":{"line":88,"column":9}},"41":{"start":{"line":86,"column":12},"end":{"line":86,"column":28}},"42":{"start":{"line":87,"column":12},"end":{"line":87,"column":28}},"43":{"start":{"line":92,"column":8},"end":{"line":94,"column":9}},"44":{"start":{"line":93,"column":12},"end":{"line":93,"column":41}},"45":{"start":{"line":95,"column":8},"end":{"line":95,"column":39}},"46":{"start":{"line":100,"column":8},"end":{"line":100,"column":30}},"47":{"start":{"line":101,"column":8},"end":{"line":109,"column":9}},"48":{"start":{"line":102,"column":12},"end":{"line":102,"column":30}},"49":{"start":{"line":103,"column":12},"end":{"line":108,"column":13}},"50":{"start":{"line":107,"column":16},"end":{"line":107,"column":26}},"51":{"start":{"line":110,"column":8},"end":{"line":110,"column":43}},"52":{"start":{"line":111,"column":8},"end":{"line":115,"column":9}},"53":{"start":{"line":112,"column":12},"end":{"line":114,"column":13}},"54":{"start":{"line":113,"column":16},"end":{"line":113,"column":39}},"55":{"start":{"line":119,"column":8},"end":{"line":119,"column":25}},"56":{"start":{"line":120,"column":8},"end":{"line":135,"column":11}},"57":{"start":{"line":125,"column":12},"end":{"line":125,"column":23}},"58":{"start":{"line":126,"column":12},"end":{"line":126,"column":20}},"59":{"start":{"line":127,"column":12},"end":{"line":134,"column":15}},"60":{"start":{"line":137,"column":8},"end":{"line":137,"column":55}},"61":{"start":{"line":138,"column":8},"end":{"line":138,"column":23}},"62":{"start":{"line":142,"column":8},"end":{"line":142,"column":52}},"63":{"start":{"line":143,"column":8},"end":{"line":145,"column":9}},"64":{"start":{"line":144,"column":12},"end":{"line":144,"column":19}},"65":{"start":{"line":146,"column":8},"end":{"line":146,"column":42}},"66":{"start":{"line":147,"column":8},"end":{"line":147,"column":47}},"67":{"start":{"line":148,"column":8},"end":{"line":151,"column":9}},"68":{"start":{"line":149,"column":12},"end":{"line":149,"column":29}},"69":{"start":{"line":150,"column":12},"end":{"line":150,"column":29}},"70":{"start":{"line":155,"column":0},"end":{"line":155,"column":25}}},"branchMap":{"1":{"line":7,"type":"if","locations":[{"start":{"line":7,"column":4},"end":{"line":7,"column":4}},{"start":{"line":7,"column":4},"end":{"line":7,"column":4}}]},"2":{"line":10,"type":"if","locations":[{"start":{"line":10,"column":4},"end":{"line":10,"column":4}},{"start":{"line":10,"column":4},"end":{"line":10,"column":4}}]},"3":{"line":13,"type":"if","locations":[{"start":{"line":13,"column":4},"end":{"line":13,"column":4}},{"start":{"line":13,"column":4},"end":{"line":13,"column":4}}]},"4":{"line":29,"type":"binary-expr","locations":[{"start":{"line":29,"column":19},"end":{"line":29,"column":37}},{"start":{"line":29,"column":41},"end":{"line":29,"column":53}}]},"5":{"line":33,"type":"binary-expr","locations":[{"start":{"line":33,"column":19},"end":{"line":33,"column":31}},{"start":{"line":33,"column":36},"end":{"line":33,"column":43}},{"start":{"line":33,"column":47},"end":{"line":33,"column":58}}]},"6":{"line":38,"type":"binary-expr","locations":[{"start":{"line":38,"column":19},"end":{"line":38,"column":32}},{"start":{"line":38,"column":36},"end":{"line":38,"column":57}},{"start":{"line":38,"column":62},"end":{"line":38,"column":69}},{"start":{"line":38,"column":73},"end":{"line":38,"column":84}}]},"7":{"line":45,"type":"if","locations":[{"start":{"line":45,"column":12},"end":{"line":45,"column":12}},{"start":{"line":45,"column":12},"end":{"line":45,"column":12}}]},"8":{"line":45,"type":"binary-expr","locations":[{"start":{"line":45,
[...]
column":15},"end":{"line":125,"column":33}},{"start":{"line":125,"column":37},"end":{"line":125,"column":67}}]},"13":{"line":137,"type":"if","locations":[{"start":{"line":137,"column":12},"end":{"line":137,"column":12}},{"start":{"line":137,"column":12},"end":{"line":137,"column":12}}]},"14":{"line":137,"type":"binary-expr","locations":[{"start":{"line":137,"column":15},"end":{"line":137,"column":39}},{"start":{"line":137,"column":43},"end":{"line":137,"column":76}}]},"15":{"line":176,"type":"if","locations":[{"start":{"line":176,"column":8},"end":{"line":176,"column":8}},{"start":{"line":176,"column":8},"end":{"line":176,"column":8}}]},"16":{"line":196,"type":"binary-expr","locations":[{"start":{"line":196,"column":17},"end":{"line":196,"column":32}},{"start":{"line":196,"column":36},"end":{"line":196,"column":55}},{"start":{"line":197,"column":16},"end":{"line":197,"column":51}},{"start":{"line":198,"column":16},"end":{"line":198,"column":58}}]},"17":{"line":215,"type":"if","locations":[{"start":{"line":215,"column":8},"end":{"line":215,"column":8}},{"start":{"line":215,"column":8},"end":{"line":215,"column":8}}]},"18":{"line":220,"type":"binary-expr","locations":[{"start":{"line":220,"column":20},"end":{"line":220,"column":48}},{"start":{"line":220,"column":53},"end":{"line":220,"column":94}}]},"19":{"line":238,"type":"if","locations":[{"start":{"line":238,"column":12},"end":{"line":238,"column":12}},{"start":{"line":238,"column":12},"end":{"line":238,"column":12}}]},"20":{"line":258,"type":"if","locations":[{"start":{"line":258,"column":12},"end":{"line":258,"column":12}},{"start":{"line":258,"column":12},"end":{"line":258,"column":12}}]},"21":{"line":283,"type":"binary-expr","locations":[{"start":{"line":283,"column":19},"end":{"line":283,"column":51}},{"start":{"line":283,"column":55},"end":{"line":283,"column":96}}]},"22":{"line":299,"type":"if","locations":[{"start":{"line":299,"column":8},"end":{"line":299,"column":8}},{"start":{"line":299,"column":8},"end":{"line":299,"column":8}}]},"23":{"line":304,"type":"if","locations":[{"start":{"line":304,"column":13},"end":{"line":304,"column":13}},{"start":{"line":304,"column":13},"end":{"line":304,"column":13}}]},"24":{"line":308,"type":"if","locations":[{"start":{"line":308,"column":12},"end":{"line":308,"column":12}},{"start":{"line":308,"column":12},"end":{"line":308,"column":12}}]},"25":{"line":315,"type":"if","locations":[{"start":{"line":315,"column":13},"end":{"line":315,"column":13}},{"start":{"line":315,"column":13},"end":{"line":315,"column":13}}]},"26":{"line":320,"type":"if","locations":[{"start":{"line":320,"column":13},"end":{"line":320,"column":13}},{"start":{"line":320,"column":13},"end":{"line":320,"column":13}}]},"27":{"line":323,"type":"if","locations":[{"start":{"line":323,"column":12},"end":{"line":323,"column":12}},{"start":{"line":323,"column":12},"end":{"line":323,"column":12}}]},"28":{"line":325,"type":"if","locations":[{"start":{"line":325,"column":16},"end":{"line":325,"column":16}},{"start":{"line":325,"column":16},"end":{"line":325,"column":16}}]},"29":{"line":335,"type":"if","locations":[{"start":{"line":335,"column":13},"end":{"line":335,"column":13}},{"start":{"line":335,"column":13},"end":{"line":335,"column":13}}]},"30":{"line":338,"type":"if","locations":[{"start":{"line":338,"column":12},"end":{"line":338,"column":12}},{"start":{"line":338,"column":12},"end":{"line":338,"column":12}}]},"31":{"line":340,"type":"if","locations":[{"start":{"line":340,"column":16},"end":{"line":340,"column":16}},{"start":{"line":340,"column":16},"end":{"line":340,"column":16}}]},"32":{"line":350,"type":"if","locations":[{"start":{"line":350,"column":13},"end":{"line":350,"column":13}},{"start":{"line":350,"column":13},"end":{"line":350,"column":13}}]},"33":{"line":354,"type":"if","locations":[{"start":{"line":354,"column":12},"end":{"line":354,"column":12}},{"start":{"line":354,"column":12},"end":{"line":354,"column":12}}]},"34":{"line":359,"type":"if","locations":[{"start":{"line":359,"column":13},"end":{"line":359,"column":13}},{"start":{"line":359,"column":13},"end":{"line":359,"column":13}}]},"35":{"line":363,"type":"if","locations":[{"start":{"line":363,"column":12},"end":{"line":363,"column":12}},{"start":{"line":363,"column":12},"end":{"line":363,"column":12}}]},"36":{"line":373,"type":"if","locations":[{"start":{"line":373,"column":13},"end":{"line":373,"column":13}},{"start":{"line":373,"column":13},"end":{"line":373,"column":13}}]},"37":{"line":378,"type":"if","locations":[{"start":{"line":378,"column":12},"end":{"line":378,"column":12}},{"start":{"line":378,"column":12},"end":{"line":378,"column":12}}]},"38":{"line":388,"type":"if","locations":[{"start":{"line":388,"column":13},"end":{"line":388,"column":13}},{"start":{"line":388,"column":13},"end":{"line":388,"column":13}}]},"39":{"line":393,"type":"if","locations":[{"start":{"line":393,"column":13},"end":{"line":393,"column":13}},{"start":{"line":393,"column":13},"end":{"line":393,"column":13}}]},"40":{"line":395,"type":"if","locations":[{"start":{"line":395,"column":12},"end":{"line":395,"column":12}},{"start":{"line":395,"column":12},"end":{"line":395,"column":12}}]},"41":{"line":397,"type":"if","locations":[{"start":{"line":397,"column":16},"end":{"line":397,"column":16}},{"start":{"line":397,"column":16},"end":{"line":397,"column":16}}]},"42":{"line":428,"type":"if","locations":[{"start":{"line":428,"column":12},"end":{"line":428,"column":12}},{"start":{"line":428,"column":12},"end":{"line":428,"column":12}}]},"43":{"line":434,"type":"if","locations":[{"start":{"line":434,"column":8},"end":{"line":434,"column":8}},{"start":{"line":434,"column":8},"end":{"line":434,"column":8}}]},"44":{"line":440,"type":"if","locations":[{"start":{"line":440,"column":13},"end":{"line":440,"column":13}},{"start":{"line":440,"column":13},"end":{"line":440,"column":13}}]},"45":{"line":444,"type":"if","locations":[{"start":{"line":444,"column":13},"end":{"line":444,"column":13}},{"start":{"line":444,"column":13},"end":{"line":444,"column":13}}]},"46":{"line":450,"type":"if","locations":[{"start":{"line":450,"column":13},"end":{"line":450,"column":13}},{"start":{"line":450,"column":13},"end":{"line":450,"column":13}}]},"47":{"line":455,"type":"if","locations":[{"start":{"line":455,"column":13},"end":{"line":455,"column":13}},{"start":{"line":455,"column":13},"end":{"line":455,"column":13}}]},"48":{"line":459,"type":"if","locations":[{"start":{"line":459,"column":13},"end":{"line":459,"column":13}},{"start":{"line":459,"column":13},"end":{"line":459,"column":13}}]},"49":{"line":463,"type":"if","locations":[{"start":{"line":463,"column":13},"end":{"line":463,"column":13}},{"start":{"line":463,"column":13},"end":{"line":463,"column":13}}]},"50":{"line":467,"type":"if","locations":[{"start":{"line":467,"column":13},"end":{"line":467,"column":13}},{"start":{"line":467,"column":13},"end":{"line":467,"column":13}}]},"51":{"line":471,"type":"if","locations":[{"start":{"line":471,"column":8},"end":{"line":471,"column":8}},{"start":{"line":471,"column":8},"end":{"line":471,"column":8}}]},"52":{"line":471,"type":"binary-expr","locations":[{"start":{"line":471,"column":11},"end":{"line":471,"column":18}},{"start":{"line":471,"column":22},"end":{"line":471,"column":36}}]},"53":{"line":475,"type":"if","locations":[{"start":{"line":475,"column":8},"end":{"line":475,"column":8}},{"start":{"line":475,"column":8},"end":{"line":475,"column":8}}]},"54":{"line":494,"type":"if","locations":[{"start":{"line":494,"column":8},"end":{"line":494,"column":8}},{"start":{"line":494,"column":8},"end":{"line":494,"column":8}}]},"55":{"line":494,"type":"binary-expr","locations":[{"start":{"line":494,"column":11},"end":{"line":494,"column":18}},{"start":{"line":494,"column":22},"end":{"line":494,"column":36}}]},"56":{"line":516,"type":"if","locations":[{"start":{"line":516,"column":8},"end":{"line":516,"column":8}},{"start":{"line":516,"column":8},"end":{"line":516,"column":8}}]},"57":{"line":521,"type":"binary-expr","locations":[{"start":{"line":521,"column":20},"end":{"line":521,"column":61}},{"start":{"line":522,"column":20},"end":{"line":522,"column":37}},{"start":{"line":523,"column":20},"end":{"line":523,"column":55}}]},"58":{"line":530,"type":"if","locations":[{"start":{"line":530,"column":8},"end":{"line":530,"column":8}},{"start":{"line":530,"column":8},"end":{"line":530,"column":8}}]},"59":{"line":535,"type":"if","locations":[{"start":{"line":535,"column":13},"end":{"line":535,"column":13}},{"start":{"line":535,"column":13},"end":{"line":535,"column":13}}]},"60":{"line":536,"type":"if","locations":[{"start":{"line":536,"column":12},"end":{"line":536,"column":12}},{"start":{"line":536,"column":12},"end":{"line":536,"column":12}}]},"61":{"line":541,"type":"if","locations":[{"start":{"line":541,"column":8},"end":{"line":541,"column":8}},{"start":{"line":541,"column":8},"end":{"line":541,"column":8}}]},"62":{"line":546,"type":"if","locations":[{"start":{"line":546,"column":8},"end":{"line":546,"column":8}},{"start":{"line":546,"column":8},"end":{"line":546,"column":8}}]},"63":{"line":555,"type":"if","locations":[{"start":{"line":555,"column":8},"end":{"line":555,"column":8}},{"start":{"line":555,"column":8},"end":{"line":555,"column":8}}]},"64":{"line":561,"type":"if","locations":[{"start":{"line":561,"column":8},"end":{"line":561,"column":8}},{"start":{"line":561,"column":8},"end":{"line":561,"column":8}}]},"65":{"line":561,"type":"binary-expr","locations":[{"start":{"line":561,"column":11},"end":{"line":561,"column":43}},{"start":{"line":562,"column":12},"end":{"line":562,"column":36}},{"start":{"line":563,"column":12},"end":{"line":563,"column":38}},{"start":{"line":564,"column":12},"end":{"line":564,"column":31}},{"start":{"line":565,"column":12},"end":{"line":565,"column":39}}]},"66":{"line":571,"type":"if","locations":[{"start":{"line":571,"column":8},"end":{"line":571,"column":8}},{"start":{"line":571,"column":8},"end":{"line":571,"column":8}}]},"67":{"line":638,"type":"if","locations":[{"start":{"line":638,"column":8},"end":{"line":638,"column":8}},{"start":{"line":638,"column":8},"end":{"line":638,"column":8}}]},"68":{"line":640,"type":"binary-expr","locations":[{"start":{"line":640,"column":23},"end":{"line":640,"column":49}},{"start":{"line":640,"column":53},"end":{"line":640,"column":65}}]},"69":{"line":645,"type":"if","locations":[{"start":{"line":645,"column":16},"end":{"line":645,"column":16}},{"start":{"line":645,"column":16},"end":{"line":645,"column":16}}]},"70":{"line":665,"type":"if","locations":[{"start":{"line":665,"column":8},"end":{"line":665,"column":8}},{"start":{"line":665,"column":8},"end":{"line":665,"column":8}}]},"71":{"line":684,"type":"if","locations":[{"start":{"line":684,"column":16},"end":{"line":684,"column":16}},{"start":{"line":684,"column":16},"end":{"line":684,"column":16}}]},"72":{"line":714,"type":"if","locations":[{"start":{"line":714,"column":12},"end":{"line":714,"column":12}},{"start":{"line":714,"column":12},"end":{"line":714,"column":12}}]},"73":{"line":732,"type":"if","locations":[{"start":{"line":732,"column":12},"end":{"line":732,"column":12}},{"start":{"line":732,"column":12},"end":{"line":732,"column":12}}]},"74":{"line":738,"type":"if","locations":[{"start":{"line":738,"column":12},"end":{"line":738,"column":12}},{"start":{"line":738,"column":12},"end":{"line":738,"column":12}}]},"75":{"line":749,"type":"binary-expr","locations":[{"start":{"line":749,"column":23},"end":{"line":749,"column":26}},{"start":{"line":749,"column":30},"end":{"line":749,"column":54}}]},"76":{"line":757,"type":"if","locations":[{"start":{"line":757,"column":12},"end":{"line":757,"column":12}},{"start":{"line":757,"column":12},"end":{"line":757,"column":12}}]},"77":{"line":759,"type":"if","locations":[{"start":{"line":759,"column":20},"end":{"line":759,"column":20}},{"start":{"line":759,"column":20},"end":{"line":759,"column":20}}]}}},"/Users/carlolsen/Dev/screeps/proto-spawn.js":{"path":"/Users/carlolsen/Dev/screeps/proto-spawn.js","s":{"1":1,"2":1,"3":0,"4":0,"5":0,"6":0,"7":0,"8":0,"9":0,"10":0,"11":0,"12":0,"13":0,"14":0,"15":0,"16":0,"17":0,"18":0,"19":0,"20":0,"21":0,"22":0,"23":0,"24":0,"25":1,"26":0,"27":0,"28":0,"29":0,"30":0},"b":{"1":[0,0],"2":[0,0],"3":[0,0],"4":[0,0],"5":[0,0],"6":[0,0],"7":[0,0],"8":[0,0],"9":[0,0],"10":[0,0]},"f":{"1":0,"2":0},"fnMap":{"1":{"name":"(anonymous_1)","line":5,"loc":{"start":{"line":5,"column":29},"end":{"line":5,"column":52}}},"2":{"name":"(anonymous_2)","line":42,"loc":{"start":{"line":42,"column":25},"end":{"line":42,"column":40}}}},"statementMap":{"1":{"start":{"line":3,"column":0},"end":{"line":3,"column":45}},"2":{"start":{"line":5,"column":0},"end":{"line":40,"column":2}},"3":{"start":{"line":6,"column":4},"end":{"line":6,"column":26}},"4":{"start":{"line":7,"column":4},"end":{"line":7,"column":35}},"5":{"start":{"line":8,"column":4},"end":{"line":8,"column":30}},"6":{"start":{"line":10,"column":4},"end":{"line":12,"column":5}},"7":{"start":{"line":11,"column":8},"end":{"line":11,"column":24}},"8":{"start":{"line":14,"column":4},"end":{"line":14,"column":54}},"9":{"start":{"line":15,"column":8},"end":{"line":15,"column":18}},"10":{"start":{"line":16,"column":8},"end":{"line":31,"column":9}},"11":{"start":{"line":18,"column":12},"end":{"line":18,"column":26}},"12":{"start":{"line":20,"column":13},"end":{"line":31,"column":9}},"13":{"start":{"line":21,"column":12},"end":{"line":21,"column":36}},"14":{"start":{"line":23,"column":13},"end":{"line":31,"column":9}},"15":{"start":{"line":24,"column":12},"end":{"line":24,"column":38}},"16":{"start":{"line":26,"column":13},"end":{"line":31,"column":9}},"17":{"start":{"line":27,"column":12},"end":{"line":27,"column":31}},"18":{"start":{"line":29,"column":13},"end":{"line":31,"column":9}},"19":{"start":{"line":30,"column":12},"end":{"line":30,"column":39}},"20":{"start":{"line":33,"column":4},"end":{"line":38,"column":5}},"21":{"start":{"line":34,"column":8},"end":{"line":34,"column":99}},"22":{"start":{"line":36,"column":8},"end":{"line":36,"column":26}},"23":{"start":{"line":37,"column":8},"end":{"line":37,"column":64}},"24":{"start":{"line":39,"column":4},"end":{"line":39,"column":18}},"25":{"start":{"line":42,"column":0},"end":{"line":51,"column":2}},"26":{"start":{"line":44,"column":4},"end":{"line":46,"column":5}},"27":{"start":{"line":45,"column":8},"end":{"line":45,"column":20}},"28":{"start":{"line":47,"column":4},"end":{"line":49,"column":5}},"29":{"start":{"line":48,"column":8},"end":{"line":48,"column":26}},"30":{"start":{"line":50,"column":4},"end":{"line":50,"column":21}}},"branchMap":{"1":{"line":6,"type":"binary-expr","locations":[{"start":{"line":6,"column":13},"end":{"line":6,"column":19}},{"start":{"line":6,"column":23},"end":{"line":6,"column":25}}]},"2":{"line":10,"type":"if","locations":[{"start":{"line":10,"column":4},"end":{"line":10,"column":4}},{"start":{"line":10,"column":4},"end":{"line":10,"column":4}}]},"3":{"line":16,"type":"if","locations":[{"start":{"line":16,"column":8},"end":{"line":16,"column":8}},{"start":{"line":16,"column":8},"end":{"line":16,"column":8}}]},"4":{"line":20,"type":"if","locations":[{"start":{"line":20,"column":13},"end":{"line":20,"column":13}},{"start":{"line":20,"column":13},"end":{"line":20,"column":13}}]},"5":{"line":23,"type":"if","locations":[{"start":{"line":23,"column":13},"end":{"line":23,"column":13}},{"start":{"line":23,"column":13},"end":{"line":23,"column":13}}]},"6":{"line":26,"type":"if","locations":[{"start":{"line":26,"column":13},"end":{"line":26,"column":13}},{"start":{"line":26,"column":13},"end":{"line":26,"column":13}}]},"7":{"line":29,"type":"if","locations":[{"start":{"line":29,"column":13},"end":{"line":29,"column":13}},{"start":{"line":29,"column":13},"end":{"line":29,"column":13}}]},"8":{"line":33,"type":"if","locations":[{"start":{"line":33,"column":4},"end":{"line":33,"column":4}},{"start":{"line":33,"column":4},"end":{"line":33,"column":4}}]},"9":{"line":44,"type":"if","locations":[{"start":{"line":44,"column":4},"end":{"line":44,"column":4}},{"start":{"line":44,"column":4},"end":{"line":44,"column":4}}]},"10":{"line":47,"type":"if","locations":[{"start":{"line":47,"column":4},"end":{"line":47,"column":4}},{"start":{"line":47,"column":4},"end":{"line":47,"column":4}}]}}},"/Users/carlolsen/Dev/screeps/proto-room-position.js":{"path":"/Users/carlolsen/Dev/screeps/proto-room-position.js","s":{"1":1,"2":0,"3":0,"4":0,"5":0,"6":0,"7":0,"8":0,"9":0,"10":0,"11":0,"12":0,"13":0,"14":0,"15":0,"16":0,"17":0,"18":1,"19":0,"20":0,"21":0,"22":0,"23":0,"24":0,"25":0},"b":{"1":[0,0],"2":[0,0,0],"3":[0,0],"4":[0,0],"5":[0,0],"6":[0,0]},"f":{"1":0,"2":0,"3":0,"4":0},"fnMap":{"1":{"name":"(anonymous_1)","line":4,"loc":{"start":{"line":4,"column":45},"end":{"line":4,"column":59}}},"2":{"name":"(anonymous_2)","line":39,"loc":{"start":{"line":39,"column":48},"end":{"line":39,"column":58}}},"3":{"name":"(anonymous_3)","line":41,"loc":{"start":{"line":41,"column":29},"end":{"line":41,"column":45}}},"4":{"name":"(anonymous_4)","line":45,"loc":{"start":{"line":45,"column":37},"end":{"line":45,"column":49}}}},"statementMap":{"1":{"start":{"line":4,"column":0},"end":{"line":37,"column":2}},"2":{"start":{"line":6,"column":4},"end":{"line":6,"column":41}},"3":{"start":{"line":7,"column":4},"end":{"line":7,"column":36}},"4":{"start":{"line":9,"column":4},"end":{"line":9,"column":23}},"5":{"start":{"line":10,"column":4},"end":{"line":10,"column":26}},"6":{"start":{"line":12,"column":4},"end":{"line":27,"column":5}},"7":{"start":{"line":13,"column":8},"end":{"line":13,"column":28}},"8":{"start":{"line":15,"column":8},"end":{"line":15,"column":44}},"9":{"start":{"line":17,"column":8},"end":{"line":26,"column":9}},"10":{"start":{"line":21,"column":12},"end":{"line":25,"column":13}},"11":{"start":{"line":22,"column":16},"end":{"line":22,"column":37}},"12":{"start":{"line":24,"column":16},"end":{"line":24,"column":40}},"13":{"start":{"line":29,"column":4},"end":{"line":31,"column":5}},"14":{"start":{"line":30,"column":8},"end":{"line":30,"column":43}},"15":{"start":{"line":33,"column":4},"end":{"line":35,"column":5}},"16":{"start":{"line":34,"column":8},"end":{"line":34,"column":46}},"17":{"start":{"line":36,"column":4},"end":{"line":36,"column":17}},"18":{"start":{"line":39,"column":0},"end":{"line":50,"column":2}},"19":{"start":{"line":40,"column":4},"end":{"line":40,"column":41}},"20":{"start":{"line":41,"column":4},"end":{"line":43,"column":7}},"21":{"start":{"line":42,"column":8},"end":{"line":42,"column":51}},"22":{"start":{"line":45,"column":4},"end":{"line":47,"column":7}},"23":{"start":{"line":46,"column":8},"end":{"line":46,"column":78}},"24":{"start":{"line":48,"column":4},"end":{"line":48,"column":44}},"25":{"start":{"line":49,"column":4},"end":{"line":49,"column":37}}},"branchMap":{"1":{"line":17,"type":"if","locations":[{"start":{"line":17,"column":8},"end":{"line":17,"column":8}},{"start":{"line":17,"column":8},"end":{"line":17,"column":8}}]},"2":{"line":18,"type":"binary-expr","locations":[{"start":{"line":18,"column":13},"end":{"line":18,"column":30}},{"start":{"line":18,"column":34},"end":{"line":18,"column":43}},{"start":{"line":19,"column":12},"end":{"line":19,"column":36}}]},"3":{"line":21,"type":"if","locations":[{"start":{"line":21,"column":12},"end":{"line":21,"column":12}},{"start":{"line":21,"column":12},"end":{"line":21,"column":12}}]},"4":{"line":29,"type":"if","locations":[{"start":{"line":29,"column":4},"end":{"line":29,"column":4}},{"start":{"line":29,"column":4},"end":{"line":29,"column":4}}]},"5":{"line":33,"type":"if","locations":[{"start":{"line":33,"column":4},"end":{"line":33,"column":4}},{"start":{"line":33,"column":4},"end":{"line":33,"column":4}}]},"6":{"line":46,"type":"binary-expr","locations":[{"start":{"line":46,"column":15},"end":{"line":46,"column":46}},{"start":{"line":46,"column":50},"end":{"line":46,"column":77}}]}}}}